
         ==============================
         S N O P T  7.2-12.3 (Aug 2014)
         ==============================
      Scale option               1
      Iterations limit         1000000
      Major optimality tolerance  1.00000000E-05
      Major feasibility tolerance  1.00000000E-06
      Derivative level               3
      Derivative level               0
1
 
 SNMEMB EXIT 100 -- finished successfully
 SNMEMB INFO 104 -- memory requirements estimated

         ==============================
         S N O P T  7.2-12.3 (Aug 2014)
         ==============================
      Scale option               1
      Iterations limit         1000000
      Major optimality tolerance  1.00000000E-05
      Major feasibility tolerance  1.00000000E-06
      Derivative level               3
      Derivative level               0
1
 
 Parameters
 ==========

 Files
 -----
 Solution file..........         0       Old basis file ........         0       Standard input.........         5
 Insert file............         0       New basis file ........         0       (Printer)..............        18
 Punch file.............         0       Backup basis file......         0       (Specs file)...........         0
 Load file..............         0       Dump file..............         0       Standard output........         6

 Frequencies
 -----------
 Print frequency........       100       Check frequency........        60       Save new basis map.....       100
 Summary frequency......       100       Factorization frequency        50       Expand frequency.......     10000

 QP subproblems
 --------------
 QPsolver Cholesky......
 Scale tolerance........     0.900       Minor feasibility tol..  1.00E-06       Iteration limit........   1000000
 Scale option...........         0       Minor optimality  tol..  1.00E-06       Minor print level......         1
 Crash tolerance........     0.100       Pivot tolerance........  3.25E-11       Partial price..........         1
 Crash option...........         3       Elastic weight.........  1.00E+04       Prtl price section ( A)        50
                                         New superbasics........        99       Prtl price section (-I)       400

 The SQP Method
 --------------
 Minimize...............                 Cold start.............                 Proximal Point method..         1
 Nonlinear objectiv vars        50       Major optimality tol...  1.00E-05       Function precision.....  3.00E-13
 Unbounded step size....  1.00E+20       Superbasics limit......        50       Difference interval....  5.48E-07
 Unbounded objective....  1.00E+15       Reduced Hessian dim....        50       Central difference int.  6.70E-05
 Major step limit.......  2.00E+00       Nonderiv.  linesearch..                 Derivative level.......         0
 Major iterations limit.      1200       Linesearch tolerance...   0.90000       Verify level...........         0
 Minor iterations limit.       500       Penalty parameter......  0.00E+00       Major Print Level......         1

 Hessian Approximation
 ---------------------
 Full-Memory Hessian....                 Hessian updates........  99999999       Hessian frequency......  99999999
                                                                                 Hessian flush..........  99999999

 Nonlinear constraints
 ---------------------
 Nonlinear constraints..       400       Major feasibility tol..  1.00E-06       Violation limit........  1.00E+06
 Nonlinear Jacobian vars        50

 Miscellaneous
 -------------
 LU factor tolerance....      3.99       LU singularity tol.....  3.25E-11       Timing level...........         3
 LU update tolerance....      3.99       LU swap tolerance......  1.22E-04       Debug level............         0
 LU partial  pivoting...                 eps (machine precision)  2.22E-16       System information.....        No
                                                                                 Sticky parameters......        No
1
 

 

 Matrix statistics
 -----------------
               Total      Normal        Free       Fixed     Bounded
 Rows            400         400           0           0           0
 Columns          50           0          50           0           0

 No. of matrix elements                20000     Density     100.000
 Biggest  constant element        0.0000E+00  (excluding fixed columns,
 Smallest constant element        0.0000E+00   free rows, and RHS)

 No. of objective coefficients             0

 Nonlinear constraints     400     Linear constraints       0
 Nonlinear variables        50     Linear variables         0
 Jacobian  variables        50     Objective variables     50
 Total constraints         400     Total variables         50
1
 

 
 The user has defined       0   out of   20000   constraint gradients.
 The user has defined       0   out of      50   objective  gradients.
1
 

    Itn       QPmult  QPstep   nInf   SumInf   rgNorm  Elastic QPobj   +SBS   -SBS    -BS    Pivot     L+U ncp    nS  condHz
    100     -1.5E+07 2.6E-03     78  1.8E+05           1.1194035E+11    105    105    255 -5.6E-01    1828
    200     -5.2E+06 1.9E-03     93  1.5E+05           9.5373132E+10    213    213    208  6.9E-01    1844
 

   Itns Major Minors    Step   nCon Feasible  Optimal  MeritFunction     L+U BSwap     nS  condHz Penalty
    285     0    285              1  1.3E-01  1.0E+00  1.0214121E+11    2271            1 9.6E+01         _  r i
    316     1     31 1.2E-04      2  1.3E-01  1.0E+00  1.0213961E+11    2058            3 6.1E+00         _n rli
    317     2      1 1.4E-04      4  1.3E-01  1.0E+00  1.0213831E+11    1758            3 6.1E+00         _n rli
    362     3     45 1.0E+00      6  9.4E-02  1.0E+00  9.1244691E+10    2341                              _n r i
    396     4     34 1.0E+00      8  9.1E-02  4.8E-01  8.9743122E+10    1910            1 3.2E+04         _sm  i
    438     5     42 1.0E+00     10  8.9E-02  8.1E-01  8.9662888E+10    1966     1      1 8.2E+03 2.5E+03 _ m  i
    456     6     18 1.0E+00     12  8.9E-02  5.6E-01  8.9553028E+10    1870            2 7.6E+00 5.7E+02 _ m  i
    509     7     53 1.0E+00     14  8.9E-02  8.9E-01  8.9542961E+10    2048            1 7.9E+04 4.6E+02 _ m  i
    528     7     72             14  8.9E-02  4.0E-01  8.9542963E+10    4230            1 7.9E+04 4.2E+01 _ m  i c
    547     7     91             14  8.9E-02  3.7E-01  8.9542958E+10    4388     1                        _ mr i c
    550     7     94             14  8.9E-02  3.7E-01  8.9542958E+10    4198                              _ mr i c
1
 
 SNOPTC EXIT  40 -- terminated after numerical difficulties
 SNOPTC INFO  41 -- current point cannot be improved

 Problem name                 CaseStud
 No. of iterations                 550   Objective value     -6.1822329471E+05
 No. of infeasibilities             73   Sum of infeas        1.4630095355E+05
 Elastic weight                6.1E+05   Scaled Merit         1.4634595897E+05
 No. of major iterations             7   Linear objective     0.0000000000E+00
 Penalty parameter           0.000E+00   Nonlinear objective -6.1822329471E+05
 No. of calls to funobj            884   No. of calls to funcon            884
 Calls with modes 1,2 (known g)     14   Calls with modes 1,2 (known g)     14
 Calls for forward differencing    700   Calls for forward differencing    700
 Calls for central differencing    100   Calls for central differencing    100
 No. of degenerate steps            31   Percentage                       5.64
 Max x                       7 9.0E+03   Max pi                    142 6.1E+05
 Max Primal infeas         132 4.2E+03   Max Dual infeas            57 6.1E+05
 Nonlinear constraint violn    4.2E+03
1
 
 Name           CaseStud                 Infeasibilities     73      1.4630E+05

 Status         Optimal Soln             Iteration    550    Superbasics     0

 Objective      -------- (Min)
 RHS            --------
 Ranges         --------
 Bounds         --------

 Section 1 - Rows

  Number  ...Row.. State  ...Activity...  Slack Activity  ..Lower Limit.  ..Upper Limit.  .Dual Activity    ..i
 
      51  r      1 I  BS     -2493.70787     -2493.70787          .                None     611858.08285      1
      52  r      2 I  BS     -2508.15382     -2508.15382          .                None     611858.08285      2
      53  r      3    LL         0.00000         0.00000          .                None     315361.93796      3
      54  r      4 I  BS      -746.67005      -746.67005          .                None     611858.08285      4
      55  r      5 I  BS     -2084.29967     -2084.29967          .                None     611858.08285      5
      56  r      6 I  BS     -3431.41141     -3431.41141          .                None     611858.08285      6
      57  r      7 N  BS         0.00000         0.00000          .                None     611858.08285      7
      58  r      8 D  BS        -0.00000        -0.00000          .                None           .           8
      59  r      9 I  BS     -2084.29967     -2084.29967          .                None     611858.08285      9
      60  r     10 I  BS     -3431.41141     -3431.41141          .                None     611858.08285     10
      61  r     11    LL         0.00000         0.00000          .                None     429196.78548     11
      62  r     12 I  BS        -0.00000        -0.00000          .                None           .          12
      63  r     13 I  BS     -2905.88403     -2905.88403          .                None     611858.08285     13
      64  r     14 I  BS     -2239.22014     -2239.22014          .                None     611858.08285     14
      65  r     15    BS       348.31224       348.31224          .                None           .          15
      66  r     16 I  BS      -719.79869      -719.79869          .                None     611858.08285     16
      67  r     17 I  BS     -3070.37078     -3070.37078          .                None     611858.08285     17
      68  r     18 I  BS     -1847.91220     -1847.91220          .                None     611858.08285     18
      69  r     19    BS       337.56947       337.56947          .                None           .          19
      70  r     20 I  BS     -1043.79969     -1043.79969          .                None     611858.08285     20
      71  r     21 I  BS     -2479.37669     -2479.37669          .                None     611858.08285     21
      72  r     22 I  BS     -3190.86125     -3190.86125          .                None     611858.08285     22
      73  r     23    BS       342.94607       342.94607          .                None           .          23
      74  r     24    BS        46.06132        46.06132          .                None           .          24
      75  r     25 I  BS     -1305.79521     -1305.79521          .                None     611858.08285     25
      76  r     26 I  BS     -3982.42444     -3982.42444          .                None     611858.08285     26
      77  r     27 I  BS      -635.17509      -635.17509          .                None     611858.08285     27
      78  r     28 D  BS          .               .               .                None           .          28
      79  r     29 I  BS     -2676.03143     -2676.03143          .                None     611858.08285     29
      80  r     30 I  BS     -2096.99544     -2096.99544          .                None     611858.08285     30
      81  r     31    LL         0.00000         0.00000          .                None     513764.38152     31
      82  r     32 I  BS     -1079.18792     -1079.18792          .                None     611858.08285     32
      83  r     33 I  BS     -3616.40464     -3616.40464          .                None     611858.08285     33
      84  r     34 I  BS     -2347.01196     -2347.01196          .                None     611858.08285     34
      85  r     35    BS      1250.03126      1250.03126          .                None           .          35
      86  r     36    LL          .               .               .                None     384330.69224     36
      87  r     37 I  BS     -2258.43675     -2258.43675          .                None     611858.08285     37
      88  r     38 I  BS     -3038.71438     -3038.71438          .                None     611858.08285     38
      89  r     39    LL        -0.00000        -0.00000          .                None     276169.59758     39
      90  r     40 I  BS      -317.58755      -317.58755          .                None     611858.08285     40
      91  r     41 I  BS     -3300.22510     -3300.22510          .                None     611858.08285     41
      92  r     42 I  BS     -1990.13272     -1990.13272          .                None     611858.08285     42
      93  r     43    BS       685.88155       685.88155          .                None           .          43
      94  r     44 I  BS      -684.41395      -684.41395          .                None     611858.08285     44
      95  r     45 I  BS     -1863.35975     -1863.35975          .                None     611858.08285     45
      96  r     46 I  BS     -3279.26451     -3279.26451          .                None     611858.08285     46
      97  r     47 I  BS      -342.94606      -342.94606          .                None     611858.08285     47
      98  r     48 I  BS      -363.64888      -363.64888          .                None     611858.08285     48
      99  r     49 I  BS     -2113.72138     -2113.72138          .                None     611858.08285     49
     100  r     50 I  BS     -2811.13184     -2811.13184          .                None     611858.08285     50
     101  r     51 I  BS      -292.08409      -292.08409          .                None     611858.08285     51
     102  r     52 I  BS      -706.56032      -706.56032          .                None     611858.08285     52
     103  r     53 I  BS     -3135.74317     -3135.74317          .                None     611858.08285     53
     104  r     54 I  BS     -2381.44204     -2381.44204          .                None     611858.08285     54
     105  r     55    BS       696.63078       696.63078          .                None           .          55
     106  r     56 I  BS      -360.40730      -360.40730          .                None     611858.08285     56
     107  r     57 I  BS     -2858.35525     -2858.35525          .                None     611858.08285     57
     108  r     58 I  BS     -1685.83646     -1685.83646          .                None     611858.08285     58
     109  r     59    LL        -0.00000        -0.00000          .                None     351903.56345     59
     110  r     60 I  BS     -1411.70628     -1411.70628          .                None     611858.08285     60
     111  r     61 I  BS     -2305.23962     -2305.23962          .                None     611858.08285     61
     112  r     62 I  BS     -3583.55828     -3583.55828          .                None     611858.08285     62
     113  r     63    BS       342.94609       342.94609          .                None           .          63
     114  r     64    BS       363.64887       363.64887          .                None           .          64
     115  r     65 I  BS     -1910.16262     -1910.16262          .                None     611858.08285     65
     116  r     66 I  BS     -3824.10845     -3824.10845          .                None     611858.08285     66
     117  r     67 N  FR         0.00004         0.00004          .                None     467643.95800     67
     118  r     68    BS       317.58758       317.58758          .                None           .          68
     119  r     69 I  BS     -3629.36451     -3629.36451          .                None     611858.08285     69
     120  r     70 I  BS     -1992.96422     -1992.96422          .                None     611858.08285     70
     121  r     71    BS      1078.75473      1078.75473          .                None           .          71
     122  r     72 I  BS      -406.49392      -406.49392          .                None     611858.08285     72
     123  r     73 I  BS     -2363.76179     -2363.76179          .                None     611858.08285     73
     124  r     74 I  BS     -2934.74984     -2934.74984          .                None     611858.08285     74
     125  r     75    BS        70.42231        70.42231          .                None           .          75
     126  r     76 I  BS      -352.26068      -352.26068          .                None     611858.08285     76
     127  r     77 I  BS     -2741.40215     -2741.40215          .                None     611858.08285     77
     128  r     78 I  BS     -2630.52931     -2630.52931          .                None     611858.08285     78
     129  r     79    BS       359.06145       359.06145          .                None           .          79
     130  r     80 I  BS      -395.79217      -395.79217          .                None     611858.08285     80
     131  r     81 I  BS     -1736.02550     -1736.02550          .                None     611858.08285     81
     132  r     82 I  BS     -4216.80549     -4216.80549          .                None     611858.08285     82
     133  r     83    LL        -0.00000        -0.00000          .                None     470651.54879     83
     134  r     84    BS       635.17511       635.17511          .                None           .          84
     135  r     85 I  BS     -1474.09819     -1474.09819          .                None     611858.08285     85
     136  r     86 I  BS     -3554.78058     -3554.78058          .                None     611858.08285     86
     137  r     87 I  BS      -660.53967      -660.53967          .                None     611858.08285     87
     138  r     88 I  BS      -363.64541      -363.64541          .                None     611858.08285     88
     139  r     89 I  BS     -3235.18783     -3235.18783          .                None     611858.08285     89
     140  r     90 I  BS     -2646.77124     -2646.77124          .                None     611858.08285     90
     141  r     91    BS       954.78698       954.78698          .                None           .          91
     142  r     92    BS        35.28952        35.28952          .                None           .          92
     143  r     93 I  BS     -1695.04744     -1695.04744          .                None     611858.08285     93
     144  r     94 I  BS     -3706.91792     -3706.91792          .                None     611858.08285     94
     145  r     95 I  BS      -317.58754      -317.58754          .                None     611858.08285     95
     146  r     96 D  BS          .               .               .                None           .          96
     147  r     97 I  BS     -2840.82591     -2840.82591          .                None     611858.08285     97
     148  r     98 I  BS     -2895.95421     -2895.95421          .                None     611858.08285     98
     149  r     99    BS       617.24325       617.24325          .                None           .          99
     150  r    100    LL         0.00000         0.00000          .                None     161883.01400    100
     151  r    101    BS       535.02310       535.02310          .                None           .         101
     152  r    102    BS       535.02310       535.02310          .                None           .         102
     153  r    103    LL      -396.00000      -396.00000          .                None     469311.55483    103
     154  r    104 N  FR        19.16676        19.16676          .                None      42207.45980    104
     155  r    105    BS       812.24250       812.24250          .                None           .         105
     156  r    106    BS       812.24250       812.24250          .                None           .         106
     157  r    107    BS       311.62845       311.62845          .                None           .         107
     158  r    108    BS      1193.20937      1193.20937          .                None           .         108
     159  r    109    BS      1193.20937      1193.20937          .                None           .         109
     160  r    110    LL         0.14118         0.14118          .                None      47308.13288    110
     161  r    111    BS       413.28045       413.28045          .                None           .         111
     162  r    112    LL         0.00002         0.00002          .                None     332192.32804    112
     163  r    113 D  BS         0.00002         0.00002          .                None           .         113
     164  r    114    BS       562.96293       562.96293          .                None           .         114
     165  r    115    BS       958.95407       958.95407          .                None           .         115
     166  r    116    BS      1145.09970      1145.09970          .                None           .         116
     167  r    117    BS       396.00000       396.00000          .                None           .         117
     168  r    118    BS       396.00000       396.00000          .                None           .         118
     169  r    119    BS      1507.75404      1507.75404          .                None           .         119
     170  r    120    BS      1851.45499      1851.45499          .                None           .         120
     171  r    121    BS       790.20669       790.20669          .                None           .         121
     172  r    122 N  FR        18.61662        18.61662          .                None     112855.71624    122
     173  r    123    BS       949.63973       949.63973          .                None           .         123
     174  r    124    BS       949.63973       949.63973          .                None           .         124
     175  r    125    LL         0.13887         0.13887          .                None     286669.47868    125
     176  r    126    LL         0.14135         0.14135          .                None     183677.23103    126
     177  r    127    BS       801.78500       801.78500          .                None           .         127
     178  r    128    BS      1530.45651      1530.45651          .                None           .         128
     179  r    129    BS       854.03126       854.03126          .                None           .         129
     180  r    130    BS      1162.66433      1162.66433          .                None           .         130
     181  r    131    BS      1162.66433      1162.66433          .                None           .         131
     182  r    132    BS       533.58406       533.58406          .                None           .         132
     183  r    133    BS       708.23568       708.23568          .                None           .         133
     184  r    134    BS       770.26222       770.26222          .                None           .         134
     185  r    135    BS      1954.66433      1954.66433          .                None           .         135
     186  r    136    BS       920.98967       920.98967          .                None           .         136
     187  r    137    BS       139.02310       139.02310          .                None           .         137
     188  r    138 D  BS         0.00000         0.00000          .                None           .         138
     189  r    139    LL         0.00000         0.00000          .                None     310339.27670    139
     190  r    140    BS       440.87703       440.87703          .                None           .         140
     191  r    141    BS       809.18514       809.18514          .                None           .         141
     192  r    142 D  BS         0.00000         0.00000          .                None     611858.08285    142
     193  r    143    BS       680.46149       680.46149          .                None           .         143
     194  r    144    BS       553.63973       553.63973          .                None           .         144
     195  r    145    BS       963.72715       963.72715          .                None           .         145
     196  r    146    BS       415.24849       415.24849          .                None           .         146
     197  r    147    BS      1130.96677      1130.96677          .                None           .         147
     198  r    148    BS      1130.96677      1130.96677          .                None           .         148
     199  r    149 D  BS         0.14343         0.14343          .                None           .         149
     200  r    150    LL         0.13673         0.13673          .                None     336927.04397    150
     201  r    151    BS       819.63045       819.63045          .                None           .         151
     202  r    152    BS      1866.97149      1866.97149          .                None           .         152
     203  r    153    BS       290.13414       290.13414          .                None           .         153
     204  r    154    BS       315.28837       315.28837          .                None           .         154
     205  r    155    BS       790.57191       790.57191          .                None           .         155
     206  r    156    BS       413.28047       413.28047          .                None           .         156
     207  r    157    LL         0.00000         0.00000          .                None     384585.63335    157
     208  r    158 D  BS         0.00000         0.00000          .                None           .         158
     209  r    159    BS       786.12486       786.12486          .                None           .         159
     210  r    160    BS      1120.23648      1120.23648          .                None           .         160
     211  r    161    BS       289.89214       289.89214          .                None           .         161
     212  r    162    BS       335.95839       335.95839          .                None           .         162
     213  r    163    BS       801.78502       801.78502          .                None           .         163
     214  r    164    BS      1357.55092      1357.55092          .                None           .         164
     215  r    165    LL         0.00000         0.00000          .                None     523005.81733    165
     216  r    166    BS      1159.19741      1159.19741          .                None           .         166
     217  r    167    LL         0.11033         0.11033          .                None     203187.83533    167
     218  r    168    BS       328.90801       328.90801          .                None           .         168
     219  r    169    BS       328.90801       328.90801          .                None           .         169
     220  r    170    BS       412.47899       412.47899          .                None           .         170
     221  r    171    BS       693.79137       693.79137          .                None           .         171
     222  r    172    BS       391.34734       391.34734          .                None           .         172
     223  r    173    BS       791.20770       791.20770          .                None           .         173
     224  r    174    BS       346.08017       346.08017          .                None           .         174
     225  r    175    BS      1169.15975      1169.15975          .                None           .         175
     226  r    176    LL         0.04002         0.04002          .                None     364314.61073    176
     227  r    177    BS       807.13437       807.13437          .                None           .         177
     228  r    178    BS        72.23017        72.23017          .                None           .         178
     229  r    179    BS       301.62518       301.62518          .                None           .         179
     230  r    180    BS       796.81945       796.81945          .                None           .         180
     231  r    181    BS       796.81945       796.81945          .                None           .         181
     232  r    182    LL         0.14347         0.14347          .                None     202642.70072    182
     233  r    183    BS       290.13549       290.13549          .                None           .         183
     234  r    184    BS       451.57915       451.57915          .                None           .         184
     235  r    185    BS      1566.44714      1566.44714          .                None           .         185
     236  r    186    BS       396.28234       396.28234          .                None           .         186
     237  r    187    BS       158.64984       158.64984          .                None           .         187
     238  r    188    BS       505.53969       505.53969          .                None           .         188
     239  r    189    LL         0.14359         0.14359          .                None     286998.07622    189
     240  r    190    BS       897.83832       897.83832          .                None           .         190
     241  r    191    BS       638.63003       638.63003          .                None           .         191
     242  r    192    BS       433.23386       433.23386          .                None           .         192
     243  r    193    BS      1364.25696      1364.25696          .                None           .         193
     244  r    194    BS      1364.25696      1364.25696          .                None           .         194
     245  r    195    BS       300.63706       300.63706          .                None           .         195
     246  r    196    LL         0.14650         0.14650          .                None     289517.20323    196
     247  r    197    BS      1203.45577      1203.45577          .                None           .         197
     248  r    198    BS      1925.91681      1925.91681          .                None           .         198
     249  r    199    BS        18.61723        18.61723          .                None           .         199
     250  r    200    BS      1104.05344      1104.05344          .                None           .         200
     251  r    201    BS       968.25696       968.25696          .                None           .         201
     252  r    202    BS       395.99140       395.99140          .                None           .         202
     253  r    203    BS      1203.45579      1203.45579          .                None           .         203
     254  r    204    BS       739.02325       739.02325          .                None           .         204
     255  r    205    BS       658.77798       658.77798          .                None           .         205
     256  r    206    BS       783.95980       783.95980          .                None           .         206
     257  r    207 N  FR         0.00001         0.00001          .                None     104542.88888    207
     258  r    208    LL         0.00001         0.00001          .                None     400028.16077    208
     259  r    209    BS       958.95854       958.95854          .                None           .         209
     260  r    210    BS      1354.95165      1354.95165          .                None           .         210
     261  r    211    LL        -0.00000        -0.00000          .                None     119009.72248    211
     262  r    212    BS       620.06938       620.06938          .                None           .         212
     263  r    213    BS      1185.27656      1185.27656          .                None           .         213
     264  r    214    BS      1052.29558      1052.29558          .                None           .         214
     265  r    215    BS       289.89212       289.89212          .                None           .         215
     266  r    216    BS      1203.45241      1203.45241          .                None           .         216
     267  r    217    BS       396.00001       396.00001          .                None           .         217
     268  r    218    BS       674.22230       674.22230          .                None           .         218
     269  r    219    BS       822.70868       822.70868          .                None           .         219
     270  r    220    BS      1592.05993      1592.05993          .                None           .         220
     271  r    221    BS       931.02312       931.02312          .                None           .         221
     272  r    222 N  FR         0.00002         0.00002          .                None     610990.83448    222
     273  r    223    LL         0.00002         0.00002          .                None      54756.98255    223
     274  r    224    BS      1195.53031      1195.53031          .                None           .         224
     275  r    225    BS      1581.96199      1581.96199          .                None           .         225
     276  r    226    BS       289.89214       289.89214          .                None           .         226
     277  r    227    BS       243.83647       243.83647          .                None           .         227
     278  r    228    BS      1345.63975      1345.63975          .                None           .         228
     279  r    229    BS      1427.08612      1427.08612          .                None           .         229
     280  r    230    BS       396.00002       396.00002          .                None           .         230
     281  r    231    BS      1493.16229      1493.16229          .                None           .         231
     282  r    232    BS       289.89216       289.89216          .                None           .         232
     283  r    233    BS       702.98481       702.98481          .                None           .         233
     284  r    234    BS      1135.82723      1135.82723          .                None           .         234
     285  r    235    BS      1760.25698      1760.25698          .                None           .         235
     286  r    236    LL         0.00001         0.00001          .                None      38905.22323    236
     287  r    237    BS       747.49970       747.49970          .                None           .         237
     288  r    238    BS      1301.26175      1301.26175          .                None           .         238
     289  r    239    BS      1301.26175      1301.26175          .                None           .         239
     290  r    240    BS       350.37440       350.37440          .                None           .         240
     291  r    241    BS       383.88010       383.88010          .                None           .         241
     292  r    242    BS       937.68294       937.68294          .                None           .         242
     293  r    243    BS      2077.49553      2077.49553          .                None           .         243
     294  r    244    BS       683.33219       683.33219          .                None           .         244
     295  r    245    LL        20.16598        20.16598          .                None     190688.71615    245
     296  r    246    BS      1018.11660      1018.11660          .                None           .         246
     297  r    247    LL         0.55575         0.55575          .                None     184960.38154    247
     298  r    248    BS      1409.13960      1409.13960          .                None           .         248
     299  r    249    BS      1119.80040      1119.80040          .                None           .         249
     300  r    250    BS       116.87168       116.87168          .                None           .         250
     301  r    251    BS       772.81942       772.81942          .                None           .         251
     302  r    252    BS      1282.24249      1282.24249          .                None           .         252
     303  r    253    BS      1622.73751      1622.73751          .                None           .         253
     304  r    254    BS        48.94533        48.94533          .                None           .         254
     305  r    255    BS       100.70361       100.70361          .                None           .         255
     306  r    256    BS       100.70361       100.70361          .                None           .         256
     307  r    257    BS       324.96892       324.96892          .                None           .         257
     308  r    258    BS       698.36503       698.36503          .                None           .         258
     309  r    259 D  BS         4.65033         4.65033          .                None           .         259
     310  r    260    BS       799.26797       799.26797          .                None           .         260
     311  r    261    BS       460.85249       460.85249          .                None           .         261
     312  r    262    BS       862.77679       862.77679          .                None           .         262
     313  r    263 I  BS      -277.19292      -277.19292          .                None     611858.08285    263
     314  r    264    BS       671.78656       671.78656          .                None           .         264
     315  r    265    BS       111.07485       111.07485          .                None           .         265
     316  r    266    LL         5.14462         5.14462          .                None      89263.70602    266
     317  r    267    BS       390.92947       390.92947          .                None           .         267
     318  r    268    BS       874.52409       874.52409          .                None           .         268
     319  r    269    BS       345.57672       345.57672          .                None           .         269
     320  r    270    BS       494.47507       494.47507          .                None           .         270
     321  r    271    BS       902.81688       902.81688          .                None           .         271
     322  r    272    LL         1.30323         1.30323          .                None     359163.53400    272
     323  r    273    BS       445.40987       445.40987          .                None           .         273
     324  r    274    BS       445.40987       445.40987          .                None           .         274
     325  r    275    LL         0.14344         0.14344          .                None     216846.04613    275
     326  r    276    BS       396.28461       396.28461          .                None           .         276
     327  r    277    BS       167.18096       167.18096          .                None           .         277
     328  r    278    BS      1188.72973      1188.72973          .                None           .         278
     329  r    279    BS       290.13904       290.13904          .                None           .         279
     330  r    280    BS       511.06202       511.06202          .                None           .         280
     331  r    281    BS       115.97059       115.97059          .                None           .         281
     332  r    282    BS       290.14058       290.14058          .                None           .         282
     333  r    283    BS       503.84868       503.84868          .                None           .         283
     334  r    284    BS       262.40335       262.40335          .                None           .         284
     335  r    285    LL         0.14336         0.14336          .                None     289742.93425    285
     336  r    286    BS       665.85630       665.85630          .                None           .         286
     337  r    287    BS       563.08574       563.08574          .                None           .         287
     338  r    288    BS       815.38734       815.38734          .                None           .         288
     339  r    289    BS       509.41990       509.41990          .                None           .         289
     340  r    290    LL        -1.26487        -1.26487          .                None     454683.94242    290
     341  r    291    BS      1327.02313      1327.02313          .                None           .         291
     342  r    292    BS       396.00003       396.00003          .                None           .         292
     343  r    293    BS       396.00003       396.00003          .                None           .         293
     344  r    294    BS      1583.82817      1583.82817          .                None           .         294
     345  r    295    BS      1973.11648      1973.11648          .                None           .         295
     346  r    296    BS       651.71757       651.71757          .                None           .         296
     347  r    297    BS       314.73859       314.73859          .                None           .         297
     348  r    298    BS      1741.63976      1741.63976          .                None           .         298
     349  r    299    BS      1732.72819      1732.72819          .                None           .         299
     350  r    300    BS       792.00003       792.00003          .                None           .         300
     351  r    301    BS      1866.71362      1866.71362          .                None           .         301
     352  r    302    BS       651.71754       651.71754          .                None           .         302
     353  r    303    BS      1088.47821      1088.47821          .                None           .         303
     354  r    304    BS      1497.09356      1497.09356          .                None           .         304
     355  r    305    BS      2156.25699      2156.25699          .                None           .         305
     356  r    306    BS       289.89218       289.89218          .                None           .         306
     357  r    307    LL         0.00001         0.00001          .                None     351821.05895    307
     358  r    308    BS      1966.95090      1966.95090          .                None           .         308
     359  r    309    BS       889.61629       889.61629          .                None           .         309
     360  r    310    BS      1197.91971      1197.91971          .                None           .         310
     361  r    311    BS       777.19846       777.19846          .                None           .         311
     362  r    312    BS       265.66393       265.66393          .                None           .         312
     363  r    313    BS       265.66393       265.66393          .                None           .         313
     364  r    314    BS      1168.29210      1168.29210          .                None           .         314
     365  r    315    BS      1482.58711      1482.58711          .                None           .         315
     366  r    316    BS       634.99078       634.99078          .                None           .         316
     367  r    317 N  FR        39.27711        39.27711          .                None     225733.36718    317
     368  r    318    BS      1137.72360      1137.72360          .                None           .         318
     369  r    319    BS      1746.52602      1746.52602          .                None           .         319
     370  r    320    BS       394.66480       394.66480          .                None           .         320
     371  r    321    BS      1548.40962      1548.40962          .                None           .         321
     372  r    322    LL         0.01014         0.01014          .                None     348292.52381    322
     373  r    323    BS       396.83294       396.83294          .                None           .         323
     374  r    324    BS      1293.84750      1293.84750          .                None           .         324
     375  r    325    BS      1520.25615      1520.25615          .                None           .         325
     376  r    326    BS       620.07397       620.07397          .                None           .         326
     377  r    327    BS       355.05229       355.05229          .                None           .         327
     378  r    328    BS      1805.05832      1805.05832          .                None           .         328
     379  r    329    BS       507.02887       507.02887          .                None           .         329
     380  r    330    BS       899.68340       899.68340          .                None           .         330
     381  r    331    BS       605.99394       605.99394          .                None           .         331
     382  r    332    BS       594.58077       594.58077          .                None           .         332
     383  r    333    BS       768.77444       768.77444          .                None           .         333
     384  r    334    BS       768.77444       768.77444          .                None           .         334
     385  r    335    BS       383.56356       383.56356          .                None           .         335
     386  r    336    BS       683.62854       683.62854          .                None           .         336
     387  r    337    BS       375.00293       375.00293          .                None           .         337
     388  r    338    BS      1560.55801      1560.55801          .                None           .         338
     389  r    339    BS       775.31311       775.31311          .                None           .         339
     390  r    340    LL         0.00015         0.00015          .                None     209100.27005    340
     391  r    341    BS       596.54084       596.54084          .                None           .         341
     392  r    342    BS       351.17792       351.17792          .                None           .         342
     393  r    343    BS       983.93017       983.93017          .                None           .         343
     394  r    344    BS       850.87651       850.87651          .                None           .         344
     395  r    345    LL         0.62860         0.62860          .                None     504954.02483    345
     396  r    346    BS      1055.38340      1055.38340          .                None           .         346
     397  r    347    BS       663.63374       663.63374          .                None           .         347
     398  r    348    BS      1032.94844      1032.94844          .                None           .         348
     399  r    349    BS       259.03155       259.03155          .                None           .         349
     400  r    350    BS       505.60214       505.60214          .                None           .         350
     401  r    351    BS       207.06593       207.06593          .                None           .         351
     402  r    352    BS      1347.76602      1347.76602          .                None           .         352
     403  r    353    BS      1366.75117      1366.75117          .                None           .         353
     404  r    354    BS       813.99180       813.99180          .                None           .         354
     405  r    355 D  BS         0.00000         0.00000          .                None          0.00000    355
     406  r    356    LL        -0.00000        -0.00000          .                None     603414.48456    356
     407  r    357    BS      1148.42504      1148.42504          .                None           .         357
     408  r    358    BS      1509.65059      1509.65059          .                None           .         358
     409  r    359    BS       394.65490       394.65490          .                None           .         359
     410  r    360    LL        -0.00000        -0.00000          .                None     199309.30646    360
     411  r    361    BS      1217.74548      1217.74548          .                None           .         361
     412  r    362    BS      1558.66433      1558.66433          .                None           .         362
     413  r    363    BS       311.79706       311.79706          .                None           .         363
     414  r    364    BS      1493.31674      1493.31674          .                None           .         364
     415  r    365    BS        39.28558        39.28558          .                None           .         365
     416  r    366    BS       504.36708       504.36708          .                None           .         366
     417  r    367    BS      1178.86270      1178.86270          .                None           .         367
     418  r    368    BS      1625.90136      1625.90136          .                None           .         368
     419  r    369    BS       265.65739       265.65739          .                None           .         369
     420  r    370    LL       -40.63067       -40.63067          .                None      41074.17340    370
     421  r    371    BS      1687.89606      1687.89606          .                None           .         371
     422  r    372    BS       429.15090       429.15090          .                None           .         372
     423  r    373    BS       809.34370       809.34370          .                None           .         373
     424  r    374    BS       243.83646       243.83646          .                None           .         374
     425  r    375    LL         0.00083         0.00083          .                None     250440.83997    375
     426  r    376    BS      1164.63877      1164.63877          .                None           .         376
     427  r    377    BS       380.59528       380.59528          .                None           .         377
     428  r    378    BS       373.64079       373.64079          .                None           .         378
     429  r    379    BS       373.64079       373.64079          .                None           .         379
     430  r    380    BS       351.28012       351.28012          .                None           .         380
     431  r    381    BS       732.41422       732.41422          .                None           .         381
     432  r    382    LL       -16.86287       -16.86287          .                None     479495.70152    382
     433  r    383    BS      1165.64079      1165.64079          .                None           .         383
     434  r    384    BS       683.72851       683.72851          .                None           .         384
     435  r    385    BS       393.02354       393.02354          .                None           .         385
     436  r    386    BS       224.52525       224.52525          .                None           .         386
     437  r    387    BS       511.11981       511.11981          .                None           .         387
     438  r    388    BS       599.22337       599.22337          .                None           .         388
     439  r    389    BS       535.86869       535.86869          .                None           .         389
     440  r    390    BS       118.68103       118.68103          .                None           .         390
     441  r    391    BS      1043.56331      1043.56331          .                None           .         391
     442  r    392    BS       316.64037       316.64037          .                None           .         392
     443  r    393    BS       659.11814       659.11814          .                None           .         393
     444  r    394    BS       571.73739       571.73739          .                None           .         394
     445  r    395    BS       151.75351       151.75351          .                None           .         395
     446  r    396    LL         0.72106         0.72106          .                None     479936.59714    396
     447  r    397    BS       999.64814       999.64814          .                None           .         397
     448  r    398    BS       975.50422       975.50422          .                None           .         398
     449  r    399    LL         0.17380         0.17380          .                None     342535.31306    399
     450  r    400    BS       769.64079       769.64079          .                None           .         400
1
 
 Section 2 - Columns

  Number  .Column. State  ...Activity...  .Obj Gradient.  ..Lower Limit.  ..Upper Limit.  Reduced Gradnt    m+j
 
       1  x      1    BS      7609.11995          .                None            None       1298.68518    401
       2  x      2    BS      8165.25649          .                None            None      -8459.88110    402
       3  x      3    BS      8165.25649          .                None            None      -8463.51435    403
       4  x      4    BS      7194.82371          .                None            None       -742.36203    404
       5  x      5    BS      6966.89569          .                None            None         41.17633    405
       6  x      6    BS      7771.94443          .                None            None      -8446.75997    406
       7  x      7    BS      8957.25649          .                None            None      -8415.13083    407
       8  x      8    BS      7361.45321          .                None            None        172.41900    408
       9  x      9    BS      6606.59216          .                None            None      -8351.98691    409
      10  x     10    BS      7928.71019          .                None            None      -8352.72417    410
      11  x     11    BS      6800.26378          .                None            None       -832.18897    411
      12  x     12    BS      8322.02222          .                None            None      -8455.36522    412
      13  x     13    BS      8003.19431          .                None            None       2433.40184    413
      14  x     14    BS      7028.18796          .                None            None      -1641.38033    414
      15  x     15    BS      7113.78611          .                None            None       -877.96825    415
      16  x     16    BS      8008.49072          .                None            None      -8449.73805    416
      17  x     17    BS      8401.80276          .                None            None      -8434.95198    417
      18  x     18    BS      6517.39116          .                None            None      -2939.10304    418
      19  x     19    BS      7815.07527          .                None            None       -575.51906    419
      20  x     20    BS      7422.74781          .                None            None      -1528.39350    420
      21  x     21    BS      8638.34910          .                None            None      -8447.62654    421
      22  x     22    BS      8718.03237          .                None            None      -8425.41547    422
      23  x     23    BS      7001.01676          .                None            None      -8250.58466    423
      24  x     24    BS      8561.25649          .                None            None      -8430.74331    424
      25  x     25    BS      7395.61570          .                None            None      -8154.47249    425
      26  x     26    BS      5325.92995          .                None            None       1730.71516    426
      27  x     27    BS      6072.60000          .                None            None     -11340.56862    427
      28  x     28    BS      6072.60000          .                None            None     -11334.44454    428
      29  x     29    BS      5352.80131          .                None            None       -182.23733    429
      30  x     30    BS      5028.80031          .                None            None       -808.28070    430
      31  x     31    BS      6118.66132          .                None            None     -11346.99523    431
      32  x     32    BS      6072.60000          .                None            None      -2097.72172    432
      33  x     33    BS      4993.41208          .                None            None        217.49940    433
      34  x     34    BS      6072.60000          .                None            None         20.82649    434
      35  x     35    BS      5755.01245          .                None            None     -11305.84389    435
      36  x     36    BS      5388.18605          .                None            None      -1189.70053    436
      37  x     37    BS      5708.95112          .                None            None     -11366.00678    437
      38  x     38    BS      5366.03968          .                None            None      -9291.82605    438
      39  x     39    BS      5712.19270          .                None            None       -575.69017    439
      40  x     40    BS      4660.89372          .                None            None      -1210.81548    440
      41  x     41    BS      6436.24887          .                None            None     -11345.63648    441
      42  x     42    BS      6390.18758          .                None            None     -11315.42700    442
      43  x     43    BS      5666.10608          .                None            None      -3253.34858    443
      44  x     44    BS      5720.33932          .                None            None     -10297.15814    444
      45  x     45    BS      5676.80783          .                None            None        399.06219    445
      46  x     46    BS      6707.77511          .                None            None     -11320.73281    446
      47  x     47    BS      5708.95459          .                None            None      -6809.49578    447
      48  x     48    BS      6107.88952          .                None            None       -938.90171    448
      49  x     49    BS      6072.60000          .                None            None      -6783.47954    449
      50  x     50    BS      6072.60000          .                None            None         44.20613    450
 
 Time for MPS input                             0.00 seconds
 Time for solving problem                     261.94 seconds
 Time for solution output                       0.00 seconds
 Time for constraint functions                277.87 seconds
 Time for objective function                    0.00 seconds
