\BOOKMARK [1][-]{section.1}{Introduction}{}% 1
\BOOKMARK [1][-]{section.2}{Methodology}{}% 2
\BOOKMARK [2][-]{subsection.2.1}{Common to Both Case Studies}{section.2}% 3
\BOOKMARK [3][-]{subsubsection.2.1.1}{Wind Turbine Specifications}{subsection.2.1}% 4
\BOOKMARK [3][-]{subsubsection.2.1.2}{Farm Geography}{subsection.2.1}% 5
\BOOKMARK [3][-]{subsubsection.2.1.3}{Wind Attributes}{subsection.2.1}% 6
\BOOKMARK [2][-]{subsection.2.2}{Case Study 1: Optimization Only}{section.2}% 7
\BOOKMARK [3][-]{subsubsection.2.2.1}{Wake Model}{subsection.2.2}% 8
\BOOKMARK [3][-]{subsubsection.2.2.2}{Farm Sizes}{subsection.2.2}% 9
\BOOKMARK [3][-]{subsubsection.2.2.3}{Supplied Code}{subsection.2.2}% 10
\BOOKMARK [2][-]{subsection.2.3}{Case Study 2: Combined Physics Model/Optimization Algorithm}{section.2}% 11
\BOOKMARK [3][-]{subsubsection.2.3.1}{Wake Model}{subsection.2.3}% 12
\BOOKMARK [3][-]{subsubsection.2.3.2}{Farm Attributes}{subsection.2.3}% 13
\BOOKMARK [1][-]{section.3}{Results}{}% 14
\BOOKMARK [2][-]{subsection.3.1}{Case Study 1: Optimization Only}{section.3}% 15
\BOOKMARK [3][-]{subsubsection.3.1.1}{Data}{subsection.3.1}% 16
\BOOKMARK [3][-]{subsubsection.3.1.2}{General Trends}{subsection.3.1}% 17
\BOOKMARK [3][-]{subsubsection.3.1.3}{Analysis of Best Results}{subsection.3.1}% 18
\BOOKMARK [3][-]{subsubsection.3.1.4}{Discussion}{subsection.3.1}% 19
\BOOKMARK [2][-]{subsection.3.2}{Case Study 2: Combined Physics Model/Optimization Algorithm}{section.3}% 20
\BOOKMARK [3][-]{subsubsection.3.2.1}{Data}{subsection.3.2}% 21
\BOOKMARK [3][-]{subsubsection.3.2.2}{General Trends}{subsection.3.2}% 22
\BOOKMARK [3][-]{subsubsection.3.2.3}{Analysis of Best Results}{subsection.3.2}% 23
\BOOKMARK [3][-]{subsubsection.3.2.4}{Discussion}{subsection.3.2}% 24
\BOOKMARK [1][-]{section.4}{Conclusion}{}% 25
