
         ==============================
         S N O P T  7.2-12.3 (Aug 2014)
         ==============================
      Scale option               1
      Iterations limit         1000000
      Major optimality tolerance  1.00000000E-05
      Major feasibility tolerance  1.00000000E-06
      Print file 18
      Summary file 19
      Derivative level               3
      Derivative level               0
1
 
 SNMEMB EXIT 100 -- finished successfully
 SNMEMB INFO 104 -- memory requirements estimated

         ==============================
         S N O P T  7.2-12.3 (Aug 2014)
         ==============================
      Scale option               1
      Iterations limit         1000000
      Major optimality tolerance  1.00000000E-05
      Major feasibility tolerance  1.00000000E-06
      Print file 18
      Summary file 19
      Derivative level               3
      Derivative level               0
1
 
 Parameters
 ==========

 Files
 -----
 Solution file..........         0       Old basis file ........         0       Standard input.........         5
 Insert file............         0       New basis file ........         0       (Printer)..............        18
 Punch file.............         0       Backup basis file......         0       (Specs file)...........         0
 Load file..............         0       Dump file..............         0       Standard output........         6

 Frequencies
 -----------
 Print frequency........       100       Check frequency........        60       Save new basis map.....       100
 Summary frequency......       100       Factorization frequency        50       Expand frequency.......     10000

 QP subproblems
 --------------
 QPsolver Cholesky......
 Scale tolerance........     0.900       Minor feasibility tol..  1.00E-06       Iteration limit........   1000000
 Scale option...........         0       Minor optimality  tol..  1.00E-06       Minor print level......         1
 Crash tolerance........     0.100       Pivot tolerance........  3.25E-11       Partial price..........         1
 Crash option...........         3       Elastic weight.........  1.00E+04       Prtl price section ( A)       162
                                         New superbasics........        99       Prtl price section (-I)      1091

 The SQP Method
 --------------
 Minimize...............                 Cold start.............                 Proximal Point method..         1
 Nonlinear objectiv vars       162       Major optimality tol...  1.00E-05       Function precision.....  3.00E-13
 Unbounded step size....  1.00E+20       Superbasics limit......       162       Difference interval....  5.48E-07
 Unbounded objective....  1.00E+15       Reduced Hessian dim....       162       Central difference int.  6.70E-05
 Major step limit.......  2.00E+00       Nonderiv.  linesearch..                 Derivative level.......         0
 Major iterations limit.      3273       Linesearch tolerance...   0.90000       Verify level...........         0
 Minor iterations limit.       500       Penalty parameter......  0.00E+00       Major Print Level......         1

 Hessian Approximation
 ---------------------
 Limited-Memory Hessian.                 Hessian updates........        10       Hessian frequency......  99999999
                                                                                 Hessian flush..........  99999999

 Nonlinear constraints
 ---------------------
 Nonlinear constraints..      1091       Major feasibility tol..  1.00E-06       Violation limit........  1.00E+06
 Nonlinear Jacobian vars       162

 Miscellaneous
 -------------
 LU factor tolerance....      3.99       LU singularity tol.....  3.25E-11       Timing level...........         3
 LU update tolerance....      3.99       LU swap tolerance......  1.22E-04       Debug level............         0
 LU partial  pivoting...                 eps (machine precision)  2.22E-16       System information.....        No
                                                                                 Sticky parameters......        No
1
 

 

 Matrix statistics
 -----------------
               Total      Normal        Free       Fixed     Bounded
 Rows           1091        1091           0           0           0
 Columns         162           0         162           0           0

 No. of matrix elements               176742     Density     100.000
 Biggest  constant element        0.0000E+00  (excluding fixed columns,
 Smallest constant element        0.0000E+00   free rows, and RHS)

 No. of objective coefficients             0

 Nonlinear constraints    1091     Linear constraints       0
 Nonlinear variables       162     Linear variables         0
 Jacobian  variables       162     Objective variables    162
 Total constraints        1091     Total variables        162
1
 

 
 The user has defined       0   out of  176742   constraint gradients.
 The user has defined       0   out of     162   objective  gradients.
1
 
 

   Itns Major Minors    Step   nCon Feasible  Optimal  MeritFunction     L+U BSwap     nS  condHz Penalty
     99     0     99              1 (0.0E+00) 1.8E+01 -2.7391296E+06    1091           99 1.0E+00         _  r  T
    163     1     64 1.1E-01      2 (0.0E+00) 1.8E+01 -2.7393260E+06    1091          162 1.0E+00         _n rl
    164     2      1 9.6E-02      4 (0.0E+00) 1.8E+01 -2.7395019E+06    1091          162 1.0E+00         _n rl
    223     3     59 1.8E+00      5 (8.3E-14) 9.9E-01 -2.7428259E+06    2327          104 1.0E+02         _s     c
    224     3     60 1.8E+00      5 (8.3E-14) 9.9E-01 -2.7428259E+06   22302          104 1.0E+02         _s     c
    277     4     53 1.0E+00      6  1.8E-03  7.0E-01 -2.8352443E+06   27882    17    125 1.2E+03         _      c
    321     5     44 1.0E+00      7 (1.8E-14) 9.8E-01 -2.8052464E+06   31732          123 8.8E+02 9.6E-02 _      c
    344     6     23 1.0E+00      8  1.3E-05  1.2E+00 -2.8122339E+06   21082    59    117 9.1E+01 9.6E-02 _      c
    373     7     29 1.0E+00      9  3.3E-03  3.8E+00 -2.8167036E+06   23362    20    110 8.3E+01 9.6E-02 _      c
    410     8     37 1.0E+00     10  1.2E-03  1.5E+00 -2.8303283E+06   28867          110 2.4E+03 9.6E-02 _      c
    442     9     32 4.4E-01     11  2.0E-02  1.3E+00 -2.8392863E+06   27253    42    109 2.3E+03 9.6E-02 _      c
    473    10     31 4.8E-01     12  3.1E-03  8.2E-01 -2.8587933E+06   29027          111 2.0E+03 9.6E-02 _      c
    506    11     33 3.9E-01     13  1.9E-03  7.9E-01 -2.8688143E+06   31305          118 3.8E+03 9.6E-02 _      c
    524    12     18 3.9E-01     14  1.2E-03  1.7E+00 -2.8764018E+06   21745    50    114 3.6E+02 9.6E-02 _      c
    537    13     13 4.2E-01     15  6.7E-04  9.9E-01 -2.8863532E+06   21913          119 3.1E+02 9.6E-02 _  R   c
    543    14      6 4.1E-01     16  4.0E-04  8.0E-01 -2.8969614E+06   21274          124 3.1E+02 9.6E-02 _s     c
    554    15     11 1.0E+00     17 (1.4E-15) 9.4E-01 -2.9028477E+06   22678          122 3.2E+02 9.6E-02 _      c
    557    16      3 1.0E+00     18 (2.6E-14) 1.1E+00 -2.9062313E+06   15724    28    122 7.9E+00 9.6E-02 _      c
    564    17      7 1.0E+00     19 (2.6E-14) 6.5E-01 -2.9109914E+06   17558          120 2.0E+02 9.6E-02 _      c
    572    18      8 1.0E+00     20 (2.6E-14) 1.1E+00 -2.9127507E+06   17637     8    120 1.0E+01 9.6E-02 _      c
    578    19      6 1.0E+00     21 (2.6E-14) 5.7E-01 -2.9162308E+06   18053          121 5.8E+01 9.6E-02 _      c

   Itns Major Minors    Step   nCon Feasible  Optimal  MeritFunction     L+U BSwap     nS  condHz Penalty
    580    20      2 1.0E+00     22  4.4E-06  6.4E-01 -2.9180007E+06   17923          120 4.6E+01 9.6E-02 _      c
    585    21      5 1.0E+00     23 (2.6E-14) 5.1E-01 -2.9193763E+06   17196          118 4.7E+01 9.6E-02 _      c
    590    22      5 1.0E+00     24  1.2E-05  5.0E-01 -2.9199572E+06   18238          118 4.3E+01 9.6E-02 _      c
    593    23      3 1.0E+00     25 (2.6E-14) 3.6E-01 -2.9209675E+06   18117          118 4.4E+01 9.6E-02 _      c
    596    24      3 4.3E-01     26 (2.6E-14) 3.5E-01 -2.9213196E+06   17826    17    116 2.9E+01 9.6E-02 _  R   c
    597    25      1 1.0E+00     27 (2.6E-14) 3.9E-01 -2.9214656E+06   17768          116 2.9E+01 9.6E-02 _s     c
    598    26      1 1.0E+00     28 (2.6E-14) 2.9E-01 -2.9218432E+06   18468          116 2.9E+01 9.6E-02 _      c
    599    27      1 4.9E-01     29  2.1E-06  2.8E-01 -2.9220915E+06   17787          116 2.9E+01 9.6E-02 _      c
    600    28      1 1.0E+00     30 (2.6E-14) 5.1E-01 -2.9221897E+06   17790          116 2.9E+01 9.6E-02 _      c
    603    29      3 1.0E+00     31 (2.6E-14) 3.9E-01 -2.9228219E+06   17273     9    115 8.2E+00 9.6E-02 _      c
    604    30      1 4.1E-01     32  6.1E-06  4.0E-01 -2.9233011E+06   17597          115 7.9E+00 9.6E-02 _      c
