
         ==============================
         S N O P T  7.2-12.3 (Aug 2014)
         ==============================
      Scale option               1
      Iterations limit         1000000
      Major optimality tolerance  1.00000000E-05
      Major feasibility tolerance  1.00000000E-06
      Print file 18
      Summary file 19
      Derivative level               3
      Derivative level               0
1
 
 SNMEMB EXIT 100 -- finished successfully
 SNMEMB INFO 104 -- memory requirements estimated

         ==============================
         S N O P T  7.2-12.3 (Aug 2014)
         ==============================
      Scale option               1
      Iterations limit         1000000
      Major optimality tolerance  1.00000000E-05
      Major feasibility tolerance  1.00000000E-06
      Print file 18
      Summary file 19
      Derivative level               3
      Derivative level               0
1
 
 Parameters
 ==========

 Files
 -----
 Solution file..........         0       Old basis file ........         0       Standard input.........         5
 Insert file............         0       New basis file ........         0       (Printer)..............        18
 Punch file.............         0       Backup basis file......         0       (Specs file)...........         0
 Load file..............         0       Dump file..............         0       Standard output........         6

 Frequencies
 -----------
 Print frequency........       100       Check frequency........        60       Save new basis map.....       100
 Summary frequency......       100       Factorization frequency        50       Expand frequency.......     10000

 QP subproblems
 --------------
 QPsolver Cholesky......
 Scale tolerance........     0.900       Minor feasibility tol..  1.00E-06       Iteration limit........   1000000
 Scale option...........         0       Minor optimality  tol..  1.00E-06       Minor print level......         1
 Crash tolerance........     0.100       Pivot tolerance........  3.25E-11       Partial price..........         1
 Crash option...........         3       Elastic weight.........  1.00E+04       Prtl price section ( A)       162
                                         New superbasics........        99       Prtl price section (-I)      1091

 The SQP Method
 --------------
 Minimize...............                 Cold start.............                 Proximal Point method..         1
 Nonlinear objectiv vars       162       Major optimality tol...  1.00E-05       Function precision.....  3.00E-13
 Unbounded step size....  1.00E+20       Superbasics limit......       162       Difference interval....  5.48E-07
 Unbounded objective....  1.00E+15       Reduced Hessian dim....       162       Central difference int.  6.70E-05
 Major step limit.......  2.00E+00       Nonderiv.  linesearch..                 Derivative level.......         0
 Major iterations limit.      3273       Linesearch tolerance...   0.90000       Verify level...........         0
 Minor iterations limit.       500       Penalty parameter......  0.00E+00       Major Print Level......         1

 Hessian Approximation
 ---------------------
 Limited-Memory Hessian.                 Hessian updates........        10       Hessian frequency......  99999999
                                                                                 Hessian flush..........  99999999

 Nonlinear constraints
 ---------------------
 Nonlinear constraints..      1091       Major feasibility tol..  1.00E-06       Violation limit........  1.00E+06
 Nonlinear Jacobian vars       162

 Miscellaneous
 -------------
 LU factor tolerance....      3.99       LU singularity tol.....  3.25E-11       Timing level...........         3
 LU update tolerance....      3.99       LU swap tolerance......  1.22E-04       Debug level............         0
 LU partial  pivoting...                 eps (machine precision)  2.22E-16       System information.....        No
                                                                                 Sticky parameters......        No
1
 

 

 Matrix statistics
 -----------------
               Total      Normal        Free       Fixed     Bounded
 Rows           1091        1091           0           0           0
 Columns         162           0         162           0           0

 No. of matrix elements               176742     Density     100.000
 Biggest  constant element        0.0000E+00  (excluding fixed columns,
 Smallest constant element        0.0000E+00   free rows, and RHS)

 No. of objective coefficients             0

 Nonlinear constraints    1091     Linear constraints       0
 Nonlinear variables       162     Linear variables         0
 Jacobian  variables       162     Objective variables    162
 Total constraints        1091     Total variables        162
1
 

 
 The user has defined       0   out of  176742   constraint gradients.
 The user has defined       0   out of     162   objective  gradients.
1
 
 

   Itns Major Minors    Step   nCon Feasible  Optimal  MeritFunction     L+U BSwap     nS  condHz Penalty
     99     0     99              1 (0.0E+00) 1.8E+01 -2.6969344E+06    1091           99 1.0E+00         _  r  T
    163     1     64 1.1E-01      2 (0.0E+00) 1.8E+01 -2.6971679E+06    1091          162 1.0E+00         _n rl
    164     2      1 9.8E-02      4 (0.0E+00) 1.8E+01 -2.6973809E+06    1091          162 1.0E+00         _n rl
    215     3     51 6.8E+00      5 (6.5E-14) 9.9E-01 -2.7118279E+06    2214          114 1.3E+01         _s     c
    216     3     52 6.8E+00      5 (6.5E-14) 9.9E-01 -2.7118279E+06   19034          114 1.3E+01         _s     c
    265     4     49 1.0E+00      6  1.2E-03  1.3E+00 -2.8136470E+06   23449    21    124 9.6E+01         _      c
    296     5     31 1.0E+00      7 (6.2E-14) 1.4E+00 -2.8114397E+06   25110          127 1.0E+02 1.1E-01 _      c
    311     6     15 1.0E+00      8  3.3E-05  1.2E+00 -2.8227341E+06   27691          124 8.0E+02 1.1E-01 _      c
    326     7     15 1.0E+00      9  7.9E-04  1.1E+00 -2.8332084E+06   16415    49    129 8.0E+00 1.1E-01 _      c
    333     8      7 1.0E+00     10 (4.7E-15) 8.9E-01 -2.8607284E+06   15891          128 3.5E+01 1.1E-01 _      c
    344     9     11 4.2E-01     11  7.1E-04  5.5E-01 -2.8710571E+06   14617    17    128 1.2E+02 1.1E-01 _      c
    349    10      5 4.2E-01     12  4.1E-04  1.0E+00 -2.8804350E+06   12841     9    132 4.8E+02 1.1E-01 _      c
    355    11      6 3.4E-01     13  2.4E-04  6.8E-01 -2.8866158E+06   13940          127 2.4E+03 1.1E-01 _      c
    357    12      2 3.8E-01     14  1.5E-04  5.6E-01 -2.8918113E+06   14056          126 2.4E+03 1.1E-01 _      c
    360    13      3 3.5E-01     15  9.8E-05  4.0E-01 -2.8957740E+06   14757          128 2.9E+03 1.1E-01 _  R   c
    364    14      4 4.1E-01     16  5.8E-05  4.4E-01 -2.9007054E+06   14883          131 2.9E+03 1.1E-01 _s     c
    365    15      1 1.0E+00     17 (1.0E-16) 3.2E-01 -2.9029873E+06   12383    13    131 5.7E+00 1.1E-01 _      c
    367    16      2 1.0E+00     18 (7.2E-16) 2.3E-01 -2.9046163E+06   11829          130 5.4E+01 1.1E-01 _      c
    369    17      2 4.7E-01     19 (4.9E-16) 3.0E-01 -2.9051519E+06   13144     2    129 5.7E+00 1.1E-01 _      c
    372    18      3 1.0E+00     20 (1.4E-15) 4.9E-01 -2.9067246E+06   13123          129 5.8E+00 1.1E-01 _      c
    375    19      3 1.0E+00     21 (1.4E-15) 4.9E-01 -2.9087100E+06   13305          131 1.2E+01 1.1E-01 _      c

   Itns Major Minors    Step   nCon Feasible  Optimal  MeritFunction     L+U BSwap     nS  condHz Penalty
    378    20      3 1.0E+00     22 (4.8E-16) 3.9E-01 -2.9113108E+06   13341          131 1.7E+02 1.1E-01 _      c
    380    21      2 1.0E+00     23 (3.2E-15) 4.2E-01 -2.9127183E+06   14064          132 1.6E+02 1.1E-01 _      c
    385    22      5 1.0E+00     24 (9.8E-16) 4.3E-01 -2.9138648E+06   14348          132 1.0E+01 1.1E-01 _      c
    387    23      2 1.0E+00     25 (7.7E-16) 3.8E-01 -2.9148765E+06   13410          133 1.0E+01 1.1E-01 _      c
    391    24      4 1.0E+00     26 (9.2E-10) 2.6E-01 -2.9157671E+06   13940          132 1.3E+01 1.1E-01 _  R   c
    394    25      3 1.0E+00     27 (4.6E-16) 2.9E-01 -2.9162088E+06   14233          132 1.3E+01 1.1E-01 _s     c
    398    26      4 1.0E+00     28 (9.0E-17) 2.0E-01 -2.9169293E+06   14556          133 1.3E+01 1.1E-01 _      c
    401    27      3 4.0E-01     29 (2.3E-16) 3.0E-01 -2.9172431E+06   12917    14    131 1.2E+01 1.1E-01 _      c
    402    28      1 1.0E+00     30 (7.2E-16) 2.6E-01 -2.9173732E+06   12081          131 1.2E+01 1.1E-01 _      c
    407    29      5 1.0E+00     31 (4.6E-16) 3.4E-01 -2.9181019E+06   12753          128 1.3E+01 1.1E-01 _      c
    411    30      4 1.0E+00     32 (6.3E-16) 3.6E-01 -2.9185520E+06   13922          128 2.1E+01 1.1E-01 _      c
    414    31      3 1.0E+00     33 (1.1E-15) 4.1E-01 -2.9197219E+06   14529          126 2.1E+01 1.1E-01 _      c
    417    32      3 1.0E+00     34 (1.1E-15) 4.4E-01 -2.9218777E+06   14757          126 2.7E+03 1.1E-01 _      c
    420    33      3 1.0E+00     35 (8.1E-16) 7.6E-01 -2.9224256E+06   14506     9    128 1.2E+01 1.1E-01 _      c
    425    34      5 1.0E+00     36 (9.6E-16) 2.5E-01 -2.9244567E+06   13728          127 1.0E+01 1.1E-01 _      c
    429    35      4 1.0E+00     37 (1.3E-15) 3.8E-01 -2.9264408E+06   14671          129 1.5E+01 1.1E-01 _  R   c
    431    36      2 1.0E+00     38 (7.4E-16) 2.7E-01 -2.9278408E+06   13776          128 1.7E+01 1.1E-01 _s     c
    434    37      3 1.0E+00     39 (7.8E-16) 1.9E-01 -2.9286510E+06   15514          126 8.7E+01 1.1E-01 _      c
    435    38      1 1.0E+00     40 (5.9E-16) 1.7E-01 -2.9290296E+06   14062    12    126 4.5E+00 1.1E-01 _      c
    437    39      2 1.0E+00     41 (3.9E-16) 2.6E-01 -2.9293477E+06   14022          127 4.6E+00 1.1E-01 _      c

   Itns Major Minors    Step   nCon Feasible  Optimal  MeritFunction     L+U BSwap     nS  condHz Penalty
    440    40      3 1.0E+00     42 (7.0E-16) 2.3E-01 -2.9295703E+06   14456          125 1.2E+01 1.1E-01 _      c
    443    41      3 1.0E+00     43 (1.7E-16) 3.1E-01 -2.9297705E+06   14766          127 2.5E+01 1.1E-01 _      c
    444    42      1 1.0E+00     44 (2.0E-16) 1.6E-01 -2.9300616E+06   14640          127 2.5E+01 1.1E-01 _      c
    445    43      1 1.0E+00     45 (9.1E-17) 2.4E-01 -2.9301162E+06   13785    10    127 5.2E+00 1.1E-01 _      c
    447    44      2 1.0E+00     46 (1.8E-16) 1.6E-01 -2.9302949E+06   12765          128 4.5E+02 1.1E-01 _      c
    449    45      2 1.0E+00     47 (2.4E-16) 2.3E-01 -2.9305311E+06   13353          127 5.4E+00 1.1E-01 _      c
    450    46      1 1.0E+00     48 (4.7E-16) 2.2E-01 -2.9311100E+06   13171          127 6.4E+00 1.1E-01 _  R   c
    451    47      1 1.0E+00     49 (5.5E-16) 1.9E-01 -2.9316224E+06   13996          127 6.8E+00 1.1E-01 _s     c
    452    48      1 1.0E+00     50 (4.1E-16) 1.9E-01 -2.9318100E+06   12921          127 6.9E+00 1.1E-01 _      c
    454    49      2 1.0E+00     51 (3.0E-16) 2.0E-01 -2.9320603E+06   13280          126 6.8E+00 1.1E-01 _      c
    456    50      2 4.7E-01     52 (2.5E-16) 1.4E-01 -2.9321413E+06   14145          127 7.7E+00 1.1E-01 _      c
    457    51      1 4.4E-01     53 (1.4E-16) 2.0E-01 -2.9322005E+06   13774          127 7.7E+00 1.1E-01 _      c
    458    52      1 1.0E+00     54 (6.6E-16) 1.9E-01 -2.9322095E+06   12544     5    127 5.7E+00 1.1E-01 _      c
    462    53      4 1.0E+00     55 (2.3E-16) 4.2E-01 -2.9328198E+06   13699          124 5.3E+00 1.1E-01 _      c
    467    54      5 1.0E+00     56 (8.0E-16) 3.3E-01 -2.9329580E+06   14535     7    125 2.6E+01 1.1E-01 _      c
    469    55      2 4.9E-01     57 (4.1E-16) 3.9E-01 -2.9335817E+06   14331          126 1.1E+01 1.1E-01 _      c
    471    56      2 5.0E-01     58 (2.2E-16) 1.9E-01 -2.9342763E+06   14731          125 1.1E+01 1.1E-01 _      c
    474    57      3 1.0E+00     59 (3.6E-16) 2.3E-01 -2.9345859E+06   13466     6    125 6.0E+00 1.1E-01 _  R   c
    475    58      1 1.0E+00     60 (2.7E-16) 2.7E-01 -2.9351259E+06   14423          125 6.1E+00 1.1E-01 _s     c
    478    59      3 1.0E+00     61 (5.6E-16) 2.4E-01 -2.9354500E+06   14939          123 1.9E+02 1.1E-01 _      c

   Itns Major Minors    Step   nCon Feasible  Optimal  MeritFunction     L+U BSwap     nS  condHz Penalty
    481    60      3 1.0E+00     62 (5.2E-16) 3.3E-01 -2.9358344E+06   15516     4    123 6.4E+01 1.1E-01 _      c
    484    61      3 1.0E+00     63 (3.0E-16) 2.5E-01 -2.9363664E+06   15256          125 7.7E+01 1.1E-01 _      c
    486    62      2 1.0E+00     64 (1.1E-16) 2.5E-01 -2.9369976E+06   15601          124 3.8E+01 1.1E-01 _      c
    490    63      4 1.0E+00     65 (4.8E-16) 2.2E-01 -2.9373308E+06   15761          127 2.9E+03 1.1E-01 _      c
    492    64      2 1.0E+00     66 (1.4E-16) 2.1E-01 -2.9375124E+06   14863          126 3.3E+03 1.1E-01 _      c
    493    65      1 1.0E+00     67 (2.2E-15) 1.6E-01 -2.9376239E+06   15471          126 3.0E+03 1.1E-01 _      c
    495    66      2 1.0E+00     68 (1.5E-16) 1.4E-01 -2.9378735E+06   16392          125 3.3E+03 1.1E-01 _      c
    496    67      1 4.6E-01     69 (1.7E-16) 1.6E-01 -2.9379644E+06   14194     8    125 1.1E+01 1.1E-01 _      c
    499    68      3 3.9E-01     70 (9.1E-17) 1.7E-01 -2.9380102E+06   13748          127 1.5E+02 1.1E-01 _  R   c
    501    69      2 4.5E-01     71 (1.1E-16) 1.7E-01 -2.9380612E+06   14432          126 1.5E+02 1.1E-01 _s     c
    502    70      1 1.0E+00     72 (1.4E-16) 1.2E-01 -2.9380978E+06   13369          126 1.5E+02 1.1E-01 _      c
    504    71      2 1.0E+00     73 (1.1E-16) 1.3E-01 -2.9381085E+06   14225          125 8.1E+00 1.1E-01 _      c
    506    72      2 1.0E+00     74 (3.5E-16) 1.9E-01 -2.9381353E+06   14419          124 8.1E+00 1.1E-01 _      c
    507    73      1 1.0E+00     75 (1.1E-16) 2.7E-01 -2.9381484E+06   13901          124 8.5E+00 1.1E-01 _      c
    508    74      1 1.0E+00     76 (2.5E-16) 1.8E-01 -2.9381742E+06   14637          124 8.0E+00 1.1E-01 _      c
    509    75      1 1.0E+00     77 (6.8E-17) 1.7E-01 -2.9381795E+06   14159          124 8.4E+00 1.1E-01 _      c
    511    76      2 1.0E+00     78 (2.6E-17) 1.4E-01 -2.9382123E+06   14239          125 1.5E+02 1.1E-01 _      c
    513    77      2 3.5E-01     79 (1.0E-16) 2.0E-01 -2.9382274E+06   14553     8    124 5.6E+01 1.1E-01 _      c
    514    78      1 4.7E-01     80 (3.8E-17) 1.8E-01 -2.9382387E+06   14943          124 5.7E+01 1.1E-01 _      c
    516    79      2 4.8E-01     81 (9.0E-17) 2.1E-01 -2.9382513E+06   15209          125 6.7E+02 1.1E-01 _  R   c

   Itns Major Minors    Step   nCon Feasible  Optimal  MeritFunction     L+U BSwap     nS  condHz Penalty
    517    80      1 4.9E-01     82 (5.5E-17) 1.5E-01 -2.9382704E+06   14901          125 6.7E+02 1.1E-01 _s     c
    518    81      1 1.0E+00     83 (2.4E-16) 2.7E-01 -2.9382731E+06   14591          125 6.7E+02 1.1E-01 _      c
    519    82      1 1.0E+00     84 (3.4E-17) 1.2E-01 -2.9382856E+06   15566          125 6.9E+02 1.1E-01 _      c
    520    83      1 4.5E-01     85 (2.3E-17) 1.3E-01 -2.9382908E+06   14839          125 7.0E+02 1.1E-01 _      c
    521    84      1 1.0E+00     86 (1.5E-16) 1.2E-01 -2.9382931E+06   15288          125 7.4E+02 1.1E-01 _      c
    522    85      1 1.0E+00     87 (4.8E-17) 1.2E-01 -2.9383040E+06   14969          125 7.1E+02 1.1E-01 _      c
    523    86      1 1.0E+00     88 (4.7E-17) 1.6E-01 -2.9383047E+06   14757          125 7.1E+02 1.1E-01 _      c
    524    87      1 1.0E+00     89 (6.3E-17) 2.4E-01 -2.9383110E+06   14829     5    125 8.6E+00 1.1E-01 _      c
    525    88      1 4.2E-01     90 (2.0E-16) 1.9E-01 -2.9383132E+06   14456          125 1.2E+01 1.1E-01 _      c
    526    89      1 1.8E-01     91 (3.1E-16) 1.5E-01 -2.9383143E+06   14425          125 7.2E+00 1.1E-01 _      c
    527    90      1 4.4E-01     92 (5.7E-17) 1.1E-01 -2.9383158E+06   13566          125 7.5E+00 1.1E-01 _  R   c
    528    91      1 1.0E+00     93 (1.3E-16) 1.0E-01 -2.9383184E+06   14686          125 7.7E+00 1.1E-01 _s     c
