
 ==============================
 S N O P T  7.2-12.3 (Aug 2014)
 ==============================
 
 SNMEMB EXIT 100 -- finished successfully
 SNMEMB INFO 104 -- memory requirements estimated

 ==============================
 S N O P T  7.2-12.3 (Aug 2014)
 ==============================
 
 

 Nonlinear constraints    1091     Linear constraints       0
 Nonlinear variables       162     Linear variables         0
 Jacobian  variables       162     Objective variables    162
 Total constraints        1091     Total variables        162
 

 
 The user has defined       0   out of  176742   constraint gradients.
 The user has defined       0   out of     162   objective  gradients.
 

        Minor   QPmult   nInf   SumInf   rgNorm    QPobjective    nS
          100  6.0E+00                  3.2E-12  7.2194144E+06    98

 Major Minors     Step   nCon Feasible  Optimal  MeritFunction    nS Penalty
     0    101               1  1.2E-02  7.8E-01 -2.7293654E+06    99           r  Tc

 Major Minors     Step   nCon Feasible  Optimal  MeritFunction    nS Penalty
     0    102               1  1.2E-02  7.8E-01 -2.7293654E+06    99           r   c
     1      1  4.6E-03      2  1.2E-02  7.8E-01  1.3235188E+07    99 2.9E+01 n rl  c

        Minor   QPmult   nInf   SumInf   rgNorm    QPobjective    nS
          100  5.0E+01                  9.6E-10 -3.1752853E+06     8
          200                           1.8E-10 -3.2831241E+06    13

 Major Minors     Step   nCon Feasible  Optimal  MeritFunction    nS Penalty
     2    257  4.6E-03      3  1.2E-02  9.7E-01  1.4637210E+07    32 3.2E+01 s  l  c

        Minor   QPmult   nInf   SumInf   rgNorm    QPobjective    nS
          100                           1.9E-14 -2.7780060E+06     4
          200                           2.4E-13 -2.9440075E+06    16

 Major Minors     Step   nCon Feasible  Optimal  MeritFunction    nS Penalty
     3    278  1.0E+00      4  5.1E-02  5.1E-01 -2.8651639E+06    44 7.0E+00       c

        Minor   QPmult   nInf   SumInf   rgNorm    QPobjective    nS
          100                           9.3E-15 -3.0284781E+06    13
          200 -4.0E-02                  4.8E-10 -3.0539777E+06    48

 Major Minors     Step   nCon Feasible  Optimal  MeritFunction    nS Penalty
     4    202  1.0E+00      5  5.0E-02  1.0E+00 -2.9772270E+06    48 7.0E+00       c

        Minor   QPmult   nInf   SumInf   rgNorm    QPobjective    nS
          100                           7.4E-15 -3.0581969E+06    16

 Major Minors     Step   nCon Feasible  Optimal  MeritFunction    nS Penalty
     5    186  1.0E+00      6  4.9E-03  2.0E+00 -3.0095208E+06    44 7.0E+00       c

        Minor   QPmult   nInf   SumInf   rgNorm    QPobjective    nS
          100                           1.9E+00 -3.1859019E+06    16

 Major Minors     Step   nCon Feasible  Optimal  MeritFunction    nS Penalty
     6    173  6.5E-02      7  4.6E-03  1.3E+00 -2.9702503E+06    36 7.0E+00       c

        Minor   QPmult   nInf   SumInf   rgNorm    QPobjective    nS
          100 -9.5E+00                  9.9E-10 -3.1110176E+06    12

 Major Minors     Step   nCon Feasible  Optimal  MeritFunction    nS Penalty
     7    199  2.6E-02      8  4.5E-03  1.1E+00 -2.9757713E+06    45 7.0E+00       c

        Minor   QPmult   nInf   SumInf   rgNorm    QPobjective    nS
          100                           1.4E-13 -3.1997221E+06    10
          200 -1.2E+00                  2.0E-08 -3.2497113E+06    27

 Major Minors     Step   nCon Feasible  Optimal  MeritFunction    nS Penalty
     8    216  2.0E-02      9  4.4E-03  5.8E-01 -2.9811281E+06    34 7.0E+00       c

        Minor   QPmult   nInf   SumInf   rgNorm    QPobjective    nS
          100 -8.7E+00                  3.8E-08 -3.1464602E+06    13

 Major Minors     Step   nCon Feasible  Optimal  MeritFunction    nS Penalty
     9    175  2.4E-02     10  4.3E-03  4.0E-01 -2.9919954E+06    39 7.0E+00       c

 Major Minors     Step   nCon Feasible  Optimal  MeritFunction    nS Penalty
    10     60  1.2E-02     12  4.2E-03  3.3E-01 -3.0023853E+06    32 7.0E+00  M    c
    11     34  3.6E-03     13  4.2E-03  9.2E+00 -3.0039001E+06    21 7.0E+00       c

        Minor   QPmult   nInf   SumInf   rgNorm    QPobjective    nS
          100                           3.4E-13 -2.7159705E+06    29
          200                           3.1E-13 -2.9313333E+06    68

 Major Minors     Step   nCon Feasible  Optimal  MeritFunction    nS Penalty
    12    253  5.4E-02     14  4.0E-03  9.8E+00 -3.0178157E+06    94 7.0E+00   R   c
    13     48  6.8E-02     15  3.7E-03  5.1E+00 -2.9627578E+06   119 7.0E+00 s     c
    14      8  4.1E-01     16  2.2E-03  9.4E+00 -2.8826515E+06   122 7.0E+00       c
    15      9  1.0E+00     17  4.0E-04  1.6E+01 -2.8557492E+06   120 7.0E+00       c
    16      9  1.0E+00     18  3.7E-04  2.8E+01 -2.8631485E+06   118 7.0E+00
    17     10  1.0E+00     19  2.7E-04  1.5E+00 -2.8637688E+06   121 7.0E+00       c
    17     12  1.0E+00     19  2.7E-04  2.5E+00 -2.8637688E+06   121 7.0E+00       c
    18      6  1.0E+00     20 (2.7E-07) 1.1E+00 -2.8716359E+06   122 7.0E+00       c
    19      5  1.0E+00     21  2.2E-06  1.3E+01 -2.8764434E+06   118 7.0E+00       c

 Major Minors     Step   nCon Feasible  Optimal  MeritFunction    nS Penalty
    20      3  1.0E+00     22  4.6E-05  1.8E+01 -2.8805208E+06   119 7.0E+00
    21      4  4.2E-01     23  1.8E-04  8.7E-01 -2.8837254E+06   119 7.0E+00       c
    21      6  4.2E-01     23  1.8E-04  2.9E+01 -2.8837254E+06   119 7.0E+00       c
    22      6  1.0E+00     24  4.5E-04  4.5E+00 -2.8850977E+06   118 7.0E+00       c
    23      6  1.0E+00     25 (2.9E-13) 9.6E-01 -2.8871409E+06   119 7.0E+00   R   c
    24      7  1.0E+00     26 (2.9E-13) 1.1E+00 -2.8887356E+06   119 7.0E+00 s     c
    25      7  1.0E+00     27 (2.9E-13) 7.5E-01 -2.8916521E+06   119 7.0E+00       c
    26      5  1.0E+00     28 (2.9E-13) 8.8E-01 -2.8930397E+06   118 7.0E+00       c
    27      7  1.0E+00     29 (2.9E-13) 7.4E-01 -2.8948057E+06   119 7.0E+00       c
    28      4  1.0E+00     30 (2.9E-13) 9.1E-01 -2.8955544E+06   119 7.0E+00       c
    29      4  1.0E+00     31 (6.5E-08) 1.8E+00 -2.8967811E+06   117 7.0E+00       c

 Major Minors     Step   nCon Feasible  Optimal  MeritFunction    nS Penalty
    30      5  1.0E+00     32 (8.5E-07) 4.0E+00 -2.8979775E+06   117 7.0E+00       c
    31      6  1.0E+00     33  3.6E-06  7.1E+00 -2.8992259E+06   115 7.0E+00       c
    32     10  1.0E+00     34  2.1E-05  1.3E+01 -2.9007865E+06   117 7.0E+00       c
    33      9  4.3E-01     35  6.5E-05  1.7E+01 -2.9015743E+06   116 7.0E+00
    34     10  1.0E+00     36  9.1E-05  9.0E-01 -2.9028264E+06   119 7.0E+00   R   c
    34     12  1.0E+00     36  9.1E-05  1.9E+01 -2.9028264E+06   119 7.0E+00   R   c
    35      8  1.0E+00     37  1.1E-04  1.0E+01 -2.9038430E+06   115 7.0E+00 s     c
    36      9  1.0E+00     38  1.8E-06  4.6E+00 -2.9049210E+06   116 7.0E+00       c
    37      4  1.0E+00     39  2.2E-04  2.6E+00 -2.9054556E+06   115 7.0E+00       c
    38      4  1.0E+00     40 (2.9E-13) 5.4E+00 -2.9070470E+06   116 7.0E+00       c
    39      4  1.0E+00     41  7.3E-05  6.0E-01 -2.9081490E+06   115 7.0E+00       c

 Major Minors     Step   nCon Feasible  Optimal  MeritFunction    nS Penalty
    40      7  1.0E+00     42  3.7E-06  1.1E+00 -2.9097197E+06   117 7.0E+00       c
    41      8  3.9E-01     43  2.3E-06  3.0E+00 -2.9143438E+06   118 7.0E+00       c
    42      9  3.0E-01     44  1.6E-06  2.1E+00 -2.9155573E+06   120 7.0E+00       c
    43      6  1.0E+00     45  1.0E-06  7.7E-01 -2.9179713E+06   119 7.0E+00       c
    44      1  1.0E+00     46 (4.8E-07) 2.2E+00 -2.9199161E+06   119 7.0E+00       c
    45      3  1.0E+00     47  2.0E-06  6.2E-01 -2.9218415E+06   119 7.0E+00   R   c
    46      5  1.0E+00     48 (4.0E-09) 6.4E-01 -2.9230886E+06   121 7.0E+00 s     c
    47      4  1.0E+00     49 (2.9E-13) 7.7E-01 -2.9238149E+06   120 7.0E+00       c
    48      4  1.0E+00     50 (3.3E-08) 7.3E-01 -2.9245061E+06   117 7.0E+00       c
    49      5  1.0E+00     51 (1.7E-07) 6.1E-01 -2.9250427E+06   117 7.0E+00       c

 Major Minors     Step   nCon Feasible  Optimal  MeritFunction    nS Penalty
    50      2  1.0E+00     52 (2.0E-08) 6.3E-01 -2.9256585E+06   118 7.0E+00       c
    51      2  1.0E+00     53  3.7E-04  9.7E-01 -2.9260770E+06   117 7.0E+00       c
    52      5  1.0E+00     54 (2.9E-13) 6.4E-01 -2.9265759E+06   119 7.0E+00       c
    53      4  1.0E+00     55  1.4E-04  5.7E-01 -2.9268143E+06   118 7.0E+00       c
    54      3  1.0E+00     56 (6.3E-08) 6.2E-01 -2.9272673E+06   118 7.0E+00       c
    55      3  1.0E+00     57 (3.9E-08) 6.3E-01 -2.9273829E+06   120 7.0E+00       c
    56      3  1.0E+00     58 (2.9E-13) 6.1E-01 -2.9278801E+06   118 7.0E+00   R   c
    57      3  1.0E+00     59  3.5E-06  6.1E-01 -2.9280103E+06   120 7.0E+00 s     c
    58      3  1.0E+00     60 (4.6E-07) 6.1E-01 -2.9282653E+06   122 7.0E+00       c
    59      1  4.0E-01     61  6.5E-06  6.1E-01 -2.9283903E+06   122 7.0E+00       c

 Major Minors     Step   nCon Feasible  Optimal  MeritFunction    nS Penalty
    60      2  3.9E-01     62  1.8E-05  6.1E-01 -2.9284141E+06   121 7.0E+00       c
    61      2  1.0E+00     63 (7.6E-09) 6.0E-01 -2.9286187E+06   120 7.0E+00       c
    62      2  1.0E+00     64  1.6E-05  1.1E+00 -2.9286542E+06   121 7.0E+00       c
    63      3  1.0E+00     65  7.6E-05  5.8E-01 -2.9288164E+06   121 7.0E+00       c
    64      2  1.0E+00     66 (2.9E-13) 5.5E-01 -2.9290859E+06   120 7.0E+00       c
    65      2  1.0E+00     67 (2.6E-08) 6.0E-01 -2.9291900E+06   121 7.0E+00       c
    66      3  1.0E+00     68 (7.3E-08) 5.7E-01 -2.9294384E+06   121 7.0E+00       c
    67      4  1.0E+00     69 (5.8E-08) 6.4E-01 -2.9294912E+06   122 7.0E+00   R   c
    68      3  1.0E+00     70 (2.9E-13) 6.1E-01 -2.9296224E+06   122 7.0E+00 s     c
    69      3  1.0E+00     71  3.1E-06  5.8E-01 -2.9297910E+06   120 7.0E+00       c

 Major Minors     Step   nCon Feasible  Optimal  MeritFunction    nS Penalty
    70      2  4.9E-01     72 (6.0E-08) 5.3E-01 -2.9298850E+06   121 7.0E+00       c
    71      1  4.0E-01     73  3.8E-06  5.4E-01 -2.9299186E+06   121 7.0E+00       c
    72      1  3.4E-01     74  1.9E-06  4.8E-01 -2.9299398E+06   121 7.0E+00       c
    73      2  4.5E-01     75 (5.4E-09) 4.8E-01 -2.9299790E+06   122 7.0E+00       c
    74      2  3.6E-01     76  2.9E-06  4.6E-01 -2.9300025E+06   121 7.0E+00       c
    75      3  1.0E+00     77 (1.4E-08) 5.0E-01 -2.9300083E+06   121 7.0E+00       c
    76      2  1.0E+00     78 (1.9E-07) 5.2E-01 -2.9300445E+06   120 7.0E+00       c
    77      3  1.0E+00     79  9.3E-06  1.3E+00 -2.9300493E+06   122 7.0E+00       c
    78      3  1.0E+00     80  2.2E-05  4.6E-01 -2.9301054E+06   122 7.0E+00   R   c
    79      3  1.0E+00     81 (2.9E-13) 4.9E-01 -2.9301757E+06   122 7.0E+00 s     c

 Major Minors     Step   nCon Feasible  Optimal  MeritFunction    nS Penalty
    80      1  1.0E+00     82 (2.9E-13) 4.9E-01 -2.9302138E+06   122 7.0E+00       c
    81      1  4.8E-01     83 (2.9E-13) 4.9E-01 -2.9302446E+06   122 7.0E+00       c
    82      1  4.4E-01     84  4.1E-06  4.8E-01 -2.9302580E+06   122 7.0E+00       c
    83      1  3.0E-01     85  3.5E-06  6.2E-01 -2.9302636E+06   122 7.0E+00       c
    84      1  1.0E+00     86 (7.7E-09) 5.1E-01 -2.9302757E+06   122 7.0E+00       c
    85      2  1.0E+00     87 (3.7E-09) 4.0E-01 -2.9303057E+06   121 7.0E+00       c
    86      3  4.6E-01     88 (2.9E-13) 4.4E-01 -2.9303198E+06   121 7.0E+00       c
    87      3  4.6E-01     89  3.0E-06  4.2E-01 -2.9303367E+06   121 7.0E+00       c
    88      1  3.3E-01     90  3.6E-06  6.8E-01 -2.9303387E+06   121 7.0E+00       c
    89      3  1.0E+00     91 (2.9E-13) 3.8E-01 -2.9303452E+06   121 7.0E+00   R   c

 Major Minors     Step   nCon Feasible  Optimal  MeritFunction    nS Penalty
    90      1  1.0E+00     92 (2.1E-08) 3.9E-01 -2.9303693E+06   121 7.0E+00 s     c
    91      3  1.0E+00     93  1.2E-06  4.1E-01 -2.9303822E+06   121 7.0E+00       c
    92      1  1.0E+00     94 (6.6E-07) 4.1E-01 -2.9303989E+06   121 7.0E+00       c
    93      1  4.7E-01     95 (3.5E-07) 4.1E-01 -2.9304095E+06   121 7.0E+00       c
    94      1  1.0E+00     96 (2.2E-09) 4.2E-01 -2.9304198E+06   121 7.0E+00       c
    95      1  1.0E+00     97 (2.1E-09) 3.8E-01 -2.9304383E+06   121 7.0E+00       c
    96      1  1.0E+00     98 (7.4E-07) 4.1E-01 -2.9304408E+06   121 7.0E+00       c
    97      1  1.0E+00     99 (5.3E-07) 4.1E-01 -2.9304640E+06   121 7.0E+00       c
    98      1  1.0E+00    100 (5.0E-10) 4.0E-01 -2.9304642E+06   121 7.0E+00       c
    99      1  1.0E+00    101 (2.9E-13) 3.8E-01 -2.9304959E+06   121 7.0E+00       c

 Major Minors     Step   nCon Feasible  Optimal  MeritFunction    nS Penalty
   100      3  1.0E+00    102 (2.9E-13) 4.4E-01 -2.9305274E+06   121 7.0E+00   R   c
   101      1  1.0E+00    103  2.5E-06  4.0E-01 -2.9305586E+06   121 7.0E+00 s     c
   102      3  1.0E+00    104 (2.9E-13) 3.7E-01 -2.9305736E+06   121 7.0E+00       c
   103      1  1.0E+00    105 (2.9E-13) 3.7E-01 -2.9305937E+06   121 7.0E+00       c
   104      1  1.0E+00    106 (2.9E-13) 3.7E-01 -2.9306071E+06   121 7.0E+00       c
   105      3  1.0E+00    107  1.1E-06  3.9E-01 -2.9306276E+06   121 7.0E+00       c
   106      3  1.0E+00    108  1.7E-06  4.0E-01 -2.9306333E+06   121 7.0E+00       c
   107      2  1.0E+00    109 (1.6E-10) 3.6E-01 -2.9306631E+06   122 7.0E+00       c
   108      1  1.0E+00    110 (5.6E-10) 4.4E-01 -2.9306726E+06   122 7.0E+00       c
   109      3  1.0E+00    111 (1.3E-07) 3.8E-01 -2.9307102E+06   122 7.0E+00       c

 Major Minors     Step   nCon Feasible  Optimal  MeritFunction    nS Penalty
   110      3  1.0E+00    112  2.8E-06  6.0E-01 -2.9307314E+06   122 7.0E+00       c
   111      1  1.0E+00    113 (2.9E-13) 6.7E-01 -2.9307944E+06   122 7.0E+00   R   c
   112      2  1.0E+00    114 (4.5E-09) 5.9E-01 -2.9308360E+06   121 7.0E+00 s     c
   113      1  1.0E+00    115 (9.8E-09) 5.6E-01 -2.9308482E+06   121 7.0E+00       c
   114      1  1.0E+00    116 (2.9E-13) 5.0E-01 -2.9308796E+06   121 7.0E+00       c
   115      1  1.0E+00    117 (1.3E-07) 6.2E-01 -2.9309042E+06   121 7.0E+00       c
   116      1  1.0E+00    118 (9.8E-07) 5.1E-01 -2.9309355E+06   121 7.0E+00       c
   117      1  1.0E+00    119 (2.9E-13) 6.0E-01 -2.9309707E+06   121 7.0E+00       c
   118      1  1.0E+00    120 (4.2E-08) 6.1E-01 -2.9310082E+06   121 7.0E+00       c
   119      2  1.0E+00    121 (2.9E-13) 4.6E-01 -2.9310828E+06   120 7.0E+00       c

 Major Minors     Step   nCon Feasible  Optimal  MeritFunction    nS Penalty
   120      3  1.0E+00    122 (2.9E-13) 4.2E-01 -2.9311663E+06   122 7.0E+00       c
   121      2  1.0E+00    123 (2.9E-13) 4.3E-01 -2.9312466E+06   121 7.0E+00       c
   122      1  1.0E+00    124 (7.2E-07) 4.3E-01 -2.9313444E+06   121 7.0E+00   R   c
   123      2  1.0E+00    125 (6.5E-07) 4.2E-01 -2.9313954E+06   122 7.0E+00 s     c
   124      3  1.0E+00    126 (2.2E-08) 4.3E-01 -2.9314702E+06   122 7.0E+00       c
   125      4  1.0E+00    127 (6.0E-07) 6.3E-01 -2.9315014E+06   121 7.0E+00       c
   126      1  1.0E+00    128 (5.6E-08) 6.3E-01 -2.9315655E+06   121 7.0E+00       c
   127      1  1.0E+00    129 (2.9E-13) 5.2E-01 -2.9315733E+06   121 7.0E+00       c
   128      1  1.0E+00    130  1.4E-06  5.0E-01 -2.9316373E+06   121 7.0E+00       c
   129      1  4.8E-01    131  1.8E-06  5.6E-01 -2.9316691E+06   121 7.0E+00       c

 Major Minors     Step   nCon Feasible  Optimal  MeritFunction    nS Penalty
   130      1  1.0E+00    132  1.5E-06  6.7E-01 -2.9316947E+06   121 7.0E+00       c
   131      1  1.0E+00    133 (2.9E-13) 6.2E-01 -2.9317405E+06   121 7.0E+00       c
   132      3  1.0E+00    134 (2.9E-13) 5.7E-01 -2.9317896E+06   121 7.0E+00       c
   133      3  1.0E+00    135  1.9E-06  5.5E-01 -2.9318138E+06   121 7.0E+00   R   c
   134      1  1.0E+00    136 (1.9E-09) 5.8E-01 -2.9318332E+06   121 7.0E+00 s     c
   135      1  1.0E+00    137 (2.4E-07) 5.8E-01 -2.9318423E+06   121 7.0E+00       c
   136      1  1.0E+00    138 (2.5E-07) 5.3E-01 -2.9318618E+06   121 7.0E+00       c
   137      1  1.0E+00    139 (1.7E-07) 5.2E-01 -2.9318672E+06   121 7.0E+00       c
   138      1  1.0E+00    140 (2.9E-13) 5.9E-01 -2.9318933E+06   121 7.0E+00       c
   139      1  1.0E+00    141 (1.7E-09) 5.2E-01 -2.9319000E+06   121 7.0E+00       c

 Major Minors     Step   nCon Feasible  Optimal  MeritFunction    nS Penalty
   140      1  1.0E+00    142  1.4E-06  5.8E-01 -2.9319340E+06   121 7.0E+00       c
   141      1  1.0E+00    143  1.7E-06  6.1E-01 -2.9319592E+06   121 7.0E+00       c
   142      1  1.0E+00    144 (2.9E-13) 6.8E-01 -2.9319906E+06   121 7.0E+00       c
   143      1  1.0E+00    145 (2.9E-13) 6.1E-01 -2.9320180E+06   121 7.0E+00       c
   144      1  1.0E+00    146 (2.9E-07) 6.4E-01 -2.9320520E+06   121 7.0E+00   R   c
   145      1  1.0E+00    147  2.1E-06  6.8E-01 -2.9320587E+06   121 7.0E+00 s     c
   146      1  1.0E+00    148 (8.7E-08) 6.7E-01 -2.9320698E+06   121 7.0E+00       c
   147      1  4.1E-01    149 (5.2E-09) 5.6E-01 -2.9320787E+06   121 7.0E+00       c
   148      1  1.0E+00    150 (6.5E-10) 5.5E-01 -2.9320829E+06   121 7.0E+00       c
   149      1  1.0E+00    151 (2.9E-13) 6.6E-01 -2.9320932E+06   121 7.0E+00       c

 Major Minors     Step   nCon Feasible  Optimal  MeritFunction    nS Penalty
   150      1  1.0E+00    152 (5.5E-07) 7.1E-01 -2.9321095E+06   121 7.0E+00       c
   151      1  1.0E+00    153 (6.9E-07) 6.8E-01 -2.9321143E+06   121 7.0E+00       c
   152      1  1.0E+00    154 (2.8E-07) 6.3E-01 -2.9321232E+06   121 7.0E+00       c
   153      1  1.0E+00    155 (2.9E-13) 6.4E-01 -2.9321293E+06   121 7.0E+00       c
   154      2  1.0E+00    156 (2.9E-13) 6.0E-01 -2.9321402E+06   122 7.0E+00       c
   155      1  1.0E+00    157 (3.7E-07) 5.8E-01 -2.9321533E+06   122 7.0E+00   R   c
   156      1  1.0E+00    158 (6.2E-07) 7.0E-01 -2.9321638E+06   122 7.0E+00 s     c
   157      1  1.0E+00    159 (3.0E-07) 7.3E-01 -2.9321690E+06   122 7.0E+00       c
   158      1  1.0E+00    160 (4.2E-09) 7.1E-01 -2.9321714E+06   122 7.0E+00       c
   159      1  1.0E+00    161 (4.2E-11) 6.5E-01 -2.9321805E+06   122 7.0E+00       c

 Major Minors     Step   nCon Feasible  Optimal  MeritFunction    nS Penalty
   160      1  1.0E+00    162 (2.9E-13) 6.4E-01 -2.9321841E+06   122 7.0E+00       c
   161      1  1.0E+00    163 (5.2E-10) 7.4E-01 -2.9321867E+06   122 7.0E+00       c
   162      1  1.0E+00    164 (4.9E-07) 7.2E-01 -2.9321963E+06   122 7.0E+00       c
   163      1  3.6E-01    165 (7.9E-07) 6.8E-01 -2.9321968E+06   122 7.0E+00       c
   164      1  1.0E+00    166 (1.9E-08) 6.4E-01 -2.9322040E+06   122 7.0E+00       c
   165      1  1.0E+00    167 (2.9E-13) 6.5E-01 -2.9322100E+06   122 7.0E+00       c
   166      1  1.0E+00    168 (2.4E-10) 6.7E-01 -2.9322247E+06   122 7.0E+00   R   c
   167      1  1.0E+00    169 (2.1E-07) 6.5E-01 -2.9322349E+06   122 7.0E+00 s     c
   168      1  1.0E+00    170 (3.3E-07) 7.2E-01 -2.9322374E+06   122 7.0E+00       c
   169      1  1.0E+00    171 (1.7E-09) 7.1E-01 -2.9322419E+06   122 7.0E+00       c

 Major Minors     Step   nCon Feasible  Optimal  MeritFunction    nS Penalty
   170      1  1.0E+00    172 (2.9E-09) 6.5E-01 -2.9322523E+06   122 7.0E+00       c
   171      1  1.0E+00    173 (3.7E-08) 6.5E-01 -2.9322613E+06   122 7.0E+00       c
   172      1  1.0E+00    174 (2.6E-07) 6.9E-01 -2.9322704E+06   122 7.0E+00       c
   173      1  1.0E+00    175 (1.9E-07) 7.0E-01 -2.9322774E+06   122 7.0E+00       c
   174      1  1.0E+00    176 (2.9E-13) 6.5E-01 -2.9322847E+06   122 7.0E+00       c
   175      1  1.0E+00    177 (2.9E-13) 6.7E-01 -2.9322927E+06   122 7.0E+00       c
   176      1  1.0E+00    178 (2.9E-13) 6.1E-01 -2.9322989E+06   122 7.0E+00       c
   177      1  1.0E+00    179 (2.0E-07) 6.6E-01 -2.9323139E+06   122 7.0E+00   R   c
   178      1  1.0E+00    180 (6.7E-09) 6.7E-01 -2.9323215E+06   122 7.0E+00 s     c
   179      1  1.0E+00    181 (5.2E-08) 6.8E-01 -2.9323295E+06   122 7.0E+00       c

 Major Minors     Step   nCon Feasible  Optimal  MeritFunction    nS Penalty
   180      1  1.0E+00    182 (1.5E-07) 7.2E-01 -2.9323368E+06   122 7.0E+00       c
   181      1  1.0E+00    183 (4.2E-09) 7.4E-01 -2.9323430E+06   122 7.0E+00       c
   182      1  1.0E+00    184 (7.3E-09) 7.0E-01 -2.9323495E+06   122 7.0E+00       c
   183      1  1.0E+00    185 (5.6E-09) 5.5E-01 -2.9323573E+06   122 7.0E+00       c
   184      2  1.0E+00    186 (1.1E-07) 6.8E-01 -2.9323711E+06   121 7.0E+00       c
   185      1  1.0E+00    187 (1.7E-07) 6.6E-01 -2.9323769E+06   121 7.0E+00       c
   186      2  1.0E+00    188 (2.9E-13) 5.9E-01 -2.9323866E+06   122 7.0E+00       c
   187      1  1.0E+00    189 (2.9E-13) 5.6E-01 -2.9324090E+06   122 7.0E+00       c
   188      1  1.0E+00    190 (2.9E-13) 5.4E-01 -2.9324192E+06   122 7.0E+00   R   c
   189      1  1.0E+00    191 (1.8E-07) 5.4E-01 -2.9324415E+06   122 7.0E+00 s     c

 Major Minors     Step   nCon Feasible  Optimal  MeritFunction    nS Penalty
   190      2  1.0E+00    192 (8.1E-08) 6.0E-01 -2.9324558E+06   121 7.0E+00       c
   191      1  1.0E+00    193 (1.9E-08) 5.9E-01 -2.9324658E+06   121 7.0E+00       c
   192      1  1.0E+00    194 (2.8E-09) 6.1E-01 -2.9324821E+06   121 7.0E+00       c
   193      1  1.0E+00    195 (2.9E-13) 5.4E-01 -2.9324945E+06   121 7.0E+00       c
   194      1  1.0E+00    196 (7.0E-08) 5.3E-01 -2.9325177E+06   121 7.0E+00       c
   195      1  1.0E+00    197 (3.3E-07) 5.3E-01 -2.9325274E+06   121 7.0E+00       c
   196      1  1.0E+00    198 (1.0E-08) 4.2E-01 -2.9325570E+06   121 7.0E+00       c
   197      1  1.0E+00    199 (4.0E-08) 5.2E-01 -2.9325943E+06   121 7.0E+00       c
   198      2  1.0E+00    200 (9.2E-07) 5.1E-01 -2.9326227E+06   122 7.0E+00       c
   199      2  1.0E+00    201  1.8E-06  3.6E-01 -2.9326494E+06   121 7.0E+00   R   c

 Major Minors     Step   nCon Feasible  Optimal  MeritFunction    nS Penalty
   200      1  1.0E+00    202 (4.0E-09) 4.3E-01 -2.9326714E+06   121 7.0E+00 s     c
   201      1  1.0E+00    203 (1.2E-08) 3.9E-01 -2.9326954E+06   121 7.0E+00       c
   202      1  1.0E+00    204 (5.2E-09) 4.5E-01 -2.9327228E+06   121 7.0E+00       c
   203      1  1.0E+00    205  2.4E-06  4.0E-01 -2.9327505E+06   121 7.0E+00       c
   204      1  1.0E+00    206  1.9E-06  6.7E-01 -2.9327773E+06   121 7.0E+00       c
   205      1  1.0E+00    207 (2.9E-13) 3.4E-01 -2.9328093E+06   121 7.0E+00       c
   206      1  1.0E+00    208 (6.2E-08) 2.8E-01 -2.9328361E+06   121 7.0E+00       c
   207      1  1.0E+00    209  2.1E-06  2.6E-01 -2.9328669E+06   121 7.0E+00       c
   208      1  1.0E+00    210 (7.0E-07) 4.8E-01 -2.9328857E+06   121 7.0E+00       c
   209      1  1.0E+00    211 (4.8E-10) 4.0E-01 -2.9329267E+06   121 7.0E+00       c

 Major Minors     Step   nCon Feasible  Optimal  MeritFunction    nS Penalty
   210      1  1.0E+00    212 (1.5E-09) 3.5E-01 -2.9329615E+06   121 7.0E+00   R   c
   211      1  1.0E+00    213 (2.7E-09) 3.4E-01 -2.9329853E+06   121 7.0E+00 s     c
   212      1  1.0E+00    214  5.2E-06  5.9E-01 -2.9329881E+06   121 7.0E+00       c
   213      1  1.0E+00    215 (6.6E-09) 6.5E-01 -2.9330091E+06   121 7.0E+00       c
   214      1  1.0E+00    216 (2.9E-13) 3.5E-01 -2.9330249E+06   121 7.0E+00       c
   215      1  1.0E+00    217 (2.9E-13) 3.6E-01 -2.9330421E+06   121 7.0E+00       c
   216      1  1.0E+00    218 (2.9E-13) 3.2E-01 -2.9330493E+06   121 7.0E+00       c
   217      1  1.0E+00    219  3.5E-06  2.7E-01 -2.9330589E+06   121 7.0E+00       c
   218      1  4.8E-01    220  2.6E-06  5.2E-01 -2.9330660E+06   121 7.0E+00       c
   219      2  1.0E+00    221 (7.8E-10) 3.3E-01 -2.9330840E+06   120 7.0E+00       c

 Major Minors     Step   nCon Feasible  Optimal  MeritFunction    nS Penalty
   220      1  1.0E+00    222 (2.9E-13) 3.4E-01 -2.9331005E+06   120 7.0E+00       c
   221      2  1.0E+00    223 (2.9E-13) 3.5E-01 -2.9331161E+06   121 7.0E+00   R   c
   222      1  1.0E+00    224  1.4E-06  2.1E-01 -2.9331343E+06   121 7.0E+00 s     c
   223      1  1.0E+00    225  1.5E-06  2.0E-01 -2.9331422E+06   121 7.0E+00       c
   224      1  1.0E+00    226 (9.2E-07) 4.4E-01 -2.9331459E+06   121 7.0E+00       c
   225      1  1.0E+00    227 (2.9E-13) 2.3E-01 -2.9331648E+06   121 7.0E+00       c
   226      1  1.0E+00    228 (2.9E-13) 3.5E-01 -2.9331665E+06   121 7.0E+00       c
   227      1  1.0E+00    229 (4.5E-07) 2.9E-01 -2.9331787E+06   121 7.0E+00       c
   228      1  4.5E-01    230  1.7E-06  2.8E-01 -2.9331834E+06   121 7.0E+00       c
   229      2  4.5E-01    231  1.8E-06  2.6E-01 -2.9331857E+06   120 7.0E+00       c

 Major Minors     Step   nCon Feasible  Optimal  MeritFunction    nS Penalty
   230      2  1.4E-01    232  1.7E-06  2.6E-01 -2.9331868E+06   121 7.0E+00       c
   231      3  1.0E-01    233  1.7E-06  2.7E-01 -2.9331868E+06   121 7.0E+00       c
   232      1  1.9E-01    234  1.4E-06  2.7E-01 -2.9331874E+06   121 7.0E+00   R   c
   233      1  1.0E+00    235 (2.9E-13) 2.8E-01 -2.9331935E+06   121 7.0E+00 s     c
   234      1  1.0E+00    236 (2.9E-13) 2.0E-01 -2.9331949E+06   121 7.0E+00       c
   235      1  4.0E-01    237 (2.8E-11) 1.7E-01 -2.9331953E+06   121 7.0E+00       c
   236      2  1.3E-01    238 (1.1E-10) 2.2E-01 -2.9331957E+06   120 7.0E+00       c
   236      3             238 (1.1E-10) 2.2E-01 -2.9331957E+06   120           r   c
   237      1  2.0E-02    239 (6.2E-08) 6.1E-01 -2.9331957E+06   120         s     c
   238      2  5.6E-02    240 (5.0E-07) 6.4E-01 -2.9331960E+06   121               c
   238      5             240 (5.0E-07) 4.1E-01 -2.9331960E+06   121           r   c
   239      1  1.0E+00    241  9.7E-06  2.5E+00 -2.9331982E+06   121         s     c

 Major Minors     Step   nCon Feasible  Optimal  MeritFunction    nS Penalty
   240      3  1.0E+00    242  2.0E-05  7.8E-01 -2.9332117E+06   121               c
   241      3  1.0E+00    243  6.9E-05  4.0E+00 -2.9332675E+06   121               c
 
 SNOPTC EXIT  40 -- terminated after numerical difficulties
 SNOPTC INFO  41 -- current point cannot be improved

 Problem name                 CaseStud
 No. of iterations                2709   Objective value     -2.9332673140E+06
 No. of major iterations           241   Linear objective     0.0000000000E+00
 Penalty parameter           1.197E+00   Nonlinear objective -2.9332673140E+06
 No. of calls to funobj          79970   No. of calls to funcon          79970
 Calls with modes 1,2 (known g)    243   Calls with modes 1,2 (known g)    243
 Calls for forward differencing    648   Calls for forward differencing    648
 Calls for central differencing  78732   Calls for central differencing  78732
 No. of superbasics                121   No. of basic nonlinears            42
 No. of degenerate steps            53   Percentage                       1.96
 Max x                     158 1.2E+04   Max pi                    259 2.0E+01
 Max Primal infeas           0 0.0E+00   Max Dual infeas            27 8.4E+01
 Nonlinear constraint violn    5.5E+00
 
 

 Solution printed on file  18
 
 Time for MPS input                             0.00 seconds
 Time for solving problem                    2838.56 seconds
 Time for solution output                       0.01 seconds
 Time for constraint functions               2833.27 seconds
 Time for objective function                    0.00 seconds
