
 ==============================
 S N O P T  7.2-12.3 (Aug 2014)
 ==============================
 
 SNMEMB EXIT 100 -- finished successfully
 SNMEMB INFO 104 -- memory requirements estimated

 ==============================
 S N O P T  7.2-12.3 (Aug 2014)
 ==============================
 
 

 Nonlinear constraints    1091     Linear constraints       0
 Nonlinear variables       162     Linear variables         0
 Jacobian  variables       162     Objective variables    162
 Total constraints        1091     Total variables        162
 

 
 The user has defined       0   out of  176742   constraint gradients.
 The user has defined       0   out of     162   objective  gradients.
 

        Minor   QPmult   nInf   SumInf   rgNorm    QPobjective    nS
          100  5.8E+00                  8.9E-16 -2.7344431E+06    99

 Major Minors     Step   nCon Feasible  Optimal  MeritFunction    nS Penalty
     0    100               1 (0.0E+00) 4.6E+00 -2.7335499E+06    99           r  T
     1     63  1.1E-01      2 (0.0E+00) 4.6E+00 -2.7337503E+06   161         n rl
     2      1  9.7E-02      4 (0.0E+00) 4.5E+00 -2.7339310E+06   161         n rl

        Minor   QPmult   nInf   SumInf   rgNorm    QPobjective    nS
          100 -3.8E+00                  3.6E+00 -3.1933894E+06    65

 Major Minors     Step   nCon Feasible  Optimal  MeritFunction    nS Penalty
     3    103  1.0E+00      5 (2.3E-15) 9.8E-01 -2.7358072E+06    65         s     c
     3    107  1.0E+00      5 (2.3E-15) 9.8E-01 -2.7358072E+06    66         s     c

        Minor   QPmult   nInf   SumInf   rgNorm    QPobjective    nS
          100                           1.8E-15 -2.9164415E+06    75

 Major Minors     Step   nCon Feasible  Optimal  MeritFunction    nS Penalty
     4    142  1.0E+00      6  4.7E-03  1.1E+00 -2.8842542E+06    95               c
     5     60  3.9E-01      7  2.9E-03  1.6E+00 -2.8763185E+06    91 2.6E-02       c
     6     83  3.6E-01      8  2.3E-03  9.2E-01 -2.8941027E+06    91 2.6E-02       c
     7     50  4.5E-02      9  2.2E-03  8.4E-01 -2.9030717E+06    64 2.6E-02       c
     8     41  6.6E-03     10  2.0E-03  8.5E-01 -2.9044221E+06    52 2.6E-02       c

        Minor   QPmult   nInf   SumInf   rgNorm  Elastic QPobj    nS
          100 -8.0E+01      2  9.4E+02  1.0E-07  1.0372630E+09    11
          200               2  9.4E+02  1.4E-10  1.0369183E+09    27

 Major Minors     Step   nCon Feasible  Optimal  MeritFunction    nS Penalty
     9    206  1.0E+00     11  5.0E-02  1.0E+00  7.5829541E+09    31 2.6E-02   r i c

        Minor   QPmult   nInf   SumInf   rgNorm  Elastic QPobj
          100              22  2.1E+04           2.9966112E+10
          200 -9.8E+05      1  5.0E+02  6.2E-06  1.8114543E+09     8
          300 -1.6E+04      1  4.0E+02  8.4E-07  6.3220614E+08    53

 Major Minors     Step   nCon Feasible  Optimal  MeritFunction    nS Penalty
    10    384  1.0E+00     13  7.5E-02  9.7E-01 -1.8947274E+08   100 2.6E-02 smr iTc
    11     33  1.0E+00     14  1.2E-02  2.0E-02  4.6621962E+08   120 5.6E+01 s   i c
    12     16  6.5E-01     16  4.2E-03  4.3E+01  2.8317088E+08   117 5.5E+01  m
    13     84  1.0E+00     17  5.0E-02  5.4E+00  3.4944358E+07   112 1.4E+01     i
    14     91  1.0E+00     19  2.0E-03  5.4E+00  4.3618568E+07   118 2.9E+01  M
    15     19  1.0E+00     21 (2.1E-13) 5.4E+00 -2.9407150E+06   130 1.5E+01  m
    16      8  5.1E-01     23 (1.0E-13) 5.4E+00 -2.8224068E+06   127 8.8E+01  m
    17     21  2.8E-01     25 (1.3E-13) 1.7E+00 -2.9433621E+06   132 4.6E+02  m
    17     24  1.6E-06     25 (1.3E-13) 1.5E+00 -2.9389081E+06   132 4.8E+02  m    c
    18      1  1.4E-07     27 (1.3E-13) 1.5E+00 -2.8794819E+06   132 1.9E+03 n     c
    19     10  1.8E-05     28 (1.3E-13) 1.4E+00 -2.8584285E+06   136 4.2E+03 n R   c

 Major Minors     Step   nCon Feasible  Optimal  MeritFunction    nS Penalty
    20     42  1.0E+00     29 (6.2E-07) 1.5E+00 -2.7543602E+06    97 1.2E+04 s     c
    21     60  5.8E-02     30 (5.9E-07) 9.7E-01 -2.7769432E+06   101 6.7E+02       c
    22     73  4.5E-02     31  5.6E-06  7.5E-01 -2.7930987E+06   106 3.1E+02       c
    23     46  3.5E-02     32  5.5E-06  8.4E-01 -2.8031692E+06   107 3.1E+02       c
    24     54  1.6E-02     33 (8.6E-16) 1.8E+00 -2.8082520E+06   118 3.1E+02       c
    25     37  7.2E-02     34 (1.1E-15) 3.0E+00 -2.8218195E+06   113 3.1E+02       c
    26     32  1.7E-02     35 (1.3E-15) 8.3E-01 -2.8246295E+06   106 3.1E+02       c
    27     49  6.5E-02     36 (7.3E-16) 9.6E-01 -2.8338082E+06   122 3.1E+02       c
    28     19  3.7E-02     37 (6.0E-16) 9.1E-01 -2.8369895E+06   105 3.1E+02       c
    29     14  6.7E-03     38 (5.2E-16) 8.6E-01 -2.8381960E+06   103 3.1E+02       c

 Major Minors     Step   nCon Feasible  Optimal  MeritFunction    nS Penalty
    30     41  3.2E-02     39 (5.5E-16) 8.1E-01 -2.8421309E+06   129 3.1E+02   R   c
    31      8  3.6E-01     40 (3.5E-16) 1.0E+00 -2.8458074E+06   134 3.1E+02 s     c
    32      7  1.0E+00     41 (6.7E-15) 9.7E-01 -2.8475314E+06   129 3.1E+02       c
    33      9  1.0E+00     42 (2.6E-15) 1.1E+00 -2.8544132E+06   122 3.1E+02       c
    34     15  3.9E-01     43 (2.4E-15) 1.8E+00 -2.8566457E+06   132 3.1E+02       c
    35      9  1.0E+00     44 (1.6E-15) 1.0E+00 -2.8609289E+06   128 3.1E+02       c
    36      6  1.0E+00     45 (1.4E-15) 1.6E+00 -2.8645997E+06   129 3.1E+02       c
    37     10  1.0E+00     46 (3.0E-12) 1.3E+00 -2.8687213E+06   128 3.1E+02       c
    38      6  1.0E+00     47 (5.8E-12) 1.1E+00 -2.8714309E+06   127 3.1E+02       c
    39     11  1.0E+00     48 (1.6E-12) 2.3E+00 -2.8761570E+06   127 3.1E+02       c

 Major Minors     Step   nCon Feasible  Optimal  MeritFunction    nS Penalty
    40     11  1.0E+00     49 (5.1E-12) 1.7E+00 -2.8793519E+06   125 3.1E+02       c
    41      7  1.0E+00     50 (1.1E-12) 1.9E+00 -2.8845142E+06   125 3.1E+02   R   c
    42      4  1.0E+00     51  4.6E-05  1.7E+00 -2.8864962E+06   126 3.1E+02 s     c
    43      4  1.0E+00     52 (1.5E-15) 2.0E+00 -2.8883306E+06   123 3.1E+02       c
    44      2  1.0E+00     53 (1.0E-15) 1.1E+00 -2.8889662E+06   124 3.1E+02       c
    45      2  1.0E+00     54 (1.1E-15) 1.8E+00 -2.8907611E+06   125 3.1E+02       c
    46      2  1.0E+00     55 (3.7E-16) 8.3E-01 -2.8913195E+06   124 3.1E+02       c
    47      2  1.0E+00     56 (1.8E-15) 1.3E+00 -2.8913526E+06   125 3.1E+02       c
    48      4  1.0E+00     57 (1.1E-15) 4.7E-01 -2.8920452E+06   126 3.1E+02       c
    49      2  1.0E+00     58 (2.3E-16) 1.1E+00 -2.8923920E+06   125 3.1E+02       c

 Major Minors     Step   nCon Feasible  Optimal  MeritFunction    nS Penalty
    50      1  1.0E+00     59 (3.4E-16) 6.0E-01 -2.8926862E+06   125 3.1E+02       c
    51      4  1.0E+00     60 (6.2E-16) 1.2E+00 -2.8928933E+06   124 3.1E+02       c
    52      2  1.0E+00     61  1.1E-06  9.1E-01 -2.8931405E+06   125 3.1E+02   R   c
    53      2  1.0E+00     62 (3.8E-16) 9.1E-01 -2.8931734E+06   124 3.1E+02 s     c
    54      1  1.0E+00     63 (1.6E-16) 7.3E-01 -2.8935396E+06   124 3.1E+02       c
    55      2  4.1E-01     64 (4.6E-17) 7.3E-01 -2.8936802E+06   125 3.1E+02       c
    56      1  1.0E+00     65 (6.6E-17) 7.9E-01 -2.8937089E+06   125 3.1E+02       c
    57      2  1.0E+00     66 (5.8E-16) 1.3E+00 -2.8937795E+06   124 3.1E+02       c
    58      2  4.9E-01     67 (5.8E-16) 9.6E-01 -2.8938412E+06   125 3.1E+02       c
    59      1  4.8E-01     68 (2.3E-16) 6.6E-01 -2.8939059E+06   125 3.1E+02       c

 Major Minors     Step   nCon Feasible  Optimal  MeritFunction    nS Penalty
    60      3  5.0E-01     69 (2.5E-16) 9.3E-01 -2.8939511E+06   127 3.1E+02       c
    61      3  1.0E+00     70 (3.9E-16) 1.1E+00 -2.8940327E+06   125 3.1E+02       c
    62      2  1.0E+00     71 (1.2E-15) 8.9E-01 -2.8942884E+06   124 3.1E+02       c
    63      2  1.0E+00     72 (8.5E-16) 1.3E+00 -2.8945833E+06   125 3.1E+02   R   c
    64      2  1.0E+00     73 (3.4E-16) 1.0E+00 -2.8954006E+06   126 3.1E+02 s     c
    65      5  4.3E-01     74 (1.5E-15) 1.2E+00 -2.8957086E+06   124 3.1E+02       c
    66      5  1.0E+00     75 (3.7E-16) 6.4E-01 -2.8958319E+06   124 3.1E+02       c
    67      2  1.0E+00     76 (2.1E-16) 8.7E-01 -2.8960968E+06   125 3.1E+02       c
    68      1  1.0E+00     77 (2.1E-16) 4.3E-01 -2.8962814E+06   125 3.1E+02       c
    69      1  1.0E+00     78 (1.0E-15) 4.6E-01 -2.8963755E+06   125 3.1E+02       c

 Major Minors     Step   nCon Feasible  Optimal  MeritFunction    nS Penalty
    70      3  1.0E+00     79 (8.6E-16) 4.6E-01 -2.8964764E+06   125 3.1E+02       c
    71      1  4.6E-01     80 (5.9E-16) 5.9E-01 -2.8965644E+06   125 3.1E+02       c
    72      1  4.1E-01     81 (4.5E-16) 8.2E-01 -2.8966456E+06   125 3.1E+02       c
    73      2  1.0E+00     82 (2.5E-16) 6.2E-01 -2.8966701E+06   124 3.1E+02       c
    74      3  1.0E+00     83 (4.4E-16) 7.0E-01 -2.8968076E+06   124 3.1E+02   R   c
    75      1  5.0E-01     84 (2.8E-16) 7.7E-01 -2.8969093E+06   124 3.1E+02 s     c
    76      4  1.0E+00     85 (3.0E-16) 6.6E-01 -2.8969542E+06   125 3.1E+02       c
    77      3  1.0E+00     86 (4.8E-16) 6.9E-01 -2.8969797E+06   125 3.1E+02       c
    78      3  1.0E+00     87 (5.7E-17) 6.1E-01 -2.8969903E+06   125 3.1E+02       c
    79      1  1.0E+00     88 (1.2E-16) 8.1E-01 -2.8970463E+06   125 3.1E+02       c

 Major Minors     Step   nCon Feasible  Optimal  MeritFunction    nS Penalty
    80      3  4.8E-01     89 (1.8E-16) 8.0E-01 -2.8970711E+06   125 3.1E+02       c
    81      1  4.8E-01     90 (5.0E-16) 7.0E-01 -2.8970918E+06   125 3.1E+02       c
    82      3  1.0E+00     91 (2.5E-16) 8.6E-01 -2.8971263E+06   125 3.1E+02       c
    83      1  1.0E+00     92 (3.0E-16) 1.1E+00 -2.8971876E+06   125 3.1E+02       c
    84      5  1.0E+00     93 (2.5E-16) 4.4E-01 -2.8972440E+06   123 3.1E+02       c
    85      4  1.0E+00     94 (1.1E-15) 3.0E-01 -2.8973416E+06   124 3.1E+02   R   c
    86      4  1.0E+00     95 (4.8E-16) 4.8E-01 -2.8974061E+06   125 3.1E+02 s     c
    87      3  1.0E+00     96 (7.0E-16) 6.1E-01 -2.8974464E+06   125 3.1E+02       c
    88      1  1.0E+00     97 (1.6E-16) 8.6E-01 -2.8974577E+06   125 3.1E+02       c
    89      1  1.0E+00     98 (1.7E-16) 1.3E+00 -2.8974978E+06   125 3.1E+02       c

 Major Minors     Step   nCon Feasible  Optimal  MeritFunction    nS Penalty
    90      1  1.0E+00     99 (3.0E-16) 7.0E-01 -2.8975066E+06   125 3.1E+02       c
    91      2  1.0E+00    100 (6.2E-16) 8.1E-01 -2.8975570E+06   124 3.1E+02       c
    92      3  1.0E+00    101 (1.3E-16) 5.1E-01 -2.8975815E+06   126 3.1E+02       c
    93      2  1.0E+00    102 (3.2E-16) 1.0E+00 -2.8976511E+06   125 3.1E+02       c
    94      1  1.0E+00    103 (1.1E-16) 6.4E-01 -2.8976950E+06   125 3.1E+02       c
    95      4  1.0E+00    104 (6.9E-17) 5.7E-01 -2.8978198E+06   126 3.1E+02       c
    96      6  1.0E+00    105 (3.9E-16) 5.6E-01 -2.8980152E+06   127 3.1E+02   R   c
    97      3  1.0E+00    106 (3.7E-16) 6.3E-01 -2.8983418E+06   125 3.1E+02 s     c
    98      2  1.0E+00    107 (5.7E-16) 7.1E-01 -2.8985331E+06   124 3.1E+02       c
    99      4  1.0E+00    108 (2.8E-16) 1.1E+00 -2.8987928E+06   125 3.1E+02       c

 Major Minors     Step   nCon Feasible  Optimal  MeritFunction    nS Penalty
   100      1  1.0E+00    109 (2.8E-16) 6.3E-01 -2.8987951E+06   125 3.1E+02       c
   101      2  1.0E+00    110 (4.0E-16) 8.8E-01 -2.8989544E+06   124 3.1E+02       c
   102      2  4.9E-01    111 (2.3E-16) 5.4E-01 -2.8990883E+06   125 3.1E+02       c
   103      3  1.0E+00    112 (9.6E-16) 5.0E-01 -2.8991854E+06   125 3.1E+02       c
   104      3  1.0E+00    113 (2.7E-16) 4.5E-01 -2.8992722E+06   125 3.1E+02       c
   105      1  1.0E+00    114 (1.4E-08) 4.5E-01 -2.8993344E+06   125 3.1E+02       c
   106      2  1.0E+00    115 (7.7E-08) 5.9E-01 -2.8993883E+06   126 3.1E+02       c
   107      2  1.0E+00    116 (2.4E-07) 4.4E-01 -2.8994859E+06   125 3.1E+02   R   c
   108      1  1.0E+00    117 (1.9E-07) 5.0E-01 -2.8995051E+06   125 3.1E+02 s     c
   109      2  1.0E+00    118 (2.0E-07) 4.4E-01 -2.8995753E+06   124 3.1E+02       c

 Major Minors     Step   nCon Feasible  Optimal  MeritFunction    nS Penalty
   110      1  5.0E-01    119 (3.1E-07) 4.5E-01 -2.8996204E+06   124 3.1E+02       c
   111      3  1.0E+00    120 (2.3E-07) 6.7E-01 -2.8996608E+06   124 3.1E+02       c
   112      3  1.0E+00    121 (2.3E-11) 6.4E-01 -2.8997447E+06   124 3.1E+02       c
   113      1  1.0E+00    122 (1.2E-10) 5.1E-01 -2.8998749E+06   124 3.1E+02       c
   114      1  1.0E+00    123 (6.4E-16) 5.0E-01 -2.9000190E+06   124 3.1E+02       c
   115      1  1.0E+00    124 (2.0E-16) 3.5E-01 -2.9002197E+06   124 3.1E+02       c
   116      1  1.0E+00    125 (4.1E-16) 7.8E-01 -2.9004488E+06   124 3.1E+02       c
   117      2  1.0E+00    126 (3.7E-16) 1.0E+00 -2.9006493E+06   125 3.1E+02       c
   118      1  1.0E+00    127 (1.2E-16) 3.5E-01 -2.9006943E+06   125 3.1E+02   R   c
   119      1  1.0E+00    128 (1.1E-16) 1.3E+00 -2.9008520E+06   125 3.1E+02 s     c

 Major Minors     Step   nCon Feasible  Optimal  MeritFunction    nS Penalty
   120      2  4.1E-01    129 (1.1E-16) 3.9E-01 -2.9008842E+06   124 3.1E+02       c
   121      2  5.0E-01    130 (1.5E-16) 1.1E+00 -2.9009169E+06   124 3.1E+02       c
   122      1  1.0E+00    131 (5.0E-16) 1.0E+00 -2.9009412E+06   124 3.1E+02       c
   123      1  1.0E+00    132 (9.7E-17) 3.0E-01 -2.9010009E+06   124 3.1E+02       c
   124      2  1.0E+00    133 (6.9E-16) 8.0E-01 -2.9010046E+06   123 3.1E+02       c
   125      2  1.0E+00    134 (9.1E-17) 6.0E-01 -2.9010803E+06   124 3.1E+02       c
   126      2  1.0E+00    135 (9.7E-16) 3.3E-01 -2.9011169E+06   125 3.1E+02       c
   127      2  1.0E+00    136 (1.1E-16) 4.8E-01 -2.9012265E+06   126 3.1E+02       c
   128      4  3.0E-01    137 (2.3E-16) 1.0E+00 -2.9014388E+06   123 3.1E+02       c
   129      4  4.8E-03    138 (2.9E-16) 5.2E-01 -2.9014963E+06   126 3.1E+02   R   c

 Major Minors     Step   nCon Feasible  Optimal  MeritFunction    nS Penalty
   130      3  1.0E+00    139 (1.1E-16) 4.7E-01 -2.9016574E+06   124 3.1E+02 s     c
   131      2  1.0E+00    140 (3.7E-16) 5.5E-01 -2.9016990E+06   125 3.1E+02       c
   132      4  1.0E+00    141 (1.0E-16) 4.9E-01 -2.9018342E+06   124 3.1E+02       c
   133      3  1.0E+00    142 (1.3E-16) 8.0E-01 -2.9020728E+06   124 3.1E+02       c
   134      4  1.0E+00    143 (2.8E-15) 7.9E-01 -2.9024549E+06   124 3.1E+02       c
   135      2  4.0E-01    144 (6.9E-16) 4.9E-01 -2.9025541E+06   125 3.1E+02       c
   136      2  1.0E+00    145 (3.9E-16) 1.4E+00 -2.9030262E+06   126 3.1E+02       c
   137      6  4.3E-01    146 (4.8E-16) 6.4E-01 -2.9033650E+06   125 3.1E+02       c
   138      6  3.3E-01    147 (1.8E-16) 8.0E-01 -2.9038342E+06   124 3.1E+02       c
   139      2  1.0E+00    148 (1.9E-15) 5.6E-01 -2.9046277E+06   123 3.1E+02       c

 Major Minors     Step   nCon Feasible  Optimal  MeritFunction    nS Penalty
   140      1  1.0E+00    149 (1.6E-15) 4.0E-01 -2.9050269E+06   123 3.1E+02   R   c
   141      3  1.0E+00    150 (1.8E-16) 3.5E-01 -2.9053971E+06   123 3.1E+02 s     c
   142      1  4.9E-01    151 (1.6E-15) 4.8E-01 -2.9055986E+06   123 3.1E+02       c
   143      2  1.0E+00    152 (1.2E-15) 5.2E-01 -2.9057495E+06   124 3.1E+02       c
   144      3  1.0E+00    153 (1.5E-15) 1.4E+00 -2.9060061E+06   124 3.1E+02       c
   145      3  1.2E-01    154 (1.3E-15) 7.6E-01 -2.9060762E+06   124 3.1E+02       c
   146      1  2.0E-01    155 (1.1E-15) 9.0E-01 -2.9061859E+06   124 3.1E+02       c
   147      1  4.9E-01    156 (1.4E-16) 5.6E-01 -2.9062401E+06   124 3.1E+02       c
   148      1  3.1E-02    157 (1.3E-16) 1.3E+00 -2.9062488E+06   124 3.1E+02       c
   149      1  5.3E-02    158 (9.7E-17) 1.6E+00 -2.9062783E+06   124 3.1E+02       c

 Major Minors     Step   nCon Feasible  Optimal  MeritFunction    nS Penalty
   150      3  6.4E-02    159 (9.7E-17) 1.4E+00 -2.9063139E+06   124 3.1E+02       c
   151      3  1.1E-01    160 (2.7E-16) 1.1E+00 -2.9063516E+06   124 3.1E+02   R   c
   152      1  4.1E-01    161 (4.3E-16) 6.4E-01 -2.9063762E+06   124 3.1E+02 s     c
   153      3  1.0E+00    162 (2.3E-16) 7.9E-01 -2.9063811E+06   124 3.1E+02       c
   154      1  1.0E+00    163 (1.6E-16) 1.1E+00 -2.9064012E+06   124 3.1E+02       c
   155      1  1.0E+00    164 (7.1E-17) 1.0E+00 -2.9064063E+06   124 3.1E+02       c
   156      3  1.0E+00    165 (8.9E-17) 1.1E+00 -2.9064256E+06   124 3.1E+02       c
   157      3  1.3E-01    166 (8.6E-17) 1.0E+00 -2.9064331E+06   124 3.1E+02       c
   158      2  5.5E-02    168 (4.6E-17) 9.9E-01 -2.9064374E+06   125 3.1E+02 n     c
   159      2  1.0E+00    169  6.9E-04  4.2E-01 -2.9064498E+06   124 3.1E+02       c

 Major Minors     Step   nCon Feasible  Optimal  MeritFunction    nS Penalty
   160      4  1.0E+00    170  1.2E-04  3.6E-01 -2.9065168E+06   125 3.1E+02       c
   161      4  1.0E+00    171  4.6E-04  5.0E-01 -2.9066175E+06   124 3.1E+02       c
   162      1  7.1E-01    172  1.3E-04  3.1E+00 -2.9064125E+06   124 3.1E+02       c
   162      4             172  1.3E-04  3.1E-01 -2.9064443E+06   125           r   c
   163      4  1.0E+00    173  1.6E-04  3.0E-01 -2.9065614E+06   124         s     c
   164      1  1.0E+00    174  1.7E-04  3.2E-01 -2.9065931E+06   124               c
   165      1  1.0E+00    175  2.5E-04  6.7E-01 -2.9066935E+06   124               c
   166      1  1.0E+00    176  1.2E-03  1.4E+00 -2.9067199E+06   124               c
   167      2  1.0E+00    177  6.0E-04  2.8E+00 -2.9069412E+06   125               c
   167      5             177  6.0E-04  4.0E-01 -2.9069412E+06   123           r   c
   168      3  1.2E-01    178  6.2E-04  5.6E-01 -2.9070955E+06   124         s     c
   169      1  1.0E+00    179  7.0E-04  9.5E-01 -2.9071184E+06   124               c

 Major Minors     Step   nCon Feasible  Optimal  MeritFunction    nS Penalty
   170      1  1.8E-01    180  5.8E-04  5.0E+00 -2.9047996E+06   124 1.7E+00       c
   171      1  1.0E+00    181  6.2E-04  8.2E+00 -2.9050059E+06   124 1.7E+00       c
   172      1  1.5E-01    183  5.6E-04  2.1E+01 -2.9051768E+06   124 1.7E+00  M
   173      2  1.0E+00    184  2.9E-04  3.1E+01 -2.9059343E+06   124 1.7E+00
   174      3  1.0E+00    185  8.9E-05  2.9E-01 -2.9068514E+06   124 1.7E+00       c
   174      4  1.0E+00    185  8.9E-05  8.5E+00 -2.9068514E+06   124 1.7E+00       c
   175      2  4.7E-01    186  9.9E-05  5.9E+00 -2.9068930E+06   123 1.7E+00       c
   176      1  1.0E+00    187  3.9E-05  1.2E+00 -2.9069601E+06   123 1.7E+00       c
   177      1  1.0E+00    188 (5.1E-17) 4.1E+00 -2.9069972E+06   123 1.7E+00       c
   178      1  4.8E-01    189  2.4E-06  2.8E+00 -2.9070297E+06   123 1.7E+00   R   c
   179      1  4.5E-01    190  2.1E-06  2.2E+00 -2.9070528E+06   123 1.7E+00 s     c

 Major Minors     Step   nCon Feasible  Optimal  MeritFunction    nS Penalty
   180      1  1.0E+00    191 (6.0E-07) 1.4E+00 -2.9070687E+06   123 1.7E+00       c
   181      1  4.3E-01    192 (6.4E-07) 9.4E-01 -2.9070767E+06   123 1.7E+00       c
   182      1  4.6E-01    193 (4.8E-07) 5.2E-01 -2.9070834E+06   123 1.7E+00       c
   183      1  4.4E-01    194 (3.1E-07) 2.0E-01 -2.9070878E+06   123 1.7E+00       c
   184      1  4.3E-01    195 (1.7E-07) 2.4E-01 -2.9070915E+06   123 1.7E+00       c
   185      1  1.3E-01    196 (1.3E-07) 2.7E-01 -2.9070928E+06   123 1.7E+00       c
   186      2  1.6E-01    197 (7.9E-08) 4.0E-01 -2.9070939E+06   124 1.7E+00       c
   187      2  1.6E-01    198 (3.0E-08) 5.2E-01 -2.9070956E+06   123 1.7E+00       c
   188      1  4.8E-02    199 (4.6E-17) 6.3E-01 -2.9070958E+06   123 1.7E+00       c
   189      1  4.7E-02    200 (2.9E-17) 7.2E-01 -2.9070961E+06   123 1.7E+00   R   c

 Major Minors     Step   nCon Feasible  Optimal  MeritFunction    nS Penalty
   190      1  1.0E+00    201 (6.5E-08) 5.6E-01 -2.9070973E+06   123 1.7E+00 s     c
   191      1  1.0E+00    202 (4.7E-08) 4.2E-01 -2.9071018E+06   123 1.7E+00       c
   192      1  3.7E-01    203 (7.8E-08) 2.6E-01 -2.9071023E+06   123 1.7E+00       c
 
 SNOPTC EXIT  40 -- terminated after numerical difficulties
 SNOPTC INFO  41 -- current point cannot be improved

 Problem name                 CaseStud
 No. of iterations                2418   Objective value     -2.9071023476E+06
 No. of major iterations           192   Linear objective     0.0000000000E+00
 Penalty parameter           1.698E+00   Nonlinear objective -2.9071023476E+06
 No. of calls to funobj          64782   No. of calls to funcon          64782
 Calls with modes 1,2 (known g)    203   Calls with modes 1,2 (known g)    203
 Calls for forward differencing   2592   Calls for forward differencing   2592
 Calls for central differencing  61560   Calls for central differencing  61560
 No. of superbasics                123   No. of basic nonlinears            39
 No. of degenerate steps            64   Percentage                       2.65
 Max x                     155 1.2E+04   Max pi                    187 2.2E+01
 Max Primal infeas           0 0.0E+00   Max Dual infeas            30 5.8E+00
 Nonlinear constraint violn    6.2E-03
 
 

 Solution printed on file  18
 
 Time for MPS input                             0.00 seconds
 Time for solving problem                    1813.48 seconds
 Time for solution output                       0.01 seconds
 Time for constraint functions               1811.33 seconds
 Time for objective function                    0.00 seconds
