
 ==============================
 S N O P T  7.2-12.3 (Aug 2014)
 ==============================
 
 SNMEMB EXIT 100 -- finished successfully
 SNMEMB INFO 104 -- memory requirements estimated

 ==============================
 S N O P T  7.2-12.3 (Aug 2014)
 ==============================
 
 

 Nonlinear constraints    1091     Linear constraints       0
 Nonlinear variables       162     Linear variables         0
 Jacobian  variables       162     Objective variables    162
 Total constraints        1091     Total variables        162
 

 
 The user has defined       0   out of  176742   constraint gradients.
 The user has defined       0   out of     162   objective  gradients.
 

 Major Minors     Step   nCon Feasible  Optimal  MeritFunction    nS Penalty
     0     99               1 (0.0E+00) 2.3E+01 -2.7253944E+06    99           r  T
     1     64  1.1E-01      2 (0.0E+00) 2.3E+01 -2.7256306E+06   162         n rl
     2      1  9.8E-02      4 (0.0E+00) 2.3E+01 -2.7258449E+06   162         n rl
     3     34  6.8E+00      5 (0.0E+00) 9.8E-01 -2.7399882E+06   129         s     c
     3     35  6.8E+00      5 (0.0E+00) 9.8E-01 -2.7399882E+06   129         s     c
     4     12  1.0E+00      6 (1.6E-14) 1.0E+00 -2.7728769E+06   128               c
     5     16  1.0E+00      7 (6.6E-15) 9.1E-01 -2.8172694E+06   127               c
     6     11  1.0E+00      8 (6.1E-15) 1.7E+00 -2.8287636E+06   127               c
     7     15  1.0E+00      9 (4.4E-15) 1.1E+00 -2.8553103E+06   126               c
     8      8  1.0E+00     10  1.5E-04  1.4E+00 -2.8589917E+06   125               c
     9      7  1.0E+00     11 (4.4E-15) 9.5E-01 -2.8723020E+06   127               c

 Major Minors     Step   nCon Feasible  Optimal  MeritFunction    nS Penalty
    10      8  5.0E-01     12 (5.2E-15) 8.3E-01 -2.8796869E+06   128               c
    11      3  1.0E+00     13 (4.4E-15) 9.7E-01 -2.8808282E+06   126               c
    12      7  1.0E+00     14 (4.4E-15) 5.7E-01 -2.8873144E+06   122               c
    13      5  4.0E-01     15 (4.4E-15) 5.0E-01 -2.8905634E+06   126           R   c
    14      2  4.4E-01     16 (2.4E-15) 3.9E-01 -2.8930571E+06   127         s     c
    15      4  1.0E+00     17 (3.8E-15) 3.2E-01 -2.8945315E+06   126               c
    16      4  1.0E+00     18 (2.4E-15) 5.6E-01 -2.8958615E+06   123               c
    17      3  1.0E+00     19 (2.4E-15) 4.4E-01 -2.8982258E+06   125               c
    18      5  1.0E+00     20 (6.8E-15) 6.0E-01 -2.8997590E+06   127               c
    19      3  1.0E+00     21 (2.4E-15) 3.3E-01 -2.9015198E+06   127               c

 Major Minors     Step   nCon Feasible  Optimal  MeritFunction    nS Penalty
    20      3  1.0E+00     22 (2.4E-15) 5.0E-01 -2.9027645E+06   127               c
    21      4  1.0E+00     23 (2.4E-15) 4.3E-01 -2.9042922E+06   128               c
    22      2  1.0E+00     24 (2.4E-15) 6.5E-01 -2.9057095E+06   127               c
    23      2  1.0E+00     25 (2.4E-15) 6.2E-01 -2.9082961E+06   126               c
    24      5  1.0E+00     26 (2.9E-15) 3.5E-01 -2.9098849E+06   130           R   c
    25      3  1.0E+00     27 (4.6E-15) 4.0E-01 -2.9108129E+06   128         s     c
    26      2  1.0E+00     28 (2.4E-15) 5.6E-01 -2.9114774E+06   127               c
    27      2  1.0E+00     29 (7.5E-15) 5.1E-01 -2.9118358E+06   128               c
    28      2  1.0E+00     30 (2.4E-15) 2.9E-01 -2.9126522E+06   127               c
    29      2  1.0E+00     31 (2.4E-15) 2.8E-01 -2.9132438E+06   126               c

 Major Minors     Step   nCon Feasible  Optimal  MeritFunction    nS Penalty
    30      2  1.0E+00     32 (2.7E-15) 3.3E-01 -2.9137017E+06   127               c
    31      4  1.0E+00     33 (2.4E-15) 4.5E-01 -2.9143718E+06   126               c
    32      2  1.0E+00     34 (2.4E-15) 2.2E-01 -2.9149451E+06   127               c
    33      2  1.0E+00     35 (2.4E-15) 2.1E-01 -2.9151559E+06   126               c
    34      2  1.0E+00     36 (2.4E-15) 3.2E-01 -2.9153159E+06   125               c
    35      3  1.0E+00     37 (2.4E-15) 2.8E-01 -2.9153887E+06   127           R   c
    36      2  1.0E+00     38  3.4E-06  2.5E-01 -2.9156552E+06   126         s     c
    37      4  1.0E+00     39 (7.4E-07) 3.2E-01 -2.9158172E+06   125               c
    38      1  4.2E-01     40 (2.6E-07) 2.7E-01 -2.9158477E+06   125               c
    39      1  4.6E-01     41 (2.4E-15) 2.6E-01 -2.9158827E+06   125               c

 Major Minors     Step   nCon Feasible  Optimal  MeritFunction    nS Penalty
    40      2  4.0E-01     42 (2.4E-15) 2.0E-01 -2.9159179E+06   126               c
    41      1  1.0E+00     43 (1.3E-07) 2.5E-01 -2.9159291E+06   126               c
    42      2  1.0E+00     44 (2.4E-15) 2.8E-01 -2.9160052E+06   127               c
    43      2  5.0E-01     45  3.2E-06  2.4E-01 -2.9160680E+06   126               c
    44      4  1.0E+00     46 (7.9E-07) 3.0E-01 -2.9161564E+06   125               c
    45      2  1.0E+00     47 (4.0E-07) 4.0E-01 -2.9163687E+06   124               c
    46      5  1.0E+00     48 (1.9E-10) 5.4E-01 -2.9170549E+06   128           R   c
    47      5  1.0E+00     49  1.0E-06  4.0E-01 -2.9176375E+06   124         s     c
    48      2  1.0E+00     50 (3.7E-07) 4.5E-01 -2.9177943E+06   125               c
    49      4  1.0E+00     51  3.1E-06  3.5E-01 -2.9181651E+06   126               c

 Major Minors     Step   nCon Feasible  Optimal  MeritFunction    nS Penalty
    50      5  1.0E+00     52 (8.0E-07) 6.1E-01 -2.9182263E+06   126               c
    51      4  1.0E+00     53 (1.6E-07) 3.9E-01 -2.9188514E+06   127               c
    52      5  4.9E-01     54  1.1E-06  3.9E-01 -2.9192025E+06   125               c
    53      5  1.0E+00     55 (2.0E-07) 5.3E-01 -2.9195403E+06   125               c
    54      4  1.0E+00     56  1.8E-06  4.7E-01 -2.9198799E+06   124               c
    55      5  1.0E+00     57 (6.8E-07) 3.8E-01 -2.9202322E+06   122               c
    56      2  1.0E+00     58 (3.9E-07) 4.4E-01 -2.9206799E+06   123               c
    57      6  1.0E+00     59 (4.7E-15) 5.6E-01 -2.9208244E+06   128           R   c
    58      2  1.0E+00     60  1.7E-06  2.9E-01 -2.9210620E+06   127         s     c
    59      5  1.0E+00     61 (1.4E-07) 3.5E-01 -2.9211793E+06   127               c

 Major Minors     Step   nCon Feasible  Optimal  MeritFunction    nS Penalty
    60      3  4.3E-01     62 (8.7E-07) 2.8E-01 -2.9212227E+06   125               c
    61      2  1.0E+00     63 (3.6E-07) 3.4E-01 -2.9212818E+06   126               c
    62      2  1.0E+00     64 (4.7E-15) 2.6E-01 -2.9213405E+06   127               c
    63      3  1.0E+00     65 (3.8E-08) 3.0E-01 -2.9213479E+06   125               c
    64      3  1.0E+00     66 (3.7E-08) 3.0E-01 -2.9214159E+06   127               c
    65      5  1.0E+00     67  1.2E-06  4.0E-01 -2.9215888E+06   123               c
    66      3  1.0E+00     68 (3.1E-07) 4.3E-01 -2.9219587E+06   125               c
    67      2  1.0E+00     69 (4.7E-15) 3.4E-01 -2.9221146E+06   124               c
    68      4  1.0E+00     70 (4.7E-15) 4.5E-01 -2.9222366E+06   125           R   c
    69      2  1.0E+00     71 (8.8E-07) 3.1E-01 -2.9223150E+06   124         s     c

 Major Minors     Step   nCon Feasible  Optimal  MeritFunction    nS Penalty
    70      2  1.0E+00     72 (3.9E-07) 4.7E-01 -2.9223977E+06   123               c
    71      1  1.0E+00     73 (4.7E-15) 3.2E-01 -2.9224155E+06   123               c
    72      2  1.0E+00     74 (4.7E-15) 3.1E-01 -2.9224570E+06   124               c
    73      2  1.0E+00     75 (9.1E-07) 2.8E-01 -2.9224781E+06   123               c
    74      2  1.0E+00     76 (3.9E-07) 2.3E-01 -2.9224981E+06   124               c
    75      2  1.0E+00     77 (4.7E-15) 3.0E-01 -2.9225172E+06   123               c
    76      1  4.7E-01     78 (4.7E-15) 3.3E-01 -2.9225311E+06   123               c
    77      3  4.3E-01     79 (4.7E-15) 2.1E-01 -2.9225496E+06   125               c
    78      3  2.9E-01     80 (3.2E-07) 3.1E-01 -2.9225537E+06   123               c
    79      1  1.4E-01     81 (2.4E-07) 3.3E-01 -2.9225564E+06   123           R   c

 Major Minors     Step   nCon Feasible  Optimal  MeritFunction    nS Penalty
    80      1  4.1E-01     82 (4.7E-08) 1.8E-01 -2.9225641E+06   123         s     c
    81      1  1.0E+00     83 (1.4E-07) 1.8E-01 -2.9225701E+06   123               c
    82      1  4.8E-01     84 (7.5E-08) 1.8E-01 -2.9225717E+06   123               c
    83      1  1.0E+00     85 (4.7E-15) 2.4E-01 -2.9225733E+06   123               c
    84      1  1.0E+00     86 (4.7E-15) 3.3E-01 -2.9225741E+06   123               c
    85      1  1.0E+00     87 (4.7E-15) 3.3E-01 -2.9225807E+06   123               c
    86      1  5.0E-01     88 (4.7E-15) 2.4E-01 -2.9225868E+06   123               c
    87      1  1.3E-01     89 (4.7E-15) 2.3E-01 -2.9225891E+06   123               c
    88      1  6.2E-02     90 (4.7E-15) 2.2E-01 -2.9225893E+06   123               c
    89      1  4.0E-01     91 (4.7E-15) 2.4E-01 -2.9225920E+06   123               c

 Major Minors     Step   nCon Feasible  Optimal  MeritFunction    nS Penalty
    90      1  1.6E-01     92 (4.7E-15) 2.9E-01 -2.9225925E+06   123           R   c
    91      1  1.0E+00     93 (4.7E-15) 1.8E-01 -2.9225944E+06   123         s     c
    92      1  1.0E+00     94 (4.7E-15) 1.8E-01 -2.9225954E+06   123               c
    93      3  6.4E-02     95 (4.7E-15) 3.9E-01 -2.9225956E+06   125               c
    94      2  6.2E-04     96 (4.7E-15) 9.7E-01 -2.9225956E+06   124               c
    95      4  2.8E-05     97 (4.7E-15) 4.4E-01 -2.9225956E+06   123               c
    95      8              97 (4.7E-15) 2.5E-01 -2.9225956E+06   122           r   c
    96      2  2.9E-03     98 (4.7E-15) 3.9E-01 -2.9225959E+06   123         s     c
    97      1  3.9E-02     99 (4.7E-15) 5.1E-01 -2.9225959E+06   123               c
    97      2              99 (4.7E-15) 1.4E-01 -2.9225959E+06   123           r   c
    98      1  8.0E-02    100 (4.7E-15) 4.6E-01 -2.9225959E+06   123         s     c
 
 SNOPTC EXIT  40 -- terminated after numerical difficulties
 SNOPTC INFO  41 -- current point cannot be improved

 Problem name                 CaseStud
 No. of iterations                 513   Objective value     -2.9225959043E+06
 No. of major iterations            98   Linear objective     0.0000000000E+00
 Penalty parameter           0.000E+00   Nonlinear objective -2.9225959043E+06
 No. of calls to funobj          32222   No. of calls to funcon          32222
 Calls with modes 1,2 (known g)    100   Calls with modes 1,2 (known g)    100
 Calls for forward differencing    810   Calls for forward differencing    810
 Calls for central differencing  31104   Calls for central differencing  31104
 No. of superbasics                123   No. of basic nonlinears            39
 No. of degenerate steps             1   Percentage                       0.19
 Max x                     156 1.2E+04   Max pi                    120 3.6E+01
 Max Primal infeas           0 0.0E+00   Max Dual infeas            30 1.7E+01
 Nonlinear constraint violn    3.8E-10
 
 

 Solution printed on file  18
 
 Time for MPS input                             0.00 seconds
 Time for solving problem                     906.93 seconds
 Time for solution output                       0.01 seconds
 Time for constraint functions                908.10 seconds
 Time for objective function                    0.00 seconds
