
 ==============================
 S N O P T  7.2-12.3 (Aug 2014)
 ==============================
 
 SNMEMB EXIT 100 -- finished successfully
 SNMEMB INFO 104 -- memory requirements estimated

 ==============================
 S N O P T  7.2-12.3 (Aug 2014)
 ==============================
 
 

 Nonlinear constraints    1091     Linear constraints       0
 Nonlinear variables       162     Linear variables         0
 Jacobian  variables       162     Objective variables    162
 Total constraints        1091     Total variables        162
 

 
 The user has defined       0   out of  176742   constraint gradients.
 The user has defined       0   out of     162   objective  gradients.
 

 Major Minors     Step   nCon Feasible  Optimal  MeritFunction    nS Penalty
     0     99               1 (0.0E+00) 1.8E+01 -2.7391296E+06    99           r  T
     1     64  1.1E-01      2 (0.0E+00) 1.8E+01 -2.7393260E+06   162         n rl
     2      1  9.6E-02      4 (0.0E+00) 1.8E+01 -2.7395019E+06   162         n rl
     3     59  1.8E+00      5 (8.3E-14) 9.9E-01 -2.7428259E+06   104         s     c
     3     60  1.8E+00      5 (8.3E-14) 9.9E-01 -2.7428259E+06   104         s     c
     4     53  1.0E+00      6  1.8E-03  7.0E-01 -2.8352443E+06   125               c
     5     44  1.0E+00      7 (1.8E-14) 9.8E-01 -2.8052464E+06   123 9.6E-02       c
     6     23  1.0E+00      8  1.3E-05  1.2E+00 -2.8122339E+06   117 9.6E-02       c
     7     29  1.0E+00      9  3.3E-03  3.8E+00 -2.8167036E+06   110 9.6E-02       c
     8     37  1.0E+00     10  1.2E-03  1.5E+00 -2.8303283E+06   110 9.6E-02       c
     9     32  4.4E-01     11  2.0E-02  1.3E+00 -2.8392863E+06   109 9.6E-02       c

 Major Minors     Step   nCon Feasible  Optimal  MeritFunction    nS Penalty
    10     31  4.8E-01     12  3.1E-03  8.2E-01 -2.8587933E+06   111 9.6E-02       c
    11     33  3.9E-01     13  1.9E-03  7.9E-01 -2.8688143E+06   118 9.6E-02       c
    12     18  3.9E-01     14  1.2E-03  1.7E+00 -2.8764018E+06   114 9.6E-02       c
    13     13  4.2E-01     15  6.7E-04  9.9E-01 -2.8863532E+06   119 9.6E-02   R   c
    14      6  4.1E-01     16  4.0E-04  8.0E-01 -2.8969614E+06   124 9.6E-02 s     c
    15     11  1.0E+00     17 (1.4E-15) 9.4E-01 -2.9028477E+06   122 9.6E-02       c
    16      3  1.0E+00     18 (2.6E-14) 1.1E+00 -2.9062313E+06   122 9.6E-02       c
    17      7  1.0E+00     19 (2.6E-14) 6.5E-01 -2.9109914E+06   120 9.6E-02       c
    18      8  1.0E+00     20 (2.6E-14) 1.1E+00 -2.9127507E+06   120 9.6E-02       c
    19      6  1.0E+00     21 (2.6E-14) 5.7E-01 -2.9162308E+06   121 9.6E-02       c

 Major Minors     Step   nCon Feasible  Optimal  MeritFunction    nS Penalty
    20      2  1.0E+00     22  4.4E-06  6.4E-01 -2.9180007E+06   120 9.6E-02       c
    21      5  1.0E+00     23 (2.6E-14) 5.1E-01 -2.9193763E+06   118 9.6E-02       c
    22      5  1.0E+00     24  1.2E-05  5.0E-01 -2.9199572E+06   118 9.6E-02       c
    23      3  1.0E+00     25 (2.6E-14) 3.6E-01 -2.9209675E+06   118 9.6E-02       c
    24      3  4.3E-01     26 (2.6E-14) 3.5E-01 -2.9213196E+06   116 9.6E-02   R   c
    25      1  1.0E+00     27 (2.6E-14) 3.9E-01 -2.9214656E+06   116 9.6E-02 s     c
    26      1  1.0E+00     28 (2.6E-14) 2.9E-01 -2.9218432E+06   116 9.6E-02       c
    27      1  4.9E-01     29  2.1E-06  2.8E-01 -2.9220915E+06   116 9.6E-02       c
    28      1  1.0E+00     30 (2.6E-14) 5.1E-01 -2.9221897E+06   116 9.6E-02       c
    29      3  1.0E+00     31 (2.6E-14) 3.9E-01 -2.9228219E+06   115 9.6E-02       c

 Major Minors     Step   nCon Feasible  Optimal  MeritFunction    nS Penalty
    30      1  4.1E-01     32  6.1E-06  4.0E-01 -2.9233011E+06   115 9.6E-02       c
