
 ==============================
 S N O P T  7.2-12.3 (Aug 2014)
 ==============================
 
 SNMEMB EXIT 100 -- finished successfully
 SNMEMB INFO 104 -- memory requirements estimated

 ==============================
 S N O P T  7.2-12.3 (Aug 2014)
 ==============================
 
 

 Nonlinear constraints    1091     Linear constraints       0
 Nonlinear variables       162     Linear variables         0
 Jacobian  variables       162     Objective variables    162
 Total constraints        1091     Total variables        162
 

 
 The user has defined       0   out of  176742   constraint gradients.
 The user has defined       0   out of     162   objective  gradients.
 

        Minor   QPmult   nInf   SumInf   rgNorm    QPobjective    nS
          100 -6.7E+00                  4.1E-12  3.4656669E+07    97

 Major Minors     Step   nCon Feasible  Optimal  MeritFunction    nS Penalty
     0    102               1  3.0E-02  1.0E+00 -2.7475152E+06    99           r  Tc

 Major Minors     Step   nCon Feasible  Optimal  MeritFunction    nS Penalty
     0    103               1  3.0E-02  1.0E+00 -2.7475152E+06    99           r   c
     1      1  3.2E-03      2  3.0E-02  1.0E+00  5.3236008E+07    99 1.9E+01 n rl  c
     2     83  3.2E-03      3  3.0E-02  9.8E-01  6.2032241E+07   148 2.2E+01 s  l  c
     3     31  1.0E+00      5 (9.0E-14) 1.4E+00 -2.8080613E+06   148 5.7E+00  m    c
     4      9  1.0E+00      6 (4.0E-14) 1.2E+00 -2.7918236E+06   148 5.8E+00       c
     5      8  1.0E+00      7 (4.5E-15) 1.2E+00 -2.8075274E+06   143 5.8E+00       c
     6      8  1.0E+00      8 (6.8E-07) 1.6E+00 -2.8252446E+06   138 5.8E+00       c
     7      6  1.0E+00      9 (1.3E-10) 1.8E+00 -2.8403617E+06   137 5.8E+00       c
     8     13  1.0E+00     10 (4.5E-15) 1.3E+00 -2.8515878E+06   139 5.8E+00       c
     9      6  1.0E+00     11 (2.1E-14) 1.1E+00 -2.8611546E+06   134 5.8E+00       c

 Major Minors     Step   nCon Feasible  Optimal  MeritFunction    nS Penalty
    10      4  1.0E+00     12  8.1E-05  1.4E+00 -2.8718982E+06   133 5.8E+00       c
    11      4  1.0E+00     13 (4.5E-15) 1.2E+00 -2.8804718E+06   132 5.8E+00       c
    12      1  1.0E+00     14 (4.5E-15) 1.3E+00 -2.8886628E+06   132 5.8E+00   R   c
    13      2  1.0E+00     15 (4.5E-15) 1.2E+00 -2.8935129E+06   133 5.8E+00 s     c
    14      4  1.0E+00     16 (4.5E-15) 5.7E-01 -2.8970293E+06   132 5.8E+00       c
    15      2  1.0E+00     17 (7.4E-15) 1.2E+00 -2.8993951E+06   131 5.8E+00       c
    16      2  1.0E+00     18  2.1E-05  8.0E-01 -2.9027407E+06   132 5.8E+00       c
    17      3  1.0E+00     19 (4.5E-15) 1.1E+00 -2.9059604E+06   132 5.8E+00       c
    18      3  1.0E+00     20  1.5E-03  6.2E-01 -2.9081080E+06   134 5.8E+00       c
    19      6  1.0E+00     21  3.4E-04  9.6E-01 -2.9111998E+06   131 5.8E+00       c

 Major Minors     Step   nCon Feasible  Optimal  MeritFunction    nS Penalty
    20      6  1.8E-01     22  1.0E-02  1.0E+01 -2.9118754E+06   132 5.8E+00       c
    21      3  1.0E+00     23  2.3E-04  1.2E+00 -2.9053391E+06   132 5.8E+00       c
    22      4  1.0E+00     24  4.9E-06  5.7E-01 -2.9122892E+06   133 5.8E+00       c
    23      3  1.0E+00     25 (6.7E-15) 7.8E-01 -2.9135349E+06   131 5.8E+00   R   c
    24      2  1.0E+00     26 (5.7E-15) 6.3E-01 -2.9142600E+06   132 5.8E+00 s     c
    25      3  1.0E+00     27  7.9E-06  3.5E-01 -2.9155038E+06   134 5.8E+00       c
    26      3  3.0E-01     28  9.0E-06  3.5E-01 -2.9158240E+06   132 5.8E+00       c
    27      1  1.0E+00     29 (4.5E-15) 3.3E-01 -2.9159883E+06   132 5.8E+00       c
    28      1  1.0E+00     30 (4.5E-15) 3.8E-01 -2.9162156E+06   132 5.8E+00       c
    29      2  1.0E+00     31 (4.5E-15) 3.1E-01 -2.9164164E+06   131 5.8E+00       c

 Major Minors     Step   nCon Feasible  Optimal  MeritFunction    nS Penalty
    30      2  1.0E+00     32 (4.5E-15) 2.3E-01 -2.9165930E+06   132 5.8E+00       c
    31      3  1.0E+00     33  3.3E-06  3.8E-01 -2.9166948E+06   132 5.8E+00       c
    32      2  1.0E+00     34  1.2E-05  2.8E-01 -2.9168837E+06   131 5.8E+00       c
    33      3  1.0E+00     35  1.8E-06  2.7E-01 -2.9171536E+06   131 5.8E+00       c
    34      4  1.0E+00     36 (4.5E-15) 3.4E-01 -2.9173541E+06   132 5.8E+00   R   c
    35      2  1.0E+00     37 (4.5E-15) 3.0E-01 -2.9177329E+06   131 5.8E+00 s     c
    36      1  1.0E+00     38  4.1E-06  2.4E-01 -2.9179161E+06   131 5.8E+00       c
    37      1  1.0E+00     39  3.9E-06  3.7E-01 -2.9182513E+06   131 5.8E+00       c
    38      1  1.0E+00     40  8.0E-06  6.7E-01 -2.9186113E+06   131 5.8E+00       c
    39      3  1.0E+00     41 (3.6E-08) 4.5E-01 -2.9195497E+06   129 5.8E+00       c

 Major Minors     Step   nCon Feasible  Optimal  MeritFunction    nS Penalty
    40      1  1.0E+00     42 (4.5E-15) 4.3E-01 -2.9197304E+06   129 5.8E+00       c
    41      5  1.0E+00     43  1.5E-06  4.4E-01 -2.9209571E+06   129 5.8E+00       c
    42      4  1.0E+00     44  1.4E-05  7.4E-01 -2.9213293E+06   130 5.8E+00       c
    43      3  1.0E+00     45  5.1E-05  4.0E-01 -2.9222361E+06   128 5.8E+00       c
    44      2  1.0E+00     46 (4.5E-15) 3.7E-01 -2.9230084E+06   129 5.8E+00       c
    45      2  1.0E+00     47  8.0E-05  3.1E-01 -2.9238083E+06   128 5.8E+00   R   c
    46      3  1.0E+00     48  2.1E-05  2.8E-01 -2.9242332E+06   128 5.8E+00 s     c
    47      1  1.0E+00     49  4.2E-06  3.7E-01 -2.9245220E+06   128 5.8E+00       c
    48      1  1.0E+00     50  4.6E-05  4.4E-01 -2.9248520E+06   128 5.8E+00       c
    49      5  1.0E+00     51 (9.9E-07) 5.0E-01 -2.9254685E+06   130 5.8E+00       c

 Major Minors     Step   nCon Feasible  Optimal  MeritFunction    nS Penalty
    50      3  1.0E+00     52  5.3E-05  4.0E-01 -2.9260397E+06   128 5.8E+00       c
    51      3  1.0E+00     53  3.0E-05  5.3E-01 -2.9266263E+06   126 5.8E+00       c
    52      1  1.0E+00     54 (4.5E-15) 8.0E-01 -2.9271757E+06   126 5.8E+00       c
    53      3  1.0E+00     55 (4.5E-15) 8.4E-01 -2.9272453E+06   128 5.8E+00       c
    54      2  1.0E+00     56  2.7E-05  4.3E-01 -2.9279839E+06   127 5.8E+00       c
    55      1  1.0E+00     57  5.7E-05  5.5E-01 -2.9281059E+06   127 5.8E+00       c
    56      1  1.0E+00     58 (4.5E-15) 4.5E-01 -2.9284404E+06   127 5.8E+00   R   c
    57      1  1.0E+00     59  1.6E-05  5.1E-01 -2.9284919E+06   127 5.8E+00 s     c
    58      3  1.0E+00     60  9.7E-06  5.1E-01 -2.9286399E+06   127 5.8E+00       c
    59      2  1.0E+00     61 (4.5E-15) 5.8E-01 -2.9286863E+06   126 5.8E+00       c

 Major Minors     Step   nCon Feasible  Optimal  MeritFunction    nS Penalty
    60      1  1.0E+00     62  1.0E-05  5.8E-01 -2.9288133E+06   126 5.8E+00       c
    61      2  3.4E-01     63  2.8E-05  5.4E-01 -2.9288384E+06   127 5.8E+00       c
    62      2  4.8E-01     64  1.5E-05  3.5E-01 -2.9288664E+06   126 5.8E+00       c
    63      2  3.9E-01     65  1.8E-05  6.0E-01 -2.9288918E+06   127 5.8E+00       c
    64      1  4.4E-01     66  1.0E-05  2.9E-01 -2.9289110E+06   127 5.8E+00       c
    65      2  4.6E-01     67  8.8E-06  3.0E-01 -2.9289388E+06   126 5.8E+00       c
    66      1  4.1E-01     68  1.1E-05  4.3E-01 -2.9289503E+06   126 5.8E+00       c
    67      2  3.4E-01     69  1.1E-05  4.6E-01 -2.9289535E+06   125 5.8E+00   R   c
    68      3  4.5E-01     70  8.5E-06  4.4E-01 -2.9289900E+06   127 5.8E+00 s     c
    69      1  1.0E+00     71  8.5E-06  2.8E-01 -2.9289919E+06   127 5.8E+00       c

 Major Minors     Step   nCon Feasible  Optimal  MeritFunction    nS Penalty
    70      2  1.0E+00     72 (4.9E-07) 3.2E-01 -2.9289977E+06   128 5.8E+00       c
    71      2  1.0E+00     73 (4.5E-15) 3.4E-01 -2.9290114E+06   127 5.8E+00       c
    72      1  4.6E-01     74 (4.5E-15) 4.6E-01 -2.9290195E+06   127 5.8E+00       c
    73      2  3.9E-01     75  2.9E-06  4.9E-01 -2.9290217E+06   128 5.8E+00       c
    74      2  4.7E-01     76  1.5E-06  4.4E-01 -2.9290269E+06   129 5.8E+00       c
    75      1  4.2E-01     77  1.5E-06  2.8E-01 -2.9290338E+06   129 5.8E+00       c
    76      1  1.0E+00     78  5.5E-06  3.3E-01 -2.9290346E+06   129 5.8E+00       c
    77      1  1.0E+00     79 (1.7E-07) 3.6E-01 -2.9290414E+06   129 5.8E+00       c
    78      1  4.9E-01     80 (3.0E-07) 2.5E-01 -2.9290466E+06   129 5.8E+00   R   c
    79      1  1.0E+00     81  4.0E-06  4.5E-01 -2.9290487E+06   129 5.8E+00 s     c

 Major Minors     Step   nCon Feasible  Optimal  MeritFunction    nS Penalty
    80      3  1.0E+00     82 (2.4E-07) 2.7E-01 -2.9290553E+06   129 5.8E+00       c
    81      2  3.6E-01     83 (5.3E-08) 2.4E-01 -2.9290573E+06   128 5.8E+00       c
    81      3              83 (5.3E-08) 2.4E-01 -2.9290573E+06   128           r   c
    82      1  4.3E-01     84  1.3E-06  5.1E-01 -2.9290580E+06   128         s     c
    83      1  4.0E-02     85  1.4E-06  3.5E-01 -2.9290580E+06   128               c
    84      2  5.6E-02     86  1.9E-06  3.1E-01 -2.9290581E+06   129               c
    85      3  4.4E-02     87  1.8E-06  6.9E-01 -2.9290582E+06   129               c
    86      3  1.8E-03     88  1.8E-06  1.3E+00 -2.9290582E+06   129               c
    87      3  5.9E-04     89  1.8E-06  2.3E-01 -2.9290582E+06   129               c
    87      6              89  1.8E-06  1.6E-01 -2.9290582E+06   127           r   c
    88      3  2.6E-02     90  1.5E-06  3.6E-01 -2.9290600E+06   129         s     c
 
 SNOPTC EXIT  40 -- terminated after numerical difficulties
 SNOPTC INFO  41 -- current point cannot be improved

 Problem name                 CaseStud
 No. of iterations                 452   Objective value     -2.9290618911E+06
 No. of major iterations            88   Linear objective     0.0000000000E+00
 Penalty parameter           0.000E+00   Nonlinear objective -2.9290618911E+06
 No. of calls to funobj          29594   No. of calls to funcon          29594
 Calls with modes 1,2 (known g)     90   Calls with modes 1,2 (known g)     90
 Calls for forward differencing    162   Calls for forward differencing    162
 Calls for central differencing  29160   Calls for central differencing  29160
 No. of superbasics                129   No. of basic nonlinears            35
 No. of degenerate steps             1   Percentage                       0.22
 Max x                     157 1.2E+04   Max pi                    300 1.9E+01
 Max Primal infeas           0 0.0E+00   Max Dual infeas           365 1.5E+01
 Nonlinear constraint violn    1.2E-01
 
 

 Solution printed on file  18
 
 Time for MPS input                             0.00 seconds
 Time for solving problem                     806.13 seconds
 Time for solution output                       0.01 seconds
 Time for constraint functions                807.58 seconds
 Time for objective function                    0.00 seconds
