
 ==============================
 S N O P T  7.2-12.3 (Aug 2014)
 ==============================
 
 SNMEMB EXIT 100 -- finished successfully
 SNMEMB INFO 104 -- memory requirements estimated

 ==============================
 S N O P T  7.2-12.3 (Aug 2014)
 ==============================
 
 

 Nonlinear constraints    1091     Linear constraints       0
 Nonlinear variables       162     Linear variables         0
 Jacobian  variables       162     Objective variables    162
 Total constraints        1091     Total variables        162
 

 
 The user has defined       0   out of  176742   constraint gradients.
 The user has defined       0   out of     162   objective  gradients.
 

 Major Minors     Step   nCon Feasible  Optimal  MeritFunction    nS Penalty
     0     99               1 (0.0E+00) 1.8E+01 -2.6969344E+06    99           r  T
     1     64  1.1E-01      2 (0.0E+00) 1.8E+01 -2.6971679E+06   162         n rl
     2      1  9.8E-02      4 (0.0E+00) 1.8E+01 -2.6973809E+06   162         n rl
     3     51  6.8E+00      5 (6.5E-14) 9.9E-01 -2.7118279E+06   114         s     c
     3     52  6.8E+00      5 (6.5E-14) 9.9E-01 -2.7118279E+06   114         s     c
     4     49  1.0E+00      6  1.2E-03  1.3E+00 -2.8136470E+06   124               c
     5     31  1.0E+00      7 (6.2E-14) 1.4E+00 -2.8114397E+06   127 1.1E-01       c
     6     15  1.0E+00      8  3.3E-05  1.2E+00 -2.8227341E+06   124 1.1E-01       c
     7     15  1.0E+00      9  7.9E-04  1.1E+00 -2.8332084E+06   129 1.1E-01       c
     8      7  1.0E+00     10 (4.7E-15) 8.9E-01 -2.8607284E+06   128 1.1E-01       c
     9     11  4.2E-01     11  7.1E-04  5.5E-01 -2.8710571E+06   128 1.1E-01       c

 Major Minors     Step   nCon Feasible  Optimal  MeritFunction    nS Penalty
    10      5  4.2E-01     12  4.1E-04  1.0E+00 -2.8804350E+06   132 1.1E-01       c
    11      6  3.4E-01     13  2.4E-04  6.8E-01 -2.8866158E+06   127 1.1E-01       c
    12      2  3.8E-01     14  1.5E-04  5.6E-01 -2.8918113E+06   126 1.1E-01       c
    13      3  3.5E-01     15  9.8E-05  4.0E-01 -2.8957740E+06   128 1.1E-01   R   c
    14      4  4.1E-01     16  5.8E-05  4.4E-01 -2.9007054E+06   131 1.1E-01 s     c
    15      1  1.0E+00     17 (1.0E-16) 3.2E-01 -2.9029873E+06   131 1.1E-01       c
    16      2  1.0E+00     18 (7.2E-16) 2.3E-01 -2.9046163E+06   130 1.1E-01       c
    17      2  4.7E-01     19 (4.9E-16) 3.0E-01 -2.9051519E+06   129 1.1E-01       c
    18      3  1.0E+00     20 (1.4E-15) 4.9E-01 -2.9067246E+06   129 1.1E-01       c
    19      3  1.0E+00     21 (1.4E-15) 4.9E-01 -2.9087100E+06   131 1.1E-01       c

 Major Minors     Step   nCon Feasible  Optimal  MeritFunction    nS Penalty
    20      3  1.0E+00     22 (4.8E-16) 3.9E-01 -2.9113108E+06   131 1.1E-01       c
    21      2  1.0E+00     23 (3.2E-15) 4.2E-01 -2.9127183E+06   132 1.1E-01       c
    22      5  1.0E+00     24 (9.8E-16) 4.3E-01 -2.9138648E+06   132 1.1E-01       c
    23      2  1.0E+00     25 (7.7E-16) 3.8E-01 -2.9148765E+06   133 1.1E-01       c
    24      4  1.0E+00     26 (9.2E-10) 2.6E-01 -2.9157671E+06   132 1.1E-01   R   c
    25      3  1.0E+00     27 (4.6E-16) 2.9E-01 -2.9162088E+06   132 1.1E-01 s     c
    26      4  1.0E+00     28 (9.0E-17) 2.0E-01 -2.9169293E+06   133 1.1E-01       c
    27      3  4.0E-01     29 (2.3E-16) 3.0E-01 -2.9172431E+06   131 1.1E-01       c
    28      1  1.0E+00     30 (7.2E-16) 2.6E-01 -2.9173732E+06   131 1.1E-01       c
    29      5  1.0E+00     31 (4.6E-16) 3.4E-01 -2.9181019E+06   128 1.1E-01       c

 Major Minors     Step   nCon Feasible  Optimal  MeritFunction    nS Penalty
    30      4  1.0E+00     32 (6.3E-16) 3.6E-01 -2.9185520E+06   128 1.1E-01       c
    31      3  1.0E+00     33 (1.1E-15) 4.1E-01 -2.9197219E+06   126 1.1E-01       c
    32      3  1.0E+00     34 (1.1E-15) 4.4E-01 -2.9218777E+06   126 1.1E-01       c
    33      3  1.0E+00     35 (8.1E-16) 7.6E-01 -2.9224256E+06   128 1.1E-01       c
    34      5  1.0E+00     36 (9.6E-16) 2.5E-01 -2.9244567E+06   127 1.1E-01       c
    35      4  1.0E+00     37 (1.3E-15) 3.8E-01 -2.9264408E+06   129 1.1E-01   R   c
    36      2  1.0E+00     38 (7.4E-16) 2.7E-01 -2.9278408E+06   128 1.1E-01 s     c
    37      3  1.0E+00     39 (7.8E-16) 1.9E-01 -2.9286510E+06   126 1.1E-01       c
    38      1  1.0E+00     40 (5.9E-16) 1.7E-01 -2.9290296E+06   126 1.1E-01       c
    39      2  1.0E+00     41 (3.9E-16) 2.6E-01 -2.9293477E+06   127 1.1E-01       c

 Major Minors     Step   nCon Feasible  Optimal  MeritFunction    nS Penalty
    40      3  1.0E+00     42 (7.0E-16) 2.3E-01 -2.9295703E+06   125 1.1E-01       c
    41      3  1.0E+00     43 (1.7E-16) 3.1E-01 -2.9297705E+06   127 1.1E-01       c
    42      1  1.0E+00     44 (2.0E-16) 1.6E-01 -2.9300616E+06   127 1.1E-01       c
    43      1  1.0E+00     45 (9.1E-17) 2.4E-01 -2.9301162E+06   127 1.1E-01       c
    44      2  1.0E+00     46 (1.8E-16) 1.6E-01 -2.9302949E+06   128 1.1E-01       c
    45      2  1.0E+00     47 (2.4E-16) 2.3E-01 -2.9305311E+06   127 1.1E-01       c
    46      1  1.0E+00     48 (4.7E-16) 2.2E-01 -2.9311100E+06   127 1.1E-01   R   c
    47      1  1.0E+00     49 (5.5E-16) 1.9E-01 -2.9316224E+06   127 1.1E-01 s     c
    48      1  1.0E+00     50 (4.1E-16) 1.9E-01 -2.9318100E+06   127 1.1E-01       c
    49      2  1.0E+00     51 (3.0E-16) 2.0E-01 -2.9320603E+06   126 1.1E-01       c

 Major Minors     Step   nCon Feasible  Optimal  MeritFunction    nS Penalty
    50      2  4.7E-01     52 (2.5E-16) 1.4E-01 -2.9321413E+06   127 1.1E-01       c
    51      1  4.4E-01     53 (1.4E-16) 2.0E-01 -2.9322005E+06   127 1.1E-01       c
    52      1  1.0E+00     54 (6.6E-16) 1.9E-01 -2.9322095E+06   127 1.1E-01       c
    53      4  1.0E+00     55 (2.3E-16) 4.2E-01 -2.9328198E+06   124 1.1E-01       c
    54      5  1.0E+00     56 (8.0E-16) 3.3E-01 -2.9329580E+06   125 1.1E-01       c
    55      2  4.9E-01     57 (4.1E-16) 3.9E-01 -2.9335817E+06   126 1.1E-01       c
    56      2  5.0E-01     58 (2.2E-16) 1.9E-01 -2.9342763E+06   125 1.1E-01       c
    57      3  1.0E+00     59 (3.6E-16) 2.3E-01 -2.9345859E+06   125 1.1E-01   R   c
    58      1  1.0E+00     60 (2.7E-16) 2.7E-01 -2.9351259E+06   125 1.1E-01 s     c
    59      3  1.0E+00     61 (5.6E-16) 2.4E-01 -2.9354500E+06   123 1.1E-01       c

 Major Minors     Step   nCon Feasible  Optimal  MeritFunction    nS Penalty
    60      3  1.0E+00     62 (5.2E-16) 3.3E-01 -2.9358344E+06   123 1.1E-01       c
    61      3  1.0E+00     63 (3.0E-16) 2.5E-01 -2.9363664E+06   125 1.1E-01       c
    62      2  1.0E+00     64 (1.1E-16) 2.5E-01 -2.9369976E+06   124 1.1E-01       c
    63      4  1.0E+00     65 (4.8E-16) 2.2E-01 -2.9373308E+06   127 1.1E-01       c
    64      2  1.0E+00     66 (1.4E-16) 2.1E-01 -2.9375124E+06   126 1.1E-01       c
    65      1  1.0E+00     67 (2.2E-15) 1.6E-01 -2.9376239E+06   126 1.1E-01       c
    66      2  1.0E+00     68 (1.5E-16) 1.4E-01 -2.9378735E+06   125 1.1E-01       c
    67      1  4.6E-01     69 (1.7E-16) 1.6E-01 -2.9379644E+06   125 1.1E-01       c
    68      3  3.9E-01     70 (9.1E-17) 1.7E-01 -2.9380102E+06   127 1.1E-01   R   c
    69      2  4.5E-01     71 (1.1E-16) 1.7E-01 -2.9380612E+06   126 1.1E-01 s     c

 Major Minors     Step   nCon Feasible  Optimal  MeritFunction    nS Penalty
    70      1  1.0E+00     72 (1.4E-16) 1.2E-01 -2.9380978E+06   126 1.1E-01       c
    71      2  1.0E+00     73 (1.1E-16) 1.3E-01 -2.9381085E+06   125 1.1E-01       c
    72      2  1.0E+00     74 (3.5E-16) 1.9E-01 -2.9381353E+06   124 1.1E-01       c
    73      1  1.0E+00     75 (1.1E-16) 2.7E-01 -2.9381484E+06   124 1.1E-01       c
    74      1  1.0E+00     76 (2.5E-16) 1.8E-01 -2.9381742E+06   124 1.1E-01       c
    75      1  1.0E+00     77 (6.8E-17) 1.7E-01 -2.9381795E+06   124 1.1E-01       c
    76      2  1.0E+00     78 (2.6E-17) 1.4E-01 -2.9382123E+06   125 1.1E-01       c
    77      2  3.5E-01     79 (1.0E-16) 2.0E-01 -2.9382274E+06   124 1.1E-01       c
    78      1  4.7E-01     80 (3.8E-17) 1.8E-01 -2.9382387E+06   124 1.1E-01       c
    79      2  4.8E-01     81 (9.0E-17) 2.1E-01 -2.9382513E+06   125 1.1E-01   R   c

 Major Minors     Step   nCon Feasible  Optimal  MeritFunction    nS Penalty
    80      1  4.9E-01     82 (5.5E-17) 1.5E-01 -2.9382704E+06   125 1.1E-01 s     c
    81      1  1.0E+00     83 (2.4E-16) 2.7E-01 -2.9382731E+06   125 1.1E-01       c
    82      1  1.0E+00     84 (3.4E-17) 1.2E-01 -2.9382856E+06   125 1.1E-01       c
    83      1  4.5E-01     85 (2.3E-17) 1.3E-01 -2.9382908E+06   125 1.1E-01       c
    84      1  1.0E+00     86 (1.5E-16) 1.2E-01 -2.9382931E+06   125 1.1E-01       c
    85      1  1.0E+00     87 (4.8E-17) 1.2E-01 -2.9383040E+06   125 1.1E-01       c
    86      1  1.0E+00     88 (4.7E-17) 1.6E-01 -2.9383047E+06   125 1.1E-01       c
    87      1  1.0E+00     89 (6.3E-17) 2.4E-01 -2.9383110E+06   125 1.1E-01       c
    88      1  4.2E-01     90 (2.0E-16) 1.9E-01 -2.9383132E+06   125 1.1E-01       c
    89      1  1.8E-01     91 (3.1E-16) 1.5E-01 -2.9383143E+06   125 1.1E-01       c

 Major Minors     Step   nCon Feasible  Optimal  MeritFunction    nS Penalty
    90      1  4.4E-01     92 (5.7E-17) 1.1E-01 -2.9383158E+06   125 1.1E-01   R   c
    91      1  1.0E+00     93 (1.3E-16) 1.0E-01 -2.9383184E+06   125 1.1E-01 s     c
