
 ==============================
 S N O P T  7.2-12.3 (Aug 2014)
 ==============================
 
 SNMEMB EXIT 100 -- finished successfully
 SNMEMB INFO 104 -- memory requirements estimated

 ==============================
 S N O P T  7.2-12.3 (Aug 2014)
 ==============================
 
 

 Nonlinear constraints    1091     Linear constraints       0
 Nonlinear variables       162     Linear variables         0
 Jacobian  variables       162     Objective variables    162
 Total constraints        1091     Total variables        162
 

 
 The user has defined       0   out of  176742   constraint gradients.
 The user has defined       0   out of     162   objective  gradients.
 

 Major Minors     Step   nCon Feasible  Optimal  MeritFunction    nS Penalty
     0     99               1 (0.0E+00) 2.0E+01 -2.7764984E+06    99           r  T
     1     64  1.1E-01      2 (0.0E+00) 2.0E+01 -2.7767173E+06   162         n rl
     2     24  1.0E-01      3 (0.0E+00) 9.9E-01 -2.7769165E+06   139         s  l  c
     2     26  1.0E-01      3 (0.0E+00) 9.9E-01 -2.7769165E+06   140         s     c
     3     12  1.0E+00      4 (7.6E-09) 1.1E+00 -2.8095464E+06   147               c
     4     14  1.0E+00      5  1.7E-05  7.4E-01 -2.8265698E+06   144               c
     5      5  1.0E+00      6 (6.7E-17) 1.5E+00 -2.8436508E+06   145               c
     6     11  1.0E+00      7 (1.2E-15) 6.8E-01 -2.8524672E+06   142               c
     7      7  1.0E+00      8  8.3E-06  1.3E+00 -2.8667779E+06   140               c
     8     15  1.0E+00      9 (9.6E-16) 1.0E+00 -2.8748763E+06   140               c
     9      8  1.0E+00     10 (1.6E-10) 7.4E-01 -2.8839761E+06   139               c

 Major Minors     Step   nCon Feasible  Optimal  MeritFunction    nS Penalty
    10      8  1.0E+00     11 (2.4E-15) 8.8E-01 -2.8890115E+06   136               c
    11      4  1.0E+00     12 (4.8E-15) 7.2E-01 -2.8934719E+06   135               c
    12      2  1.0E+00     13 (4.3E-16) 7.3E-01 -2.8984864E+06   134           R   c
    13      6  1.0E+00     14 (9.2E-16) 4.8E-01 -2.9014761E+06   135         s     c
    14      8  1.0E+00     15 (4.7E-10) 6.3E-01 -2.9041530E+06   130               c
    15      5  1.0E+00     16 (1.9E-15) 6.7E-01 -2.9064627E+06   132               c
    16      4  1.0E+00     17 (5.6E-15) 7.0E-01 -2.9097301E+06   133               c
    17      4  1.0E+00     18  2.9E-04  6.2E-01 -2.9123438E+06   132               c
    18      5  1.0E+00     19  1.9E-04  6.4E-01 -2.9147284E+06   128               c
    19      1  1.0E+00     20 (5.7E-15) 5.3E-01 -2.9169429E+06   128               c

 Major Minors     Step   nCon Feasible  Optimal  MeritFunction    nS Penalty
    20      4  1.0E+00     21  1.7E-04  4.9E-01 -2.9191635E+06   131               c
    21      3  4.8E-01     22  2.0E-04  5.9E-01 -2.9209316E+06   133               c
    22      8  1.0E+00     23  2.5E-04  7.2E-01 -2.9219789E+06   128               c
    23      4  1.0E+00     24  4.3E-05  3.8E-01 -2.9237538E+06   131           R   c
    24      4  1.0E+00     25  9.3E-05  4.6E-01 -2.9244789E+06   130         s     c
    25      3  1.0E+00     26  3.0E-05  2.9E-01 -2.9251404E+06   130               c
    26      2  1.0E+00     27 (2.3E-15) 4.1E-01 -2.9257479E+06   129               c
    27      7  1.0E+00     28 (2.3E-15) 4.7E-01 -2.9271087E+06   131               c
    28      6  1.0E+00     29 (1.2E-15) 3.6E-01 -2.9288521E+06   132               c
    29      3  1.0E+00     30 (3.0E-15) 3.9E-01 -2.9298760E+06   130               c

 Major Minors     Step   nCon Feasible  Optimal  MeritFunction    nS Penalty
    30      5  1.0E+00     31 (5.1E-15) 3.6E-01 -2.9306428E+06   130               c
    31      4  1.0E+00     32 (4.0E-15) 3.5E-01 -2.9311597E+06   131               c
    32      6  1.0E+00     33 (1.8E-16) 3.6E-01 -2.9317531E+06   128               c
    33      3  1.0E+00     34 (8.3E-16) 3.4E-01 -2.9320471E+06   128               c
    34      4  1.0E+00     35 (3.0E-16) 3.6E-01 -2.9325407E+06   129           R   c
    35      3  1.0E+00     36 (1.3E-15) 3.6E-01 -2.9327767E+06   129         s     c
    36      6  1.0E+00     37 (2.9E-16) 3.7E-01 -2.9330501E+06   130               c
    37      5  1.0E+00     38 (6.5E-16) 4.0E-01 -2.9332621E+06   128               c
    38      2  1.0E+00     39 (1.2E-16) 4.2E-01 -2.9335390E+06   129               c
    39      2  1.0E+00     40 (8.4E-16) 4.7E-01 -2.9338184E+06   128               c

 Major Minors     Step   nCon Feasible  Optimal  MeritFunction    nS Penalty
    40      5  1.0E+00     41 (5.4E-16) 6.6E-01 -2.9345224E+06   126               c
    41      3  1.0E+00     42 (6.1E-16) 5.6E-01 -2.9352495E+06   126               c
    42      2  1.0E+00     43 (6.3E-16) 7.0E-01 -2.9355410E+06   125               c
    43      1  1.0E+00     44 (3.8E-16) 7.4E-01 -2.9360904E+06   125               c
    44      5  1.0E+00     45 (6.8E-16) 7.1E-01 -2.9367042E+06   127               c
    45      2  1.0E+00     46 (1.1E-15) 7.2E-01 -2.9370001E+06   128           R   c
    46      3  1.0E+00     47 (9.3E-16) 7.2E-01 -2.9379973E+06   128         s     c
    47      3  1.0E+00     48 (8.8E-16) 7.2E-01 -2.9384339E+06   126               c
    48      4  1.0E+00     49 (2.8E-16) 5.7E-01 -2.9392355E+06   129               c
    49      3  1.0E+00     50 (1.7E-15) 4.5E-01 -2.9398595E+06   127               c

 Major Minors     Step   nCon Feasible  Optimal  MeritFunction    nS Penalty
    50      5  1.0E+00     51 (2.3E-16) 5.1E-01 -2.9405091E+06   125               c
    51      6  1.0E+00     52  3.8E-05  7.5E-01 -2.9409437E+06   126               c
    52      4  1.0E+00     53  9.3E-05  5.5E-01 -2.9413746E+06   125               c
    53      4  1.0E+00     54 (3.1E-16) 4.4E-01 -2.9415113E+06   126               c
    54      3  1.0E+00     55 (1.8E-16) 3.7E-01 -2.9419568E+06   124               c
    55      1  1.0E+00     56  2.0E-06  5.1E-01 -2.9420946E+06   124               c
    56      3  1.0E+00     57  2.8E-05  3.5E-01 -2.9425672E+06   124           R   c
    57      2  1.0E+00     58  5.0E-05  5.1E-01 -2.9427873E+06   125         s     c
    58      6  1.0E+00     59  2.9E-05  3.8E-01 -2.9430258E+06   128               c
    59      6  1.0E+00     60 (5.4E-16) 5.2E-01 -2.9433242E+06   127               c

 Major Minors     Step   nCon Feasible  Optimal  MeritFunction    nS Penalty
    60      2  1.0E+00     61  7.9E-05  6.1E-01 -2.9437066E+06   128               c
    61      3  4.9E-01     62  4.0E-05  3.7E-01 -2.9438014E+06   128               c
    62      2  1.0E+00     63 (2.6E-16) 4.5E-01 -2.9439028E+06   127               c
    63      4  1.0E+00     64  2.1E-05  6.9E-01 -2.9440884E+06   126               c
    64      2  1.0E+00     65  9.3E-05  4.5E-01 -2.9441887E+06   127               c
    65      3  1.0E+00     66 (1.0E-16) 4.5E-01 -2.9443242E+06   125               c
    66      2  1.0E+00     67 (1.5E-16) 3.1E-01 -2.9444308E+06   126               c
    67      1  1.0E+00     68 (1.9E-16) 2.4E-01 -2.9444621E+06   126           R   c
    68      3  1.0E+00     69  2.0E-05  5.2E-01 -2.9445729E+06   126         s     c
    69      1  1.0E+00     70  3.1E-05  3.8E-01 -2.9446337E+06   126               c

 Major Minors     Step   nCon Feasible  Optimal  MeritFunction    nS Penalty
    70      2  1.0E+00     71 (2.2E-16) 3.9E-01 -2.9446643E+06   127               c
    71      1  1.0E+00     72 (1.1E-16) 2.7E-01 -2.9446892E+06   127               c
    72      1  1.0E+00     73  1.9E-05  7.2E-01 -2.9446989E+06   127               c
    73      2  1.0E+00     74  2.7E-05  3.8E-01 -2.9447208E+06   126               c
    74      2  1.0E+00     75  3.1E-05  3.1E-01 -2.9447303E+06   127               c
    75      1  1.0E+00     76 (8.5E-17) 3.3E-01 -2.9448038E+06   127               c
    76      2  1.0E+00     77  3.6E-05  1.0E+00 -2.9448394E+06   126               c
    77      2  1.0E+00     78  7.0E-05  5.3E-01 -2.9448741E+06   127               c
    78      1  1.0E+00     79  3.2E-05  3.7E-01 -2.9448964E+06   127           R   c
    79      1  1.0E+00     80 (7.9E-17) 3.4E-01 -2.9449637E+06   127         s     c

 Major Minors     Step   nCon Feasible  Optimal  MeritFunction    nS Penalty
    80      2  1.0E+00     81  3.5E-05  4.0E-01 -2.9450181E+06   126               c
    81      2  3.7E-01     82  7.0E-06  1.1E+00 -2.9450350E+06   127               c
    82      1  4.3E-01     83  8.3E-06  2.7E-01 -2.9450542E+06   127               c
    83      1  4.3E-01     84  5.2E-06  2.8E-01 -2.9450628E+06   127               c
    84      1  1.0E+00     85 (1.3E-16) 3.0E-01 -2.9450696E+06   127               c
    85      2  4.4E-01     86  1.5E-06  2.6E-01 -2.9450776E+06   126               c
    86      2  4.3E-01     87  6.5E-06  9.1E-01 -2.9450899E+06   125               c
    87      3  4.4E-01     88  4.7E-06  1.0E+00 -2.9450987E+06   127               c
    88      3  1.0E+00     89  2.8E-05  4.2E-01 -2.9451078E+06   125               c
    89      1  1.0E+00     90  1.1E-05  3.1E-01 -2.9451403E+06   125           R   c

 Major Minors     Step   nCon Feasible  Optimal  MeritFunction    nS Penalty
    90      1  4.7E-01     91 (2.3E-16) 3.6E-01 -2.9451556E+06   125         s     c
    91      1  1.0E+00     92  5.0E-06  3.5E-01 -2.9451741E+06   125               c
    92      1  1.0E+00     93 (2.3E-16) 3.6E-01 -2.9451793E+06   125               c
    93      1  1.0E+00     94  1.3E-06  2.3E-01 -2.9451864E+06   125               c
    94      1  1.0E+00     95 (5.7E-17) 3.5E-01 -2.9451926E+06   125               c
    95      1  4.0E-01     96 (1.1E-07) 3.8E-01 -2.9451949E+06   125               c
    96      3  1.8E-01     97  2.5E-06  3.4E-01 -2.9451967E+06   125               c
    97      4  1.5E-01     98  3.4E-06  5.3E-01 -2.9451971E+06   126               c
    98      2  3.9E-01     99  2.1E-06  9.2E-01 -2.9451977E+06   125               c
    99      1  1.0E+00    100 (4.1E-08) 7.5E-01 -2.9451991E+06   125               c

 Major Minors     Step   nCon Feasible  Optimal  MeritFunction    nS Penalty
   100      1  1.9E-01    101 (3.5E-07) 6.8E-01 -2.9452005E+06   125           R   c
   101      1  1.0E+00    102  1.1E-06  2.0E-01 -2.9452095E+06   125         s     c
   102      1  1.0E+00    103 (1.2E-16) 3.0E-01 -2.9452139E+06   125               c
   103      1  4.6E-01    104 (4.3E-07) 3.5E-01 -2.9452147E+06   125               c
   104      1  8.2E-02    105 (1.0E-16) 2.9E-01 -2.9452151E+06   125               c
   105      1  1.9E-01    106 (9.1E-17) 4.1E-01 -2.9452152E+06   125               c
   106      2  3.6E-02    107 (1.6E-16) 3.6E-01 -2.9452155E+06   126               c
   107      3  6.6E-02    108 (1.7E-16) 2.4E-01 -2.9452158E+06   126               c
   108      2  3.8E-02    109 (1.1E-16) 3.3E-01 -2.9452159E+06   125               c
   109      1  2.8E-02    110 (7.9E-17) 2.5E-01 -2.9452160E+06   125               c
   109      2             110 (7.9E-17) 2.5E-01 -2.9452160E+06   125           r   c

 Major Minors     Step   nCon Feasible  Optimal  MeritFunction    nS Penalty
   110      3  1.3E-02    111  1.6E-06  2.2E-01 -2.9452192E+06   125         s     c
   111      4  4.8E-01    112  2.1E-06  2.9E-01 -2.9452198E+06   126               c
   112      1  4.0E-01    113  2.8E-06  3.1E-01 -2.9452223E+06   126               c
   113      3  9.6E-02    114  2.5E-06  1.8E-01 -2.9452224E+06   126               c
   114      4  7.1E-02    115  2.3E-06  3.7E-01 -2.9452227E+06   127               c
   115      1  1.5E-03    116  2.3E-06  5.3E-01 -2.9452227E+06   127               c
   115      3             116  2.3E-06  2.0E-01 -2.9452227E+06   126           r   c
   116      1  1.2E-02    117  5.8E-06  5.1E-01 -2.9452249E+06   126         s     c
   117      1  1.6E-01    118  3.8E-06  1.7E-01 -2.9452270E+06   126               c
   118      1  4.0E-01    119  6.1E-06  5.1E-01 -2.9452273E+06   126               c
   119      2  1.6E-01    120  5.0E-06  2.9E-01 -2.9452273E+06   125               c

 Major Minors     Step   nCon Feasible  Optimal  MeritFunction    nS Penalty
   120      3  1.5E-01    121  4.3E-06  4.5E-01 -2.9452279E+06   127               c
 
 SNOPTC EXIT  40 -- terminated after numerical difficulties
 SNOPTC INFO  41 -- current point cannot be improved

 Problem name                 CaseStud
 No. of iterations                 576   Objective value     -2.9452311196E+06
 No. of major iterations           120   Linear objective     0.0000000000E+00
 Penalty parameter           0.000E+00   Nonlinear objective -2.9452311196E+06
 No. of calls to funobj          39398   No. of calls to funcon          39398
 Calls with modes 1,2 (known g)    121   Calls with modes 1,2 (known g)    121
 Calls for forward differencing    486   Calls for forward differencing    486
 Calls for central differencing  38556   Calls for central differencing  38556
 No. of superbasics                127   No. of basic nonlinears            37
 No. of degenerate steps            28   Percentage                       4.86
 Max x                     160 1.2E+04   Max pi                     76 2.2E+01
 Max Primal infeas           0 0.0E+00   Max Dual infeas           149 1.1E+01
 Nonlinear constraint violn    3.4E-01
 
 

 Solution printed on file  18
 
 Time for MPS input                             0.00 seconds
 Time for solving problem                    1090.69 seconds
 Time for solution output                       0.01 seconds
 Time for constraint functions               1091.40 seconds
 Time for objective function                    0.00 seconds
