
 ==============================
 S N O P T  7.2-12.3 (Aug 2014)
 ==============================
 
 SNMEMB EXIT 100 -- finished successfully
 SNMEMB INFO 104 -- memory requirements estimated

 ==============================
 S N O P T  7.2-12.3 (Aug 2014)
 ==============================
 
 

 Nonlinear constraints    1091     Linear constraints       0
 Nonlinear variables       162     Linear variables         0
 Jacobian  variables       162     Objective variables    162
 Total constraints        1091     Total variables        162
 

 
 The user has defined       0   out of  176742   constraint gradients.
 The user has defined       0   out of     162   objective  gradients.
 

        Minor   QPmult   nInf   SumInf   rgNorm    QPobjective    nS
          100  7.2E+00                  3.6E-15 -2.7166640E+06    99

 Major Minors     Step   nCon Feasible  Optimal  MeritFunction    nS Penalty
     0    100               1 (0.0E+00) 1.7E+00 -2.7156738E+06    99           r  T
     1     63  1.1E-01      2 (0.0E+00) 1.7E+00 -2.7158970E+06   161         n rl
     2      1  9.6E-02      4 (0.0E+00) 1.7E+00 -2.7160976E+06   161         n rl
     3     49  1.0E+00      5 (3.9E-15) 9.9E-01 -2.7181789E+06   113         s     c
     3     50  1.0E+00      5 (3.9E-15) 9.9E-01 -2.7181789E+06   113         s     c
     4     37  1.0E+00      6  5.3E-03  1.3E+00 -2.7995115E+06   131               c
     5     20  1.0E+00      7  5.6E-05  8.2E-01 -2.8012663E+06   129 1.2E-01       c
     6     15  1.0E+00      8 (4.7E-15) 2.3E+00 -2.8119899E+06   131 1.2E-01       c
     7     14  1.0E+00      9 (6.9E-15) 1.2E+00 -2.8342034E+06   120 1.2E-01       c
     8     12  1.0E+00     10 (2.0E-14) 1.5E+00 -2.8488997E+06   123 1.2E-01       c
     9     11  1.0E+00     11 (9.1E-16) 9.8E-01 -2.8649790E+06   123 1.2E-01       c

 Major Minors     Step   nCon Feasible  Optimal  MeritFunction    nS Penalty
    10      8  1.0E+00     12  4.1E-04  7.8E-01 -2.8747478E+06   126 1.2E-01       c
    11      4  1.0E+00     13  1.7E-04  1.0E+00 -2.8796612E+06   125 1.2E-01       c
    12      7  1.0E+00     14  2.5E-04  9.4E-01 -2.8878644E+06   123 1.2E-01       c
    13      9  4.9E-01     15  1.3E-04  4.1E-01 -2.8942266E+06   123 1.2E-01   R   c
    14      6  4.8E-01     16  2.3E-04  4.3E-01 -2.8973736E+06   126 1.2E-01 s     c
    15      2  1.0E+00     17  3.3E-05  3.1E-01 -2.8994084E+06   125 1.2E-01       c
    16      4  1.0E+00     18 (5.0E-16) 4.2E-01 -2.9014502E+06   128 1.2E-01       c
    17      1  1.0E+00     19  1.9E-04  6.8E-01 -2.9022372E+06   128 1.2E-01       c
    18      5  1.0E+00     20 (3.6E-16) 4.3E-01 -2.9040154E+06   128 1.2E-01       c
    19      4  1.0E+00     21 (2.5E-16) 4.2E-01 -2.9055077E+06   127 1.2E-01       c

 Major Minors     Step   nCon Feasible  Optimal  MeritFunction    nS Penalty
    20      1  1.0E+00     22  1.2E-04  4.3E-01 -2.9065967E+06   127 1.2E-01       c
    21      1  4.9E-01     23  1.0E-04  3.1E-01 -2.9073306E+06   127 1.2E-01       c
    22      1  1.0E+00     24 (1.3E-15) 3.9E-01 -2.9077311E+06   127 1.2E-01       c
    23      2  1.0E+00     25  4.6E-05  5.6E-01 -2.9084052E+06   126 1.2E-01       c
    24      3  1.0E+00     26  3.9E-05  6.4E-01 -2.9088289E+06   128 1.2E-01   R   c
    25      1  1.0E+00     27  6.3E-05  3.7E-01 -2.9100653E+06   128 1.2E-01 s     c
    26      2  1.0E+00     28  1.8E-06  3.2E-01 -2.9106563E+06   127 1.2E-01       c
    27      1  1.0E+00     29  1.9E-05  3.5E-01 -2.9109722E+06   127 1.2E-01       c
    28      2  1.0E+00     30  4.1E-05  4.3E-01 -2.9116238E+06   126 1.2E-01       c
    29      1  1.0E+00     31  5.4E-05  5.3E-01 -2.9118952E+06   126 1.2E-01       c

 Major Minors     Step   nCon Feasible  Optimal  MeritFunction    nS Penalty
    30      2  1.0E+00     32  2.1E-05  4.0E-01 -2.9128330E+06   125 1.2E-01       c
    31      3  1.0E+00     33  6.5E-05  6.9E-01 -2.9132114E+06   125 1.2E-01       c
    32      1  1.0E+00     34  1.9E-05  4.1E-01 -2.9135827E+06   125 1.2E-01       c
    33      3  1.0E+00     35  9.9E-05  5.2E-01 -2.9138075E+06   127 1.2E-01       c
    34      3  1.0E+00     36  4.8E-05  4.2E-01 -2.9140547E+06   125 1.2E-01       c
    35      3  1.0E+00     37 (2.5E-16) 3.5E-01 -2.9144383E+06   125 1.2E-01   R   c
    36      2  4.8E-01     38  1.4E-05  6.7E-01 -2.9145742E+06   126 1.2E-01 s     c
    37      1  1.0E+00     39  3.9E-06  2.6E-01 -2.9146992E+06   126 1.2E-01       c
    38      1  1.0E+00     40 (2.7E-16) 3.9E-01 -2.9148020E+06   126 1.2E-01       c
    39      2  1.0E+00     41 (5.4E-07) 3.6E-01 -2.9149314E+06   125 1.2E-01       c

 Major Minors     Step   nCon Feasible  Optimal  MeritFunction    nS Penalty
    40      3  1.0E+00     42  1.2E-06  4.5E-01 -2.9151785E+06   125 1.2E-01       c
    41      2  1.0E+00     43  1.8E-05  6.3E-01 -2.9153439E+06   124 1.2E-01       c
    42      2  1.0E+00     44  2.1E-05  3.7E-01 -2.9154351E+06   123 1.2E-01       c
    43      1  1.0E+00     45  4.2E-06  7.0E-01 -2.9155276E+06   123 1.2E-01       c
    44      2  4.2E-01     46  1.2E-05  3.1E-01 -2.9155576E+06   124 1.2E-01       c
    45      1  4.3E-01     47  7.1E-06  3.0E-01 -2.9155927E+06   124 1.2E-01       c
    46      2  3.8E-01     48  5.0E-06  4.8E-01 -2.9156131E+06   123 1.2E-01   R   c
    47      1  4.5E-01     49  2.7E-06  2.9E-01 -2.9156353E+06   123 1.2E-01 s     c
    48      2  1.0E+00     50 (5.7E-17) 2.7E-01 -2.9156485E+06   124 1.2E-01       c
    49      2  1.0E+00     51  3.2E-06  6.7E-01 -2.9156534E+06   123 1.2E-01       c

 Major Minors     Step   nCon Feasible  Optimal  MeritFunction    nS Penalty
    50      1  1.0E+00     52 (1.7E-09) 5.5E-01 -2.9156696E+06   123 1.2E-01       c
    51      1  3.6E-01     53  4.8E-06  3.0E-01 -2.9156767E+06   123 1.2E-01       c
    52      2  1.0E+00     54 (6.9E-17) 2.5E-01 -2.9156905E+06   124 1.2E-01       c
    53      1  4.2E-01     55 (5.7E-17) 2.6E-01 -2.9157002E+06   124 1.2E-01       c
    54      1  1.4E-01     56 (5.7E-08) 2.7E-01 -2.9157027E+06   124 1.2E-01       c
    55      2  1.6E-01     57 (1.9E-07) 2.6E-01 -2.9157043E+06   123 1.2E-01       c
    56      1  4.6E-01     58 (9.4E-07) 5.7E-01 -2.9157082E+06   123 1.2E-01       c
    57      1  4.1E-01     59 (6.3E-07) 7.9E-01 -2.9157098E+06   123 1.2E-01   R   c
    58      1  1.0E+00     60  2.6E-06  2.8E-01 -2.9157182E+06   123 1.2E-01 s     c
    59      1  1.0E+00     61 (6.3E-17) 2.7E-01 -2.9157232E+06   123 1.2E-01       c

 Major Minors     Step   nCon Feasible  Optimal  MeritFunction    nS Penalty
    60      1  1.0E+00     62 (1.0E-07) 2.8E-01 -2.9157264E+06   123 1.2E-01       c
    61      1  4.4E-01     63 (1.8E-07) 2.9E-01 -2.9157269E+06   123 1.2E-01       c
    62      1  1.0E+00     64 (7.8E-07) 4.6E-01 -2.9157315E+06   123 1.2E-01       c
    63      2  7.9E-02     65 (7.9E-07) 6.9E-01 -2.9157318E+06   124 1.2E-01       c
    64      2  5.7E-02     66 (7.3E-07) 8.6E-01 -2.9157319E+06   123 1.2E-01       c
    65      1  1.7E-01     67 (6.1E-07) 8.3E-01 -2.9157327E+06   123 1.2E-01       c
    66      1  1.9E-01     68 (5.7E-07) 6.1E-01 -2.9157353E+06   123 1.2E-01       c
    67      2  1.6E-01     69 (4.7E-07) 4.4E-01 -2.9157355E+06   124 1.2E-01       c
    68      2  4.1E-01     70 (1.7E-07) 2.5E-01 -2.9157381E+06   123 1.2E-01   R   c
    69      1  1.0E+00     71 (1.2E-07) 2.0E-01 -2.9157490E+06   123 1.2E-01 s     c

 Major Minors     Step   nCon Feasible  Optimal  MeritFunction    nS Penalty
    70      1  4.3E-01     72 (7.0E-08) 1.7E-01 -2.9157512E+06   123 1.2E-01       c
    71      1  1.0E+00     73 (7.8E-08) 2.2E-01 -2.9157577E+06   123 1.2E-01       c
    72      1  1.0E+00     74 (9.2E-08) 3.3E-01 -2.9157599E+06   123 1.2E-01       c
    73      1  4.8E-01     75 (4.5E-08) 2.1E-01 -2.9157660E+06   123 1.2E-01       c
    74      1  4.2E-01     76 (5.8E-09) 3.2E-01 -2.9157695E+06   123 1.2E-01       c
    75      1  4.5E-01     77 (6.9E-17) 2.5E-01 -2.9157757E+06   123 1.2E-01       c
    76      2  5.0E-01     78 (1.5E-16) 1.9E-01 -2.9157811E+06   124 1.2E-01       c
    77      1  4.2E-01     79 (1.1E-08) 1.5E-01 -2.9157845E+06   124 1.2E-01       c
    78      2  4.6E-01     80 (5.7E-08) 7.7E-01 -2.9157892E+06   123 1.2E-01       c
    78      4              80 (5.7E-08) 1.4E-01 -2.9157892E+06   122           r   c
    79      2  1.1E-02     81  1.0E-06  2.8E-01 -2.9157956E+06   123         s     c

 Major Minors     Step   nCon Feasible  Optimal  MeritFunction    nS Penalty
    80      1  1.0E+00     82  7.9E-06  4.9E-01 -2.9157959E+06   123               c
    81      1  1.0E+00     83  3.6E-06  3.2E-01 -2.9158065E+06   123               c
    82      1  1.0E+00     84  3.9E-06  4.6E-01 -2.9158091E+06   123               c
    83      1  1.0E+00     85  3.9E-06  3.1E-01 -2.9158215E+06   123               c
    84      1  4.6E-01     86  2.1E-06  2.7E-01 -2.9158272E+06   123               c
    85      2  4.0E-01     87  1.3E-06  2.8E-01 -2.9158310E+06   124               c
    86      1  1.0E+00     88  4.7E-06  5.3E-01 -2.9158342E+06   124               c
    87      2  4.6E-01     89  2.5E-06  4.3E-01 -2.9158396E+06   125               c
    88      2  4.5E-01     90  5.0E-06  3.3E-01 -2.9158437E+06   124               c
    89      2  1.0E+00     91  2.6E-06  5.7E-01 -2.9158476E+06   123           R   c

 Major Minors     Step   nCon Feasible  Optimal  MeritFunction    nS Penalty
    90      1  1.0E+00     92  1.3E-06  3.0E-01 -2.9158616E+06   123         s     c
    91      1  1.0E+00     93 (7.8E-10) 2.8E-01 -2.9158626E+06   123               c
    92      1  1.0E+00     94 (9.1E-17) 2.9E-01 -2.9158690E+06   123               c
    93      1  1.0E+00     95  2.5E-06  6.3E-01 -2.9158702E+06   123               c
    94      1  1.0E+00     96 (2.3E-07) 2.8E-01 -2.9158769E+06   123               c
    95      1  1.1E-01     97 (3.2E-07) 2.0E-01 -2.9158787E+06   123               c
    96      1  1.5E-01     98 (2.0E-07) 2.9E-01 -2.9158796E+06   123               c
    97      1  1.3E-01     99 (1.8E-07) 2.9E-01 -2.9158799E+06   123               c
    97      2              99 (1.8E-07) 2.7E-01 -2.9158799E+06   123           r   c
    98      1  6.5E-02    100  2.5E-06  5.9E-01 -2.9158828E+06   123         s     c
    99      1  1.0E+00    101  2.3E-06  3.4E-01 -2.9158843E+06   123               c

 Major Minors     Step   nCon Feasible  Optimal  MeritFunction    nS Penalty
   100      1  1.0E+00    102 (8.7E-08) 3.5E-01 -2.9158863E+06   123               c
 
 SNOPTC EXIT  40 -- terminated after numerical difficulties
 SNOPTC INFO  41 -- current point cannot be improved

 Problem name                 CaseStud
 No. of iterations                 494   Objective value     -2.9158864700E+06
 No. of major iterations           100   Linear objective     0.0000000000E+00
 Penalty parameter           0.000E+00   Nonlinear objective -2.9158864700E+06
 No. of calls to funobj          32866   No. of calls to funcon          32866
 Calls with modes 1,2 (known g)    102   Calls with modes 1,2 (known g)    102
 Calls for forward differencing    810   Calls for forward differencing    810
 Calls for central differencing  31752   Calls for central differencing  31752
 No. of superbasics                123   No. of basic nonlinears            39
 No. of degenerate steps             2   Percentage                       0.40
 Max x                     155 1.2E+04   Max pi                    316 2.7E+01
 Max Primal infeas           0 0.0E+00   Max Dual infeas           129 9.5E+00
 Nonlinear constraint violn    7.0E-03
 
 

 Solution printed on file  18
 
 Time for MPS input                             0.00 seconds
 Time for solving problem                     929.81 seconds
 Time for solution output                       0.01 seconds
 Time for constraint functions                931.50 seconds
 Time for objective function                    0.00 seconds
