
 ==============================
 S N O P T  7.2-12.3 (Aug 2014)
 ==============================
 
 SNMEMB EXIT 100 -- finished successfully
 SNMEMB INFO 104 -- memory requirements estimated

 ==============================
 S N O P T  7.2-12.3 (Aug 2014)
 ==============================
 
 

 Nonlinear constraints    1091     Linear constraints       0
 Nonlinear variables       162     Linear variables         0
 Jacobian  variables       162     Objective variables    162
 Total constraints        1091     Total variables        162
 

 
 The user has defined       0   out of  176742   constraint gradients.
 The user has defined       0   out of     162   objective  gradients.
 

        Minor   QPmult   nInf   SumInf   rgNorm    QPobjective    nS
          100 -6.6E+00                  1.7E+00  1.4956661E+07    96

 Major Minors     Step   nCon Feasible  Optimal  MeritFunction    nS Penalty
     0    104               1  1.6E-02  8.4E-01 -2.7079123E+06    99           r  Tc

 Major Minors     Step   nCon Feasible  Optimal  MeritFunction    nS Penalty
     0    105               1  1.6E-02  8.4E-01 -2.7079123E+06    99           r   c
     1      1  4.1E-03      2  1.6E-02  8.4E-01  2.5514416E+07    99 2.8E+01 n rl  c
     2     99  4.1E-03      3  1.6E-02  1.1E+00  3.0123817E+07   148 3.3E+01 s  l  c
     3     20  1.0E+00      4 (2.3E-14) 1.2E+00 -2.7826849E+06   148 6.7E+00       c
     4     18  1.0E+00      5 (3.1E-14) 1.1E+00 -2.7951311E+06   143 6.7E+00       c
     5     11  1.0E+00      6 (3.4E-15) 1.3E+00 -2.8145387E+06   141 6.7E+00       c
     6      5  1.0E+00      7 (2.0E-14) 1.2E+00 -2.8264509E+06   145 6.7E+00       c
     7      7  1.0E+00      8 (2.2E-15) 1.0E+00 -2.8470705E+06   141 6.7E+00       c
     8      4  1.0E+00      9 (1.7E-15) 9.1E-01 -2.8599576E+06   140 6.7E+00       c
     9      8  1.0E+00     10 (3.7E-14) 1.2E+00 -2.8656209E+06   135 6.7E+00       c

 Major Minors     Step   nCon Feasible  Optimal  MeritFunction    nS Penalty
    10      7  1.0E+00     11 (1.9E-15) 1.5E+00 -2.8718961E+06   133 6.7E+00       c
    11      6  1.0E+00     12 (5.9E-15) 8.1E-01 -2.8800100E+06   134 6.7E+00       c
    12      4  1.0E+00     13 (2.7E-15) 8.0E-01 -2.8849906E+06   135 6.7E+00   R   c
    13      3  1.0E+00     14 (1.5E-14) 1.0E+00 -2.8907573E+06   133 6.7E+00 s     c
    14      3  1.0E+00     15 (5.6E-16) 4.7E-01 -2.8956890E+06   133 6.7E+00       c
    15      5  1.0E+00     16 (2.6E-15) 6.2E-01 -2.8977334E+06   133 6.7E+00       c
    16      8  1.0E+00     17 (2.7E-15) 6.2E-01 -2.9013566E+06   130 6.7E+00       c
    17      7  4.9E-01     18 (2.9E-15) 7.6E-01 -2.9036890E+06   132 6.7E+00       c
    18      3  1.0E+00     19 (4.2E-14) 8.9E-01 -2.9058597E+06   130 6.7E+00       c
    19      4  1.0E+00     20 (1.2E-13) 5.8E-01 -2.9099986E+06   129 6.7E+00       c

 Major Minors     Step   nCon Feasible  Optimal  MeritFunction    nS Penalty
    20      2  1.0E+00     21 (5.1E-15) 1.0E+00 -2.9107980E+06   128 6.7E+00       c
    21      4  1.0E+00     22 (2.3E-15) 5.9E-01 -2.9150848E+06   129 6.7E+00       c
    22      2  4.8E-01     23 (2.3E-15) 6.2E-01 -2.9165693E+06   128 6.7E+00       c
    23      3  1.0E+00     24 (4.3E-15) 6.1E-01 -2.9174948E+06   130 6.7E+00   R   c
    24      1  1.0E+00     25 (3.7E-13) 6.7E-01 -2.9179884E+06   130 6.7E+00 s     c
    25      2  1.0E+00     26 (2.9E-14) 6.1E-01 -2.9193760E+06   129 6.7E+00       c
    26      1  1.0E+00     27 (2.6E-15) 7.3E-01 -2.9203383E+06   129 6.7E+00       c
    27      2  1.0E+00     28 (2.3E-15) 3.1E-01 -2.9214972E+06   128 6.7E+00       c
    28      2  1.0E+00     29 (3.9E-15) 4.7E-01 -2.9216151E+06   129 6.7E+00       c
    29      2  1.0E+00     30  1.8E-05  3.8E-01 -2.9222591E+06   128 6.7E+00       c

 Major Minors     Step   nCon Feasible  Optimal  MeritFunction    nS Penalty
    30      2  3.8E-01     31 (6.7E-14) 3.4E-01 -2.9224296E+06   129 6.7E+00       c
    31      1  1.0E+00     32 (2.1E-14) 3.0E-01 -2.9225569E+06   129 6.7E+00       c
    32      1  1.0E+00     33 (2.3E-15) 3.3E-01 -2.9227371E+06   129 6.7E+00       c
    33      1  4.4E-01     34 (2.3E-15) 2.5E-01 -2.9228363E+06   129 6.7E+00       c
    34      2  3.8E-01     35  3.0E-06  3.1E-01 -2.9229207E+06   130 6.7E+00   R   c
    35      1  1.0E+00     36  2.0E-06  3.4E-01 -2.9229578E+06   130 6.7E+00 s     c
    36      1  1.0E+00     37  1.4E-06  2.9E-01 -2.9231123E+06   130 6.7E+00       c
    37      1  4.6E-01     38  1.8E-06  2.9E-01 -2.9231607E+06   130 6.7E+00       c
    38      1  4.4E-01     39  2.2E-06  2.7E-01 -2.9231873E+06   130 6.7E+00       c
    39      1  1.0E+00     40  1.5E-05  2.5E-01 -2.9231926E+06   130 6.7E+00       c

 Major Minors     Step   nCon Feasible  Optimal  MeritFunction    nS Penalty
    40      1  1.0E+00     41  1.1E-05  3.3E-01 -2.9232284E+06   130 6.7E+00       c
    41      1  4.2E-01     42  7.7E-06  2.6E-01 -2.9232774E+06   130 6.7E+00       c
    42      1  1.0E+00     43  1.9E-06  2.8E-01 -2.9232992E+06   130 6.7E+00       c
    43      1  5.0E-01     44  3.2E-06  3.4E-01 -2.9233270E+06   130 6.7E+00       c
    44      1  4.2E-01     45  9.5E-06  2.7E-01 -2.9233759E+06   130 6.7E+00       c
    45      1  3.8E-01     46  1.1E-05  3.2E-01 -2.9233994E+06   130 6.7E+00   R   c
    46      1  4.7E-01     47  7.1E-06  2.4E-01 -2.9234344E+06   130 6.7E+00 s     c
    47      1  1.0E+00     48  1.8E-06  3.2E-01 -2.9234425E+06   130 6.7E+00       c
    48      1  1.0E+00     49 (6.7E-07) 2.7E-01 -2.9234670E+06   130 6.7E+00       c
    49      1  4.8E-01     50 (6.1E-07) 2.3E-01 -2.9234811E+06   130 6.7E+00       c

 Major Minors     Step   nCon Feasible  Optimal  MeritFunction    nS Penalty
    50      1  3.4E-01     51 (6.5E-07) 3.5E-01 -2.9234859E+06   130 6.7E+00       c
    51      1  4.8E-01     52 (6.4E-07) 1.7E-01 -2.9234945E+06   130 6.7E+00       c
    52      1  3.8E-01     53 (8.4E-07) 3.0E-01 -2.9234998E+06   130 6.7E+00       c
    53      1  3.5E-01     54 (7.6E-07) 2.5E-01 -2.9235028E+06   130 6.7E+00       c
    54      1  3.9E-01     55  1.8E-06  2.2E-01 -2.9235073E+06   130 6.7E+00       c
    55      2  3.9E-01     56  1.9E-06  2.6E-01 -2.9235090E+06   129 6.7E+00       c
    56      2  1.4E-01     57  2.2E-06  2.1E-01 -2.9235098E+06   130 6.7E+00   R   c
    57      1  4.5E-01     58  1.4E-06  2.5E-01 -2.9235145E+06   130 6.7E+00 s     c
    58      1  1.0E+00     59 (3.3E-07) 2.2E-01 -2.9235192E+06   130 6.7E+00       c
    59      2  3.9E-01     60 (3.0E-07) 2.2E-01 -2.9235234E+06   129 6.7E+00       c

 Major Minors     Step   nCon Feasible  Optimal  MeritFunction    nS Penalty
    60      2  5.6E-02     61 (3.1E-07) 2.2E-01 -2.9235235E+06   130 6.7E+00       c
    61      2  4.2E-01     62 (2.9E-07) 2.2E-01 -2.9235248E+06   129 6.7E+00       c
    62      1  6.4E-02     63 (3.1E-07) 4.8E-01 -2.9235249E+06   129 6.7E+00       c
    63      2  1.8E-02     64 (3.3E-07) 9.6E-01 -2.9235250E+06   128 6.7E+00       c
    63      4              64 (3.3E-07) 2.4E-01 -2.9235250E+06   129           r   c
    64      2  1.3E-02     65 (3.5E-07) 1.1E-01 -2.9235257E+06   130         s     c
    65      2  1.8E-01     66 (2.2E-07) 2.1E-01 -2.9235258E+06   129               c
    66      1  1.3E-02     67 (2.5E-07) 2.9E-01 -2.9235258E+06   129               c
    67      1  3.1E-02     68 (2.7E-07) 4.0E-01 -2.9235258E+06   129               c
    68      1  6.8E-03     69 (2.8E-07) 2.4E-01 -2.9235258E+06   129               c
    69      1  3.5E-03     70 (2.9E-07) 7.0E-01 -2.9235258E+06   129               c

 Major Minors     Step   nCon Feasible  Optimal  MeritFunction    nS Penalty
    70      1  1.1E-02     71 (3.2E-07) 6.2E-01 -2.9235258E+06   129               c
    71      2  4.8E-03     72 (3.4E-07) 4.6E-01 -2.9235258E+06   130               c
    71      4              72 (3.4E-07) 2.2E-01 -2.9235258E+06   129           r   c
    72      2  1.7E-02     73 (6.6E-07) 1.9E-01 -2.9235263E+06   130         s     c
    73      2  4.7E-02     74 (6.9E-07) 6.0E-01 -2.9235263E+06   129               c
    74      1  3.1E-02     75 (9.4E-07) 2.3E-01 -2.9235263E+06   129               c
 
 SNOPTC EXIT  40 -- terminated after numerical difficulties
 SNOPTC INFO  41 -- current point cannot be improved

 Problem name                 CaseStud
 No. of iterations                 411   Objective value     -2.9235262744E+06
 No. of major iterations            74   Linear objective     0.0000000000E+00
 Penalty parameter           0.000E+00   Nonlinear objective -2.9235262744E+06
 No. of calls to funobj          24743   No. of calls to funcon          24743
 Calls with modes 1,2 (known g)     75   Calls with modes 1,2 (known g)     75
 Calls for forward differencing    162   Calls for forward differencing    162
 Calls for central differencing  24300   Calls for central differencing  24300
 No. of superbasics                129   No. of basic nonlinears            33
 No. of degenerate steps             0   Percentage                       0.00
 Max x                     155 1.2E+04   Max pi                    247 2.0E+01
 Max Primal infeas           0 0.0E+00   Max Dual infeas           466 6.6E+00
 Nonlinear constraint violn    7.6E-02
 
 

 Solution printed on file  18
 
 Time for MPS input                             0.00 seconds
 Time for solving problem                     673.78 seconds
 Time for solution output                       0.01 seconds
 Time for constraint functions                675.95 seconds
 Time for objective function                    0.00 seconds
