
 ==============================
 S N O P T  7.2-12.3 (Aug 2014)
 ==============================
 
 SNMEMB EXIT 100 -- finished successfully
 SNMEMB INFO 104 -- memory requirements estimated

 ==============================
 S N O P T  7.2-12.3 (Aug 2014)
 ==============================
 
 

 Nonlinear constraints    1091     Linear constraints       0
 Nonlinear variables       162     Linear variables         0
 Jacobian  variables       162     Objective variables    162
 Total constraints        1091     Total variables        162
 

 
 The user has defined       0   out of  176742   constraint gradients.
 The user has defined       0   out of     162   objective  gradients.
 

        Minor   QPmult   nInf   SumInf   rgNorm    QPobjective    nS
          100  7.8E+00                  2.1E-12  1.8183874E+07    95

 Major Minors     Step   nCon Feasible  Optimal  MeritFunction    nS Penalty
     0    104               1  1.8E-02  9.7E-01 -2.7253944E+06    99           r  Tc

 Major Minors     Step   nCon Feasible  Optimal  MeritFunction    nS Penalty
     0    105               1  1.8E-02  9.7E-01 -2.7253944E+06    99           r   c
     1      1  3.6E-03      2  1.8E-02  9.7E-01  3.0646084E+07    99 2.9E+01 n rl  c
     2     79  3.6E-03      3  1.7E-02  1.0E+00  3.3495870E+07   146 3.2E+01 s  l  c
     3     16  1.0E+00      4 (7.2E-15) 1.4E+00 -2.7821271E+06   145 6.6E+00       c
     4      7  1.0E+00      5 (7.0E-14) 1.3E+00 -2.8076561E+06   141 6.6E+00       c
     5     10  1.0E+00      6 (8.2E-16) 7.4E-01 -2.8270841E+06   132 6.6E+00       c
     6      9  1.0E+00      7 (1.6E-14) 8.7E-01 -2.8440015E+06   130 6.6E+00       c
     7      4  1.0E+00      8 (4.2E-14) 1.1E+00 -2.8532709E+06   133 6.6E+00       c
     8      4  1.0E+00      9 (6.2E-15) 5.9E-01 -2.8616329E+06   132 6.6E+00       c
     9      4  1.0E+00     10 (7.5E-15) 8.8E-01 -2.8677253E+06   131 6.6E+00       c

 Major Minors     Step   nCon Feasible  Optimal  MeritFunction    nS Penalty
    10      5  1.0E+00     11 (6.2E-15) 7.5E-01 -2.8733030E+06   129 6.6E+00       c
    11      7  1.0E+00     12 (6.2E-15) 8.3E-01 -2.8773631E+06   129 6.6E+00       c
    12      5  1.0E+00     13 (6.2E-15) 9.5E-01 -2.8826053E+06   131 6.6E+00   R   c
    13      4  1.0E+00     14 (6.2E-15) 6.4E-01 -2.8868693E+06   133 6.6E+00 s     c
    14      6  1.0E+00     15 (6.2E-15) 3.3E-01 -2.8912952E+06   130 6.6E+00       c
    15      1  1.0E+00     16 (3.2E-09) 7.0E-01 -2.8927482E+06   130 6.6E+00       c
    16      5  1.0E+00     17 (6.2E-15) 3.4E-01 -2.8959977E+06   130 6.6E+00       c
    17      3  1.0E+00     18 (6.2E-15) 6.3E-01 -2.8960802E+06   130 6.6E+00       c
    18      4  1.0E+00     19 (6.2E-15) 5.0E-01 -2.8994747E+06   131 6.6E+00       c
    19      4  1.0E+00     20 (6.2E-15) 8.7E-01 -2.8995706E+06   128 6.6E+00       c

 Major Minors     Step   nCon Feasible  Optimal  MeritFunction    nS Penalty
    20      4  1.0E+00     21 (6.2E-15) 4.6E-01 -2.9024944E+06   129 6.6E+00       c
    21      2  4.7E-01     22 (6.2E-15) 3.8E-01 -2.9034874E+06   128 6.6E+00       c
    22      1  1.0E+00     23 (6.2E-15) 3.7E-01 -2.9044504E+06   128 6.6E+00       c
    23      4  1.0E+00     24 (6.2E-15) 3.1E-01 -2.9056017E+06   127 6.6E+00   R   c
    24      1  1.0E+00     25 (6.2E-15) 3.4E-01 -2.9066636E+06   127 6.6E+00 s     c
    25      1  1.0E+00     26 (6.2E-15) 2.3E-01 -2.9073874E+06   127 6.6E+00       c
    26      2  1.0E+00     27 (6.2E-15) 2.7E-01 -2.9076723E+06   126 6.6E+00       c
    27      2  1.0E+00     28 (6.2E-15) 2.4E-01 -2.9079866E+06   127 6.6E+00       c
    28      1  4.6E-01     29 (6.2E-15) 2.5E-01 -2.9082449E+06   127 6.6E+00       c
    29      1  1.0E+00     30 (6.2E-15) 2.7E-01 -2.9086293E+06   127 6.6E+00       c

 Major Minors     Step   nCon Feasible  Optimal  MeritFunction    nS Penalty
    30      1  3.6E-01     31 (6.2E-15) 3.5E-01 -2.9087591E+06   127 6.6E+00       c
    31      3  1.0E+00     32 (6.2E-15) 3.5E-01 -2.9090354E+06   125 6.6E+00       c
    32      2  1.0E+00     33 (6.2E-15) 3.9E-01 -2.9096040E+06   124 6.6E+00       c
    33      2  1.0E+00     34 (6.2E-15) 3.9E-01 -2.9100635E+06   125 6.6E+00       c
    34      2  1.0E+00     35 (6.2E-15) 5.2E-01 -2.9107292E+06   126 6.6E+00   R   c
    35      1  1.0E+00     36 (6.2E-15) 3.7E-01 -2.9111206E+06   126 6.6E+00 s     c
    36      4  1.0E+00     37 (6.2E-15) 3.7E-01 -2.9114172E+06   125 6.6E+00       c
    37      2  4.9E-01     38 (6.2E-15) 3.1E-01 -2.9116142E+06   126 6.6E+00       c
    38      2  1.0E+00     39 (6.2E-15) 3.7E-01 -2.9118456E+06   127 6.6E+00       c
    39      3  1.0E+00     40 (6.2E-15) 4.3E-01 -2.9121979E+06   127 6.6E+00       c

 Major Minors     Step   nCon Feasible  Optimal  MeritFunction    nS Penalty
    40      1  1.0E+00     41 (6.2E-15) 5.1E-01 -2.9124615E+06   127 6.6E+00       c
    41      2  1.0E+00     42 (6.2E-15) 4.0E-01 -2.9128444E+06   126 6.6E+00       c
    42      4  1.0E+00     43 (6.2E-15) 4.3E-01 -2.9131364E+06   125 6.6E+00       c
    43      3  1.0E+00     44 (6.2E-15) 3.2E-01 -2.9136147E+06   125 6.6E+00       c
    44      3  1.0E+00     45 (6.2E-15) 7.3E-01 -2.9139912E+06   127 6.6E+00       c
    45      2  1.0E+00     46 (6.2E-15) 3.3E-01 -2.9144658E+06   126 6.6E+00   R   c
    46      3  1.0E+00     47 (6.2E-15) 4.0E-01 -2.9148129E+06   124 6.6E+00 s     c
    47      3  1.0E+00     48 (6.2E-15) 5.2E-01 -2.9151172E+06   124 6.6E+00       c
    48      1  1.0E+00     49 (6.2E-15) 7.0E-01 -2.9156699E+06   124 6.6E+00       c
    49      3  1.0E+00     50 (6.2E-15) 4.2E-01 -2.9161586E+06   126 6.6E+00       c

 Major Minors     Step   nCon Feasible  Optimal  MeritFunction    nS Penalty
    50      3  1.0E+00     51  1.8E-05  4.9E-01 -2.9166303E+06   124 6.6E+00       c
    51      2  1.0E+00     52 (6.2E-15) 4.5E-01 -2.9169353E+06   125 6.6E+00       c
    52      2  1.0E+00     53 (6.2E-15) 4.6E-01 -2.9171906E+06   124 6.6E+00       c
    53      2  1.0E+00     54 (6.2E-15) 6.2E-01 -2.9172006E+06   125 6.6E+00       c
    54      2  1.0E+00     55 (6.2E-15) 6.8E-01 -2.9179285E+06   124 6.6E+00       c
    55      3  1.0E+00     56 (6.2E-15) 9.8E-01 -2.9183830E+06   124 6.6E+00       c
    56      4  4.7E-01     57 (6.2E-15) 7.4E-01 -2.9189793E+06   127 6.6E+00   R   c
    57      2  1.0E+00     58 (6.2E-15) 5.2E-01 -2.9198886E+06   126 6.6E+00 s     c
    58      2  1.0E+00     59 (6.2E-15) 5.5E-01 -2.9199552E+06   125 6.6E+00       c
    59      2  1.0E+00     60 (6.2E-15) 3.3E-01 -2.9203750E+06   126 6.6E+00       c

 Major Minors     Step   nCon Feasible  Optimal  MeritFunction    nS Penalty
    60      3  3.5E-01     61 (6.2E-15) 4.1E-01 -2.9204582E+06   124 6.6E+00       c
    61      1  4.4E-01     62 (6.2E-15) 3.1E-01 -2.9205016E+06   124 6.6E+00       c
    62      1  4.9E-01     63 (6.2E-15) 3.5E-01 -2.9205534E+06   124 6.6E+00       c
    63      4  3.4E-01     64 (6.2E-15) 3.6E-01 -2.9205985E+06   125 6.6E+00       c
    64      2  3.7E-01     65 (6.2E-15) 3.5E-01 -2.9206221E+06   124 6.6E+00       c
    65      1  3.5E-01     66 (6.2E-15) 3.8E-01 -2.9206543E+06   124 6.6E+00       c
    66      2  3.3E-01     67 (6.2E-15) 3.7E-01 -2.9206677E+06   125 6.6E+00       c
    67      2  3.4E-01     68 (6.2E-15) 3.5E-01 -2.9206847E+06   124 6.6E+00   R   c
    68      1  3.8E-01     69 (6.2E-15) 3.0E-01 -2.9207282E+06   124 6.6E+00 s     c
    69      1  1.0E+00     70 (6.2E-15) 4.1E-01 -2.9207371E+06   124 6.6E+00       c

 Major Minors     Step   nCon Feasible  Optimal  MeritFunction    nS Penalty
    70      1  1.0E+00     71 (6.2E-15) 2.8E-01 -2.9207628E+06   124 6.6E+00       c
    71      1  3.3E-01     72 (6.2E-15) 2.8E-01 -2.9207708E+06   124 6.6E+00       c
    72      1  1.0E+00     73 (6.2E-15) 2.9E-01 -2.9207732E+06   124 6.6E+00       c
    73      1  1.0E+00     74 (6.2E-15) 2.3E-01 -2.9207813E+06   124 6.6E+00       c
    74      1  1.0E+00     75 (6.2E-15) 2.9E-01 -2.9207836E+06   124 6.6E+00       c
    75      2  1.0E+00     76 (6.2E-15) 2.5E-01 -2.9207893E+06   125 6.6E+00       c
    76      2  4.7E-01     77 (6.2E-15) 3.2E-01 -2.9207962E+06   126 6.6E+00       c
    77      4  4.8E-01     78 (6.2E-15) 2.6E-01 -2.9208055E+06   123 6.6E+00       c
    78      2  4.4E-01     79 (6.2E-15) 3.0E-01 -2.9208103E+06   124 6.6E+00   R   c
    79      1  1.0E+00     80 (6.2E-15) 2.8E-01 -2.9208137E+06   124 6.6E+00 s     c

 Major Minors     Step   nCon Feasible  Optimal  MeritFunction    nS Penalty
    80      2  1.0E+00     81 (6.2E-15) 2.6E-01 -2.9208329E+06   125 6.6E+00       c
    81      2  4.4E-01     82 (6.2E-15) 2.3E-01 -2.9208368E+06   124 6.6E+00       c
    82      1  4.8E-01     83 (6.2E-15) 2.5E-01 -2.9208409E+06   124 6.6E+00       c
    83      2  1.7E-01     84 (6.2E-15) 2.6E-01 -2.9208424E+06   125 6.6E+00       c
    84      2  1.6E-01     85 (6.2E-15) 2.5E-01 -2.9208429E+06   124 6.6E+00       c
    85      2  2.0E-01     86 (6.2E-15) 2.3E-01 -2.9208438E+06   125 6.6E+00       c
    86      4  4.3E-01     87 (6.2E-15) 2.6E-01 -2.9208459E+06   126 6.6E+00       c
    87      3  1.2E-01     88 (6.2E-15) 2.7E-01 -2.9208466E+06   126 6.6E+00       c
    88      1  1.8E-01     89 (6.2E-15) 2.6E-01 -2.9208477E+06   126 6.6E+00       c
    89      1  1.5E-01     90 (6.2E-15) 2.8E-01 -2.9208492E+06   126 6.6E+00   R   c

 Major Minors     Step   nCon Feasible  Optimal  MeritFunction    nS Penalty
    90      1  1.0E+00     91 (6.2E-15) 2.0E-01 -2.9208677E+06   126 6.6E+00 s     c
    91      1  1.0E+00     92 (6.2E-15) 3.7E-01 -2.9208763E+06   126 6.6E+00       c
    92      1  1.0E+00     93 (6.2E-15) 3.0E-01 -2.9208783E+06   126 6.6E+00       c
    93      1  4.9E-01     94 (6.2E-15) 3.0E-01 -2.9208833E+06   126 6.6E+00       c
    94      2  4.3E-01     95 (6.2E-15) 2.2E-01 -2.9208874E+06   127 6.6E+00       c
    95      2  4.1E-01     96 (6.2E-15) 2.1E-01 -2.9208885E+06   126 6.6E+00       c
    96      1  3.9E-01     97 (6.2E-15) 2.3E-01 -2.9208902E+06   126 6.6E+00       c
    97      1  4.0E-01     98 (6.2E-15) 2.4E-01 -2.9208928E+06   126 6.6E+00       c
    98      1  4.3E-01     99 (6.2E-15) 2.5E-01 -2.9208942E+06   126 6.6E+00       c
    99      3  8.7E-03    100 (6.2E-15) 9.9E-01 -2.9208942E+06   126 6.6E+00       c
    99      7             100 (6.2E-15) 2.4E-01 -2.9208942E+06   125           r   c

 Major Minors     Step   nCon Feasible  Optimal  MeritFunction    nS Penalty
   100      2  8.7E-03    101 (6.2E-15) 3.1E-01 -2.9208971E+06   126         s     c
   101      1  1.0E+00    102 (6.2E-15) 2.9E-01 -2.9208986E+06   126               c
   102      1  1.0E+00    103 (6.2E-15) 2.4E-01 -2.9209003E+06   126               c
   103      1  1.6E-01    104 (6.2E-15) 3.2E-01 -2.9209004E+06   126               c
   104      1  1.3E-01    105 (6.2E-15) 2.8E-01 -2.9209005E+06   126               c
   104      2             105 (6.2E-15) 1.9E-01 -2.9209005E+06   126           r   c
   105      1  2.9E-02    106 (6.2E-15) 3.3E-01 -2.9209017E+06   126         s     c
   106      1  8.1E-02    107 (6.2E-15) 3.3E-01 -2.9209017E+06   126               c
   107      1  1.6E-02    108 (6.2E-15) 3.3E-01 -2.9209017E+06   126               c
   108      1  3.1E-02    109 (6.2E-15) 5.2E-01 -2.9209018E+06   126               c
   109      1  2.4E-03    110 (6.2E-15) 3.3E-01 -2.9209018E+06   126               c
 
 SNOPTC EXIT  40 -- terminated after numerical difficulties
 SNOPTC INFO  41 -- current point cannot be improved

 Problem name                 CaseStud
 No. of iterations                 457   Objective value     -2.9209018025E+06
 No. of major iterations           109   Linear objective     0.0000000000E+00
 Penalty parameter           0.000E+00   Nonlinear objective -2.9209018025E+06
 No. of calls to funobj          36143   No. of calls to funcon          36143
 Calls with modes 1,2 (known g)    110   Calls with modes 1,2 (known g)    110
 Calls for forward differencing    162   Calls for forward differencing    162
 Calls for central differencing  35640   Calls for central differencing  35640
 No. of superbasics                126   No. of basic nonlinears            36
 No. of degenerate steps             2   Percentage                       0.44
 Max x                     156 1.2E+04   Max pi                    120 1.7E+01
 Max Primal infeas           0 0.0E+00   Max Dual infeas            94 5.9E+00
 Nonlinear constraint violn    5.0E-10
 
 

 Solution printed on file  18
 
 Time for MPS input                             0.00 seconds
 Time for solving problem                     983.20 seconds
 Time for solution output                       0.01 seconds
 Time for constraint functions                984.05 seconds
 Time for objective function                    0.00 seconds
