
 ==============================
 S N O P T  7.2-12.3 (Aug 2014)
 ==============================
 
 SNMEMB EXIT 100 -- finished successfully
 SNMEMB INFO 104 -- memory requirements estimated

 ==============================
 S N O P T  7.2-12.3 (Aug 2014)
 ==============================
 
 

 Nonlinear constraints    1091     Linear constraints       0
 Nonlinear variables       162     Linear variables         0
 Jacobian  variables       162     Objective variables    162
 Total constraints        1091     Total variables        162
 

 
 The user has defined       0   out of  176742   constraint gradients.
 The user has defined       0   out of     162   objective  gradients.
 

        Minor   QPmult   nInf   SumInf   rgNorm    QPobjective    nS
          100 -7.3E+00                  1.4E-11  2.2680805E+07    96

 Major Minors     Step   nCon Feasible  Optimal  MeritFunction    nS Penalty
     0    103               1  2.1E-02  1.0E+00 -2.7155194E+06    99           r  Tc

 Major Minors     Step   nCon Feasible  Optimal  MeritFunction    nS Penalty
     0    104               1  2.1E-02  1.0E+00 -2.7155194E+06    99           r   c
     1      1  3.7E-03      2  2.1E-02  1.0E+00  3.5741738E+07    99 2.5E+01 n rl  c
     2     85  3.7E-03      3  2.1E-02  9.0E-01  4.0470032E+07   146 2.8E+01 s  l  c
     3     24  1.0E+00      5 (5.8E-16) 1.1E+00 -2.7703544E+06   143 6.1E+00  M    c
     4     22  1.0E+00      6 (4.3E-15) 8.1E-01 -2.7929318E+06   140 6.1E+00       c
     5     11  1.0E+00      7  6.5E-04  2.1E+00 -2.8062783E+06   138 6.1E+00       c
     6      8  1.0E+00      8 (1.2E-14) 6.9E-01 -2.8243814E+06   143 6.1E+00       c
     7      6  1.0E+00      9 (2.8E-15) 1.4E+00 -2.8429990E+06   138 6.1E+00       c
     8     10  1.0E+00     10 (1.5E-15) 7.0E-01 -2.8550886E+06   133 6.1E+00       c
     9     12  1.0E+00     11 (8.0E-15) 1.3E+00 -2.8574439E+06   130 6.1E+00       c

 Major Minors     Step   nCon Feasible  Optimal  MeritFunction    nS Penalty
    10     12  1.0E+00     12 (7.5E-15) 1.3E+00 -2.8718190E+06   131 6.1E+00       c
    11     12  1.0E+00     13 (5.4E-15) 1.2E+00 -2.8770093E+06   134 6.1E+00       c
    12      5  1.0E+00     14 (5.2E-15) 1.0E+00 -2.8857816E+06   134 6.1E+00   R   c
    13      5  1.0E+00     15  3.1E-05  1.1E+00 -2.8864293E+06   134 6.1E+00 s     c
    14      4  1.0E+00     16 (7.6E-16) 3.2E-01 -2.8946882E+06   131 6.1E+00       c
    15      3  1.0E+00     17 (7.6E-16) 4.9E-01 -2.8961657E+06   131 6.1E+00       c
    16      2  1.0E+00     18 (1.2E-15) 5.0E-01 -2.8980229E+06   130 6.1E+00       c
    17      2  1.0E+00     19 (3.1E-15) 5.8E-01 -2.8982566E+06   131 6.1E+00       c
    18      4  1.0E+00     20 (1.1E-15) 2.7E-01 -2.9006672E+06   130 6.1E+00       c
    19      2  1.0E+00     21 (3.4E-15) 6.0E-01 -2.9010968E+06   129 6.1E+00       c

 Major Minors     Step   nCon Feasible  Optimal  MeritFunction    nS Penalty
    20      2  1.0E+00     22 (1.0E-14) 2.9E-01 -2.9035306E+06   130 6.1E+00       c
    21      3  1.0E+00     23  3.4E-05  5.1E-01 -2.9043757E+06   128 6.1E+00       c
    22      2  1.0E+00     24  1.3E-04  2.4E-01 -2.9064347E+06   127 6.1E+00       c
    23      2  1.0E+00     25 (2.6E-14) 2.6E-01 -2.9068908E+06   128 6.1E+00   R   c
    24      1  1.0E+00     26  2.0E-05  3.6E-01 -2.9076593E+06   128 6.1E+00 s     c
    25      1  1.0E+00     27  9.5E-05  1.8E-01 -2.9080271E+06   128 6.1E+00       c
    26      1  1.0E+00     28 (1.3E-14) 1.9E-01 -2.9081730E+06   128 6.1E+00       c
    27      2  1.0E+00     29 (1.8E-16) 2.0E-01 -2.9084718E+06   127 6.1E+00       c
    28      2  3.4E-01     30 (1.1E-16) 1.9E-01 -2.9085541E+06   128 6.1E+00       c
    29      2  1.0E+00     31 (1.4E-16) 2.0E-01 -2.9086644E+06   127 6.1E+00       c

 Major Minors     Step   nCon Feasible  Optimal  MeritFunction    nS Penalty
    30      1  1.0E+00     32  3.5E-05  2.7E-01 -2.9087308E+06   127 6.1E+00       c
    31      1  1.0E+00     33  2.4E-05  2.2E-01 -2.9088988E+06   127 6.1E+00       c
    32      1  5.0E-01     34  1.2E-05  1.7E-01 -2.9089921E+06   127 6.1E+00       c
    33      1  4.8E-01     35  6.3E-06  1.8E-01 -2.9090848E+06   127 6.1E+00       c
    34      1  3.9E-01     36  3.9E-06  2.1E-01 -2.9091296E+06   127 6.1E+00   R   c
    35      1  4.7E-01     37  2.0E-06  2.9E-01 -2.9092357E+06   127 6.1E+00 s     c
    36      1  1.0E+00     38 (3.1E-16) 1.5E-01 -2.9092950E+06   127 6.1E+00       c
    37      1  4.8E-01     39 (1.5E-15) 1.7E-01 -2.9093171E+06   127 6.1E+00       c
    38      1  4.3E-01     40 (7.3E-16) 1.8E-01 -2.9093390E+06   127 6.1E+00       c
    39      1  4.5E-01     41 (6.6E-16) 2.3E-01 -2.9093552E+06   127 6.1E+00       c

 Major Minors     Step   nCon Feasible  Optimal  MeritFunction    nS Penalty
    40      1  1.0E+00     42 (3.4E-17) 1.9E-01 -2.9093883E+06   127 6.1E+00       c
    41      1  4.4E-01     43 (2.5E-16) 1.8E-01 -2.9094164E+06   127 6.1E+00       c
    42      1  4.3E-01     44  2.9E-06  3.3E-01 -2.9094353E+06   127 6.1E+00       c
    43      1  1.0E+00     45  3.6E-05  2.4E-01 -2.9094618E+06   127 6.1E+00       c
    44      1  1.0E+00     46 (2.3E-17) 2.3E-01 -2.9094785E+06   127 6.1E+00       c
    45      1  1.0E+00     47 (1.8E-15) 1.8E-01 -2.9095101E+06   127 6.1E+00   R   c
    46      1  1.0E+00     48 (1.1E-16) 1.9E-01 -2.9095557E+06   127 6.1E+00 s     c
    47      1  1.0E+00     49 (9.6E-16) 1.4E-01 -2.9095798E+06   127 6.1E+00       c
    48      1  1.0E+00     50 (1.3E-15) 1.8E-01 -2.9096082E+06   127 6.1E+00       c
    49      1  5.0E-01     51 (2.9E-16) 2.0E-01 -2.9096240E+06   127 6.1E+00       c

 Major Minors     Step   nCon Feasible  Optimal  MeritFunction    nS Penalty
    50      1  4.3E-01     52 (8.0E-17) 2.6E-01 -2.9096364E+06   127 6.1E+00       c
    51      1  1.0E+00     53 (2.5E-15) 1.8E-01 -2.9096610E+06   127 6.1E+00       c
    52      1  1.0E+00     54 (9.1E-16) 1.9E-01 -2.9096758E+06   127 6.1E+00       c
    53      1  1.0E+00     55 (9.4E-16) 2.0E-01 -2.9097178E+06   127 6.1E+00       c
    54      1  1.0E+00     56 (2.8E-15) 2.3E-01 -2.9097523E+06   127 6.1E+00       c
    55      1  1.0E+00     57 (6.9E-07) 2.3E-01 -2.9098113E+06   127 6.1E+00       c
    56      1  1.0E+00     58  8.9E-06  2.7E-01 -2.9098930E+06   127 6.1E+00   R   c
    57      1  1.0E+00     59  4.3E-06  1.7E-01 -2.9099770E+06   127 6.1E+00 s     c
    58      1  1.0E+00     60 (1.0E-16) 1.3E-01 -2.9100138E+06   127 6.1E+00       c
    59      1  1.0E+00     61 (2.3E-17) 1.5E-01 -2.9100495E+06   127 6.1E+00       c

 Major Minors     Step   nCon Feasible  Optimal  MeritFunction    nS Penalty
    60      1  1.0E+00     62 (1.2E-15) 2.3E-01 -2.9100915E+06   127 6.1E+00       c
    61      1  1.0E+00     63 (9.7E-16) 2.4E-01 -2.9101407E+06   127 6.1E+00       c
    62      1  1.0E+00     64 (8.0E-17) 1.9E-01 -2.9101870E+06   127 6.1E+00       c
    63      1  1.0E+00     65 (1.6E-16) 1.5E-01 -2.9102522E+06   127 6.1E+00       c
    64      1  1.0E+00     66 (8.0E-17) 2.7E-01 -2.9102944E+06   127 6.1E+00       c
    65      1  1.0E+00     67 (8.0E-17) 1.8E-01 -2.9102944E+06   127 6.1E+00       c
    66      1  1.0E+00     68 (2.3E-16) 1.8E-01 -2.9103504E+06   127 6.1E+00       c
    67      1  1.0E+00     69 (3.4E-16) 1.5E-01 -2.9103756E+06   127 6.1E+00   R   c
    68      1  1.0E+00     70  1.6E-06  2.5E-01 -2.9104196E+06   127 6.1E+00 s     c
    69      1  4.4E-01     71  5.3E-06  2.3E-01 -2.9104242E+06   127 6.1E+00       c

 Major Minors     Step   nCon Feasible  Optimal  MeritFunction    nS Penalty
    70      1  1.0E+00     72 (6.2E-16) 1.2E-01 -2.9104411E+06   127 6.1E+00       c
    71      1  1.0E+00     73 (1.4E-16) 1.5E-01 -2.9104634E+06   127 6.1E+00       c
    72      1  4.6E-01     74 (1.4E-16) 1.5E-01 -2.9104716E+06   127 6.1E+00       c
    73      1  1.0E+00     75 (8.0E-17) 1.5E-01 -2.9104756E+06   127 6.1E+00       c
    74      1  1.0E+00     76 (3.7E-16) 1.8E-01 -2.9104948E+06   127 6.1E+00       c
    75      1  4.4E-01     77 (4.6E-17) 1.3E-01 -2.9105008E+06   127 6.1E+00       c
    76      1  1.0E+00     78 (2.9E-17) 1.9E-01 -2.9105059E+06   127 6.1E+00       c
    77      1  1.0E+00     79 (5.1E-17) 1.5E-01 -2.9105298E+06   127 6.1E+00       c
    78      1  4.4E-01     80 (1.4E-16) 1.5E-01 -2.9105453E+06   127 6.1E+00   R   c
    79      1  1.0E+00     81 (3.9E-16) 1.4E-01 -2.9105592E+06   127 6.1E+00 s     c

 Major Minors     Step   nCon Feasible  Optimal  MeritFunction    nS Penalty
    80      1  1.0E+00     82 (1.1E-17) 1.2E-01 -2.9105767E+06   127 6.1E+00       c
    81      1  1.0E+00     83 (7.8E-16) 1.4E-01 -2.9105816E+06   127 6.1E+00       c
    82      1  1.0E+00     84 (1.5E-16) 1.6E-01 -2.9105891E+06   127 6.1E+00       c
    83      1  1.0E+00     85 (3.6E-16) 2.4E-01 -2.9106020E+06   127 6.1E+00       c
    84      1  4.5E-01     86 (7.6E-16) 1.7E-01 -2.9106072E+06   127 6.1E+00       c
    85      2  1.0E+00     87 (1.1E-16) 1.4E-01 -2.9106136E+06   128 6.1E+00       c
    86      1  1.0E+00     88 (2.6E-07) 1.4E-01 -2.9106178E+06   128 6.1E+00       c
    87      2  1.0E+00     89 (3.2E-08) 1.4E-01 -2.9106226E+06   127 6.1E+00       c
    88      1  1.0E+00     90 (4.6E-17) 1.3E-01 -2.9106261E+06   127 6.1E+00       c
    89      1  1.0E+00     91 (4.6E-16) 1.7E-01 -2.9106315E+06   127 6.1E+00   R   c

 Major Minors     Step   nCon Feasible  Optimal  MeritFunction    nS Penalty
    90      1  1.0E+00     92 (2.1E-16) 1.3E-01 -2.9106393E+06   127 6.1E+00 s     c
    91      1  1.0E+00     93 (2.3E-17) 1.2E-01 -2.9106460E+06   127 6.1E+00       c
    92      1  4.3E-01     94 (3.2E-16) 1.5E-01 -2.9106485E+06   127 6.1E+00       c
    93      1  4.5E-01     95 (3.3E-07) 1.4E-01 -2.9106500E+06   127 6.1E+00       c
    94      1  7.9E-02     96 (3.3E-07) 1.6E-01 -2.9106504E+06   127 6.1E+00       c
    95      1  1.7E-01     97 (2.5E-07) 1.9E-01 -2.9106516E+06   127 6.1E+00       c
    96      2  6.3E-02     98 (2.1E-07) 2.4E-01 -2.9106522E+06   126 6.1E+00       c
    97      1  1.0E-02     99 (2.0E-07) 1.9E-01 -2.9106523E+06   126 6.1E+00       c
    98      2  2.6E-02    100 (1.7E-07) 2.2E-01 -2.9106525E+06   127 6.1E+00       c
    99      3  6.1E-02    101 (1.3E-07) 4.0E-01 -2.9106526E+06   127 6.1E+00       c
    99      5             101 (1.3E-07) 1.9E-01 -2.9106526E+06   128           r   c

 Major Minors     Step   nCon Feasible  Optimal  MeritFunction    nS Penalty
   100      1  1.9E-02    102 (6.8E-16) 2.0E-01 -2.9106577E+06   128         s     c
   101      2  1.0E+00    103 (6.4E-16) 1.4E-01 -2.9106599E+06   127               c
   102      1  1.0E+00    104 (6.0E-16) 1.5E-01 -2.9106634E+06   127               c
   103      1  4.0E-01    105 (2.1E-16) 1.8E-01 -2.9106636E+06   127               c
   104      1  2.1E-01    106 (4.6E-17) 1.6E-01 -2.9106646E+06   127               c
   105      1  4.6E-01    107 (9.9E-08) 2.0E-01 -2.9106661E+06   127               c
   106      1  1.9E-01    108 (4.2E-07) 1.2E-01 -2.9106671E+06   127               c
   107      3  1.9E-01    109 (4.5E-07) 3.3E-01 -2.9106678E+06   127               c
   108      2  5.1E-04    110 (4.5E-07) 5.3E-01 -2.9106678E+06   126               c
   108      3             110 (4.5E-07) 1.1E-01 -2.9106678E+06   126           r   c
   109      2  9.0E-03    111 (4.2E-07) 1.2E-01 -2.9106709E+06   127         s     c

 Major Minors     Step   nCon Feasible  Optimal  MeritFunction    nS Penalty
   110      1  4.4E-01    112 (2.4E-07) 1.3E-01 -2.9106713E+06   127               c
   111      1  3.9E-01    113 (1.4E-07) 1.5E-01 -2.9106713E+06   127               c
   112      2  4.4E-01    114 (8.0E-08) 2.0E-01 -2.9106718E+06   128               c
   113      1  2.0E-01    115 (6.5E-08) 4.8E-01 -2.9106730E+06   128               c
   114      1  8.5E-03    116 (6.4E-08) 2.8E-01 -2.9106731E+06   128               c
   115      1  2.7E-02    117 (6.2E-08) 4.6E-01 -2.9106733E+06   128               c
   116      1  1.6E-02    118 (6.1E-08) 2.5E-01 -2.9106733E+06   128               c
   117      2  2.3E-02    119 (6.0E-08) 4.7E-01 -2.9106734E+06   129               c
   118      3  5.3E-02    120 (5.7E-08) 8.9E-01 -2.9106735E+06   127               c
 
 SNOPTC EXIT  40 -- terminated after numerical difficulties
 SNOPTC INFO  41 -- current point cannot be improved

 Problem name                 CaseStud
 No. of iterations                 459   Objective value     -2.9106735567E+06
 No. of major iterations           118   Linear objective     0.0000000000E+00
 Penalty parameter           0.000E+00   Nonlinear objective -2.9106735567E+06
 No. of calls to funobj          39418   No. of calls to funcon          39418
 Calls with modes 1,2 (known g)    120   Calls with modes 1,2 (known g)    120
 Calls for forward differencing    162   Calls for forward differencing    162
 Calls for central differencing  38880   Calls for central differencing  38880
 No. of superbasics                127   No. of basic nonlinears            35
 No. of degenerate steps             5   Percentage                       1.09
 Max x                     160 1.2E+04   Max pi                    259 3.8E+01
 Max Primal infeas           0 0.0E+00   Max Dual infeas           198 3.5E+01
 Nonlinear constraint violn    4.5E-03
 
 

 Solution printed on file  18
 
 Time for MPS input                             0.00 seconds
 Time for solving problem                    1081.48 seconds
 Time for solution output                       0.01 seconds
 Time for constraint functions               1081.84 seconds
 Time for objective function                    0.00 seconds
