
 ==============================
 S N O P T  7.2-12.3 (Aug 2014)
 ==============================
 
 SNMEMB EXIT 100 -- finished successfully
 SNMEMB INFO 104 -- memory requirements estimated

 ==============================
 S N O P T  7.2-12.3 (Aug 2014)
 ==============================
 
 

 Nonlinear constraints    1091     Linear constraints       0
 Nonlinear variables       162     Linear variables         0
 Jacobian  variables       162     Objective variables    162
 Total constraints        1091     Total variables        162
 

 
 The user has defined       0   out of  176742   constraint gradients.
 The user has defined       0   out of     162   objective  gradients.
 

        Minor   QPmult   nInf   SumInf   rgNorm    QPobjective    nS
          100  5.0E+00                  1.1E-11  7.6920820E+06    99

 Major Minors     Step   nCon Feasible  Optimal  MeritFunction    nS Penalty
     0    100               1  1.1E-02  1.0E+00 -2.7271968E+06    99           r  Tc

 Major Minors     Step   nCon Feasible  Optimal  MeritFunction    nS Penalty
     0    101               1  1.1E-02  1.0E+00 -2.7271968E+06    99           r   c
     1      1  5.3E-03      2  1.1E-02  1.0E+00  1.2850747E+07    99 3.1E+01 n rl  c
     2     79  5.3E-03      3  1.1E-02  1.2E+00  1.4340949E+07   147 3.4E+01 s  l  c
     3      9  1.0E+00      4 (4.4E-14) 1.0E+00 -2.7741346E+06   145 7.4E+00       c
     4     11  1.0E+00      5 (3.0E-15) 1.0E+00 -2.7910310E+06   139 7.4E+00       c
     5      7  1.0E+00      6  3.3E-05  1.3E+00 -2.8082972E+06   137 7.4E+00       c
     6     14  1.0E+00      7 (3.6E-15) 1.4E+00 -2.8275293E+06   136 7.4E+00       c
     7      3  1.0E+00      8 (3.3E-15) 1.2E+00 -2.8395193E+06   136 7.4E+00       c
     8      8  1.0E+00      9  6.3E-06  6.8E-01 -2.8495163E+06   133 7.4E+00       c
     9      9  1.0E+00     10  2.3E-04  1.2E+00 -2.8587417E+06   131 7.4E+00       c

 Major Minors     Step   nCon Feasible  Optimal  MeritFunction    nS Penalty
    10      4  1.0E+00     11  2.3E-04  9.1E-01 -2.8666314E+06   128 7.4E+00       c
    11      5  1.0E+00     12 (6.9E-15) 1.1E+00 -2.8736179E+06   128 7.4E+00       c
    12      4  1.0E+00     13 (1.8E-15) 8.6E-01 -2.8805127E+06   129 7.4E+00   R   c
    13      4  1.0E+00     14 (2.6E-15) 7.1E-01 -2.8844591E+06   130 7.4E+00 s     c
    14      5  1.0E+00     15 (4.6E-07) 7.1E-01 -2.8874989E+06   128 7.4E+00       c
    15      2  1.0E+00     16 (3.3E-07) 8.7E-01 -2.8889555E+06   129 7.4E+00       c
    16      7  1.0E+00     17 (2.1E-15) 4.7E-01 -2.8913188E+06   131 7.4E+00       c
    17      4  1.0E+00     18  5.2E-06  5.3E-01 -2.8924944E+06   128 7.4E+00       c
    18      6  1.0E+00     19 (2.0E-15) 5.4E-01 -2.8938467E+06   125 7.4E+00       c
    19      4  1.0E+00     20 (5.2E-07) 5.1E-01 -2.8954814E+06   124 7.4E+00       c

 Major Minors     Step   nCon Feasible  Optimal  MeritFunction    nS Penalty
    20      1  1.0E+00     21 (3.5E-07) 5.3E-01 -2.8965222E+06   124 7.4E+00       c
    21      2  1.0E+00     22 (2.8E-15) 4.6E-01 -2.8969282E+06   125 7.4E+00       c
    22      3  1.0E+00     23 (5.5E-16) 5.1E-01 -2.8978591E+06   125 7.4E+00       c
    23      3  4.9E-01     24 (2.2E-16) 3.8E-01 -2.8983813E+06   123 7.4E+00   R   c
    24      5  1.0E+00     25 (3.0E-16) 4.6E-01 -2.8984743E+06   127 7.4E+00 s     c
    25      3  1.0E+00     26 (2.3E-16) 5.3E-01 -2.8989909E+06   125 7.4E+00       c
    26      2  4.2E-01     27 (4.1E-16) 4.0E-01 -2.8991653E+06   124 7.4E+00       c
    27      2  1.0E+00     28  2.6E-05  5.7E-01 -2.8994384E+06   125 7.4E+00       c
    28      2  1.0E+00     29  1.3E-04  4.4E-01 -2.8999284E+06   126 7.4E+00       c
    29      3  1.0E+00     30 (3.9E-16) 3.6E-01 -2.9005334E+06   124 7.4E+00       c

 Major Minors     Step   nCon Feasible  Optimal  MeritFunction    nS Penalty
    30      2  1.0E+00     31 (4.1E-16) 3.7E-01 -2.9008706E+06   125 7.4E+00       c
    31      4  1.0E+00     32 (1.2E-15) 3.2E-01 -2.9016313E+06   124 7.4E+00       c
    32      3  3.7E-01     33  6.5E-05  7.5E-01 -2.9017564E+06   126 7.4E+00       c
    33      2  4.7E-01     34  5.7E-05  4.3E-01 -2.9019718E+06   125 7.4E+00       c
    34      2  1.0E+00     35  6.6E-05  8.4E-01 -2.9019957E+06   124 7.4E+00   R   c
    35      1  1.0E+00     36  4.8E-05  3.8E-01 -2.9022434E+06   124 7.4E+00 s     c
    36      2  1.0E+00     37 (1.1E-15) 3.8E-01 -2.9023659E+06   125 7.4E+00       c
    37      1  4.9E-01     38 (6.4E-16) 2.9E-01 -2.9024733E+06   125 7.4E+00       c
    38      2  1.0E+00     39  1.2E-05  1.1E+00 -2.9024795E+06   126 7.4E+00       c
    39      2  1.0E+00     40  5.1E-05  4.8E-01 -2.9026086E+06   125 7.4E+00       c

 Major Minors     Step   nCon Feasible  Optimal  MeritFunction    nS Penalty
    40      2  1.0E+00     41 (6.0E-16) 4.9E-01 -2.9027925E+06   124 7.4E+00       c
    41      2  1.0E+00     42 (8.0E-16) 4.7E-01 -2.9031270E+06   123 7.4E+00       c
    42      2  4.4E-01     43 (5.3E-16) 4.5E-01 -2.9033144E+06   124 7.4E+00       c
    43      1  1.0E+00     44 (2.1E-15) 2.6E-01 -2.9036471E+06   124 7.4E+00       c
    44      1  1.0E+00     45 (4.1E-16) 3.9E-01 -2.9037504E+06   124 7.4E+00       c
    45      3  1.0E+00     46 (5.5E-16) 2.4E-01 -2.9039141E+06   126 7.4E+00   R   c
    46      3  1.0E+00     47 (6.9E-17) 3.5E-01 -2.9039411E+06   124 7.4E+00 s     c
    47      1  1.0E+00     48 (2.5E-16) 2.4E-01 -2.9040412E+06   124 7.4E+00       c
    48      1  1.0E+00     49 (1.3E-16) 2.9E-01 -2.9040802E+06   124 7.4E+00       c
    49      1  1.0E+00     50 (1.7E-16) 3.1E-01 -2.9041335E+06   124 7.4E+00       c

 Major Minors     Step   nCon Feasible  Optimal  MeritFunction    nS Penalty
    50      1  1.0E+00     51 (2.8E-16) 3.7E-01 -2.9041443E+06   124 7.4E+00       c
    51      3  4.5E-01     52 (1.4E-16) 2.6E-01 -2.9041659E+06   124 7.4E+00       c
    52      3  4.2E-01     53 (3.2E-16) 2.2E-01 -2.9041861E+06   124 7.4E+00       c
    53      1  3.3E-01     54 (1.4E-16) 3.7E-01 -2.9041897E+06   124 7.4E+00       c
    54      3  1.0E+00     55 (1.0E-16) 2.8E-01 -2.9042030E+06   124 7.4E+00       c
    55      1  1.0E+00     56 (4.6E-17) 3.9E-01 -2.9042306E+06   124 7.4E+00       c
    56      2  4.5E-01     57 (4.6E-17) 3.2E-01 -2.9042469E+06   123 7.4E+00   R   c
    57      1  3.8E-01     58 (3.7E-16) 2.6E-01 -2.9042574E+06   123 7.4E+00 s     c
    58      1  1.0E+00     59 (6.3E-17) 2.3E-01 -2.9042690E+06   123 7.4E+00       c
    59      1  1.0E+00     60 (1.0E-16) 2.4E-01 -2.9042716E+06   123 7.4E+00       c

 Major Minors     Step   nCon Feasible  Optimal  MeritFunction    nS Penalty
    60      1  1.0E+00     61 (4.9E-17) 2.3E-01 -2.9042803E+06   123 7.4E+00       c
    61      1  4.6E-01     62 (2.3E-17) 1.9E-01 -2.9042842E+06   123 7.4E+00       c
    62      1  4.2E-01     63 (6.3E-17) 2.7E-01 -2.9042856E+06   123 7.4E+00       c
    63      1  1.0E-01     64 (7.5E-17) 2.9E-01 -2.9042857E+06   123 7.4E+00       c
    64      3  1.6E-01     65 (2.3E-17) 3.5E-01 -2.9042863E+06   125 7.4E+00       c
    65      4  2.3E-03     66 (6.9E-12) 8.5E-01 -2.9042863E+06   126 7.4E+00       c
    65      8              66 (6.9E-12) 2.1E-01 -2.9042863E+06   123           r   c
    66      1  3.7E-02     67 (6.4E-12) 2.8E-01 -2.9042880E+06   123         s     c
    67      1  1.4E-01     68 (4.5E-12) 3.9E-01 -2.9042881E+06   123               c
    67      2              68 (4.5E-12) 2.2E-01 -2.9042881E+06   123           r   c
    68      1  3.6E-01     69 (8.0E-13) 3.2E-01 -2.9042882E+06   123         s     c
 
 SNOPTC EXIT  40 -- terminated after numerical difficulties
 SNOPTC INFO  41 -- current point cannot be improved

 Problem name                 CaseStud
 No. of iterations                 387   Objective value     -2.9042881959E+06
 No. of major iterations            68   Linear objective     0.0000000000E+00
 Penalty parameter           0.000E+00   Nonlinear objective -2.9042881959E+06
 No. of calls to funobj          22733   No. of calls to funcon          22733
 Calls with modes 1,2 (known g)     69   Calls with modes 1,2 (known g)     69
 Calls for forward differencing    162   Calls for forward differencing    162
 Calls for central differencing  22356   Calls for central differencing  22356
 No. of superbasics                123   No. of basic nonlinears            39
 No. of degenerate steps             4   Percentage                       1.03
 Max x                     156 1.2E+04   Max pi                    187 1.9E+01
 Max Primal infeas           0 0.0E+00   Max Dual infeas           101 6.5E+00
 Nonlinear constraint violn    6.3E-08
 
 

 Solution printed on file  18
 
 Time for MPS input                             0.00 seconds
 Time for solving problem                     615.08 seconds
 Time for solution output                       0.01 seconds
 Time for constraint functions                617.25 seconds
 Time for objective function                    0.00 seconds
