
 ==============================
 S N O P T  7.2-12.3 (Aug 2014)
 ==============================
 
 SNMEMB EXIT 100 -- finished successfully
 SNMEMB INFO 104 -- memory requirements estimated

 ==============================
 S N O P T  7.2-12.3 (Aug 2014)
 ==============================
 
 

 Nonlinear constraints    1091     Linear constraints       0
 Nonlinear variables       162     Linear variables         0
 Jacobian  variables       162     Objective variables    162
 Total constraints        1091     Total variables        162
 

 
 The user has defined       0   out of  176742   constraint gradients.
 The user has defined       0   out of     162   objective  gradients.
 

        Minor   QPmult   nInf   SumInf   rgNorm    QPobjective    nS
          100  8.1E+00                  7.5E-11  5.9019607E+07    93

 Major Minors     Step   nCon Feasible  Optimal  MeritFunction    nS Penalty
     0    106               1  3.7E-02  8.2E-01 -2.7545314E+06    99           r  Tc

 Major Minors     Step   nCon Feasible  Optimal  MeritFunction    nS Penalty
     0    107               1  3.7E-02  8.2E-01 -2.7545314E+06    99           r   c
     1      1  2.1E-03      2  3.7E-02  8.2E-01  1.0273466E+08    99 2.3E+01 n rl  c
     2     87  2.1E-03      3  3.7E-02  9.5E-01  1.1355524E+08   133 2.5E+01 s  l  c
     3     45  1.0E+00      5 (2.5E-14) 1.1E+00 -2.8962328E+06   137 6.0E+00  m    c
     4     14  1.0E+00      6 (2.5E-15) 9.8E-01 -2.8128649E+06   130 6.0E+00       c
     5     21  1.0E+00      7 (2.0E-15) 1.7E+00 -2.8232273E+06   146 6.0E+00       c
     6     18  1.0E+00      8 (7.9E-16) 1.5E+00 -2.8260423E+06   136 6.0E+00       c
     7     15  1.0E+00      9  9.5E-05  1.2E+00 -2.8504296E+06   129 6.0E+00       c
     8     11  1.0E+00     10  7.6E-05  1.4E+00 -2.8547011E+06   129 6.0E+00       c
     9     24  1.0E+00     11 (9.8E-16) 9.8E-01 -2.8735147E+06   137 6.0E+00       c

 Major Minors     Step   nCon Feasible  Optimal  MeritFunction    nS Penalty
    10     22  3.5E-01     12  3.2E-05  1.1E+00 -2.8819968E+06   132 6.0E+00       c
    11      6  1.0E+00     13  1.0E-04  1.6E+00 -2.8834331E+06   131 6.0E+00       c
    12      5  1.0E+00     14  3.3E-06  1.2E+00 -2.8919306E+06   127 6.0E+00   R   c
    13      2  4.7E-01     15 (5.3E-16) 7.9E-01 -2.8994201E+06   128 6.0E+00 s     c
    14      7  1.0E+00     16 (4.3E-16) 9.5E-01 -2.9022089E+06   124 6.0E+00       c
    15      4  1.0E+00     17 (1.1E-14) 6.5E-01 -2.9052887E+06   125 6.0E+00       c
    16      3  1.0E+00     18 (2.0E-15) 1.6E+00 -2.9065401E+06   123 6.0E+00       c
    17      4  1.0E+00     19 (6.1E-16) 5.8E-01 -2.9097529E+06   124 6.0E+00       c
    18      3  1.0E+00     20 (9.7E-16) 5.8E-01 -2.9113077E+06   124 6.0E+00       c
    19      4  1.0E+00     21 (8.7E-15) 8.8E-01 -2.9124664E+06   125 6.0E+00       c

 Major Minors     Step   nCon Feasible  Optimal  MeritFunction    nS Penalty
    20      3  1.0E+00     22 (2.0E-14) 8.9E-01 -2.9136388E+06   123 6.0E+00       c
    21      4  1.0E+00     23 (2.0E-14) 6.6E-01 -2.9147514E+06   124 6.0E+00       c
    22      2  1.0E+00     24 (2.0E-14) 6.4E-01 -2.9154827E+06   123 6.0E+00       c
    23      3  1.0E+00     25 (2.0E-14) 6.8E-01 -2.9162593E+06   125 6.0E+00   R   c
    24      4  1.0E+00     26 (2.0E-14) 4.8E-01 -2.9167767E+06   122 6.0E+00 s     c
    25      2  1.0E+00     27 (2.0E-14) 5.6E-01 -2.9172319E+06   121 6.0E+00       c
    26      3  1.0E+00     28 (2.0E-14) 7.3E-01 -2.9176898E+06   123 6.0E+00       c
    27      1  1.0E+00     29 (2.0E-14) 5.7E-01 -2.9183655E+06   123 6.0E+00       c
    28      2  4.8E-01     30 (2.0E-14) 6.0E-01 -2.9186500E+06   124 6.0E+00       c
    29      2  1.0E+00     31 (2.0E-14) 5.0E-01 -2.9189970E+06   125 6.0E+00       c

 Major Minors     Step   nCon Feasible  Optimal  MeritFunction    nS Penalty
    30      1  1.0E+00     32 (2.0E-14) 4.1E-01 -2.9191489E+06   125 6.0E+00       c
    31      1  1.0E+00     33 (2.0E-14) 3.8E-01 -2.9194724E+06   125 6.0E+00       c
    32      1  1.0E+00     34 (2.5E-10) 4.1E-01 -2.9196285E+06   125 6.0E+00       c
    33      5  1.0E+00     35 (2.0E-14) 3.4E-01 -2.9201180E+06   123 6.0E+00       c
    34      5  3.1E-01     36 (2.0E-14) 5.0E-01 -2.9202443E+06   125 6.0E+00   R   c
    35      1  1.0E+00     37 (2.0E-14) 3.4E-01 -2.9203794E+06   125 6.0E+00 s     c
    36      1  1.0E+00     38 (2.0E-14) 2.8E-01 -2.9205895E+06   125 6.0E+00       c
    37      1  3.9E-01     39 (2.0E-14) 2.4E-01 -2.9206593E+06   125 6.0E+00       c
    38      1  1.0E+00     40 (2.0E-14) 3.1E-01 -2.9207126E+06   125 6.0E+00       c
    39      1  1.0E+00     41 (2.0E-14) 3.9E-01 -2.9207217E+06   125 6.0E+00       c

 Major Minors     Step   nCon Feasible  Optimal  MeritFunction    nS Penalty
    40      3  1.0E+00     42 (2.0E-14) 2.4E-01 -2.9208387E+06   123 6.0E+00       c
    41      3  4.8E-01     43 (2.0E-14) 1.8E-01 -2.9208879E+06   125 6.0E+00       c
    42      1  1.0E+00     44 (2.0E-14) 2.3E-01 -2.9209065E+06   125 6.0E+00       c
    43      2  1.0E+00     45 (2.0E-14) 3.4E-01 -2.9210073E+06   124 6.0E+00       c
    44      2  4.0E-01     46 (2.0E-14) 2.7E-01 -2.9210503E+06   125 6.0E+00       c
    45      2  1.0E+00     47 (2.0E-14) 2.9E-01 -2.9210873E+06   126 6.0E+00   R   c
    46      1  1.0E+00     48 (2.0E-14) 3.1E-01 -2.9211438E+06   126 6.0E+00 s     c
    47      1  1.0E+00     49 (2.0E-14) 2.1E-01 -2.9212025E+06   126 6.0E+00       c
    48      1  1.0E+00     50 (2.0E-14) 2.8E-01 -2.9212086E+06   126 6.0E+00       c
    49      1  1.0E+00     51 (2.0E-14) 2.5E-01 -2.9212345E+06   126 6.0E+00       c

 Major Minors     Step   nCon Feasible  Optimal  MeritFunction    nS Penalty
    50      2  1.0E+00     52 (2.0E-14) 3.3E-01 -2.9212446E+06   125 6.0E+00       c
    51      1  1.0E+00     53 (2.0E-14) 2.1E-01 -2.9212750E+06   125 6.0E+00       c
    52      2  1.0E+00     54 (2.0E-14) 3.7E-01 -2.9212828E+06   124 6.0E+00       c
    53      1  1.0E+00     55 (2.0E-14) 2.5E-01 -2.9213308E+06   124 6.0E+00       c
    54      1  4.9E-01     56 (2.0E-14) 2.4E-01 -2.9213481E+06   124 6.0E+00       c
    55      1  1.8E-01     57 (2.0E-14) 2.6E-01 -2.9213558E+06   124 6.0E+00       c
    56      1  1.0E+00     58 (2.0E-14) 3.0E-01 -2.9213738E+06   124 6.0E+00   R   c
    57      1  4.9E-01     59 (2.0E-14) 2.5E-01 -2.9213895E+06   124 6.0E+00 s     c
    58      1  1.0E+00     60 (2.0E-14) 2.4E-01 -2.9213976E+06   124 6.0E+00       c
    59      1  1.0E+00     61 (2.0E-14) 2.0E-01 -2.9213996E+06   124 6.0E+00       c

 Major Minors     Step   nCon Feasible  Optimal  MeritFunction    nS Penalty
    60      2  1.0E+00     62 (2.0E-14) 1.9E-01 -2.9214111E+06   125 6.0E+00       c
    61      1  1.0E+00     63 (2.0E-14) 3.0E-01 -2.9214165E+06   125 6.0E+00       c
    62      1  1.0E+00     64 (2.0E-14) 1.8E-01 -2.9214286E+06   125 6.0E+00       c
    63      2  1.0E+00     65 (2.0E-14) 2.1E-01 -2.9214354E+06   126 6.0E+00       c
    64      1  4.8E-01     66 (2.0E-14) 2.3E-01 -2.9214404E+06   126 6.0E+00       c
    65      2  1.0E+00     67 (2.0E-14) 2.1E-01 -2.9214426E+06   125 6.0E+00       c
    66      1  1.0E+00     68 (2.0E-14) 2.5E-01 -2.9214531E+06   125 6.0E+00       c
    67      1  1.0E+00     69 (2.0E-14) 2.4E-01 -2.9214705E+06   125 6.0E+00   R   c
    68      1  1.0E+00     70 (2.0E-14) 3.5E-01 -2.9214725E+06   125 6.0E+00 s     c
    69      1  1.0E+00     71 (2.0E-14) 2.1E-01 -2.9214853E+06   125 6.0E+00       c

 Major Minors     Step   nCon Feasible  Optimal  MeritFunction    nS Penalty
    70      1  1.0E+00     72 (2.0E-14) 2.5E-01 -2.9214914E+06   125 6.0E+00       c
    71      2  1.0E+00     73 (2.0E-14) 2.3E-01 -2.9215001E+06   126 6.0E+00       c
    72      4  1.0E+00     74 (2.0E-14) 2.5E-01 -2.9215161E+06   125 6.0E+00       c
    73      2  1.0E+00     75 (2.0E-14) 3.5E-01 -2.9215218E+06   126 6.0E+00       c
    74      4  1.0E+00     76 (2.0E-14) 3.4E-01 -2.9215497E+06   129 6.0E+00       c
    75      2  1.0E+00     77 (2.0E-14) 3.7E-01 -2.9215982E+06   128 6.0E+00       c
    76      1  1.0E+00     78 (2.0E-14) 4.1E-01 -2.9216415E+06   128 6.0E+00       c
    77      1  1.0E+00     79 (2.0E-14) 3.9E-01 -2.9217188E+06   128 6.0E+00       c
    78      2  1.0E+00     80 (2.0E-14) 4.3E-01 -2.9217651E+06   129 6.0E+00   R   c
    79      4  1.0E+00     81 (2.0E-14) 4.4E-01 -2.9218579E+06   126 6.0E+00 s     c

 Major Minors     Step   nCon Feasible  Optimal  MeritFunction    nS Penalty
    80      2  1.0E+00     82 (2.0E-14) 4.0E-01 -2.9220998E+06   127 6.0E+00       c
    81      1  1.0E+00     83 (2.0E-14) 2.4E-01 -2.9221774E+06   127 6.0E+00       c
    82      1  1.0E+00     84 (2.0E-14) 2.3E-01 -2.9222346E+06   127 6.0E+00       c
    83      2  1.0E+00     85 (2.0E-14) 3.6E-01 -2.9222678E+06   126 6.0E+00       c
    84      2  4.8E-01     86 (2.0E-14) 1.7E-01 -2.9222857E+06   127 6.0E+00       c
    85      1  1.0E+00     87 (2.0E-14) 2.1E-01 -2.9223171E+06   127 6.0E+00       c
    86      1  4.7E-01     88 (2.0E-14) 2.7E-01 -2.9223379E+06   127 6.0E+00       c
    87      2  1.0E+00     89 (2.0E-14) 3.9E-01 -2.9223603E+06   126 6.0E+00       c
    88      1  1.0E+00     90 (2.0E-14) 3.0E-01 -2.9223953E+06   126 6.0E+00       c
    89      2  1.0E+00     91 (2.0E-14) 4.0E-01 -2.9224944E+06   127 6.0E+00   R   c

 Major Minors     Step   nCon Feasible  Optimal  MeritFunction    nS Penalty
    90      1  1.0E+00     92 (2.0E-14) 3.9E-01 -2.9225753E+06   127 6.0E+00 s     c
    91      2  1.0E+00     93 (2.0E-14) 4.0E-01 -2.9227041E+06   126 6.0E+00       c
    92      3  1.0E+00     94 (2.0E-14) 4.4E-01 -2.9229672E+06   128 6.0E+00       c
    93      4  3.4E-01     95 (2.0E-14) 6.4E-01 -2.9233399E+06   127 6.0E+00       c
    94      1  1.0E+00     96 (2.0E-14) 3.5E-01 -2.9235629E+06   127 6.0E+00       c
    95      1  1.0E+00     97 (2.0E-14) 3.5E-01 -2.9237052E+06   127 6.0E+00       c
    96      2  1.0E+00     98 (2.0E-14) 3.2E-01 -2.9237737E+06   126 6.0E+00       c
    97      3  4.6E-01     99 (2.0E-14) 3.1E-01 -2.9238481E+06   128 6.0E+00       c
    98      1  1.0E+00    100 (2.0E-14) 3.2E-01 -2.9238491E+06   128 6.0E+00       c
    99      3  1.0E+00    101 (2.0E-14) 3.0E-01 -2.9239133E+06   126 6.0E+00       c

 Major Minors     Step   nCon Feasible  Optimal  MeritFunction    nS Penalty
   100      2  4.4E-01    102 (2.0E-14) 2.3E-01 -2.9239333E+06   127 6.0E+00   R   c
   101      1  1.0E+00    103 (2.0E-14) 3.1E-01 -2.9239502E+06   127 6.0E+00 s     c
   102      1  1.0E+00    104 (2.0E-14) 3.2E-01 -2.9239712E+06   127 6.0E+00       c
   103      1  1.0E+00    105 (2.0E-14) 3.2E-01 -2.9239739E+06   127 6.0E+00       c
   104      1  1.0E+00    106 (2.0E-14) 2.0E-01 -2.9239973E+06   127 6.0E+00       c
   105      1  1.0E+00    107 (2.0E-14) 2.9E-01 -2.9240105E+06   127 6.0E+00       c
   106      2  1.0E+00    108 (2.0E-14) 3.6E-01 -2.9240248E+06   126 6.0E+00       c
   107      2  1.0E+00    109 (2.0E-14) 3.9E-01 -2.9240260E+06   127 6.0E+00       c
   108      2  1.0E+00    110 (2.0E-14) 2.6E-01 -2.9240302E+06   126 6.0E+00       c
   109      1  1.0E+00    111 (2.0E-14) 2.1E-01 -2.9240393E+06   126 6.0E+00       c

 Major Minors     Step   nCon Feasible  Optimal  MeritFunction    nS Penalty
   110      1  4.8E-01    112 (2.0E-14) 2.6E-01 -2.9240459E+06   126 6.0E+00       c
   111      1  1.1E-01    113 (2.0E-14) 2.7E-01 -2.9240470E+06   126 6.0E+00   R   c
   112      3  4.6E-01    114 (2.0E-14) 1.9E-01 -2.9240531E+06   128 6.0E+00 s     c
   113      3  4.9E-01    115 (2.0E-14) 4.0E-01 -2.9240551E+06   128 6.0E+00       c
   114      2  2.7E-02    116 (2.0E-14) 2.2E-01 -2.9240553E+06   127 6.0E+00       c
   115      4  1.9E-01    117 (2.0E-14) 2.6E-01 -2.9240555E+06   128 6.0E+00       c
   115      6             117 (2.0E-14) 2.2E-01 -2.9240555E+06   127           r   c
   116      3  5.4E-02    118 (2.0E-14) 3.0E-01 -2.9240561E+06   129         s     c
   116      5             118 (2.0E-14) 1.7E-01 -2.9240561E+06   128         s r   c
 
 SNOPTC EXIT  40 -- terminated after numerical difficulties
 SNOPTC INFO  41 -- current point cannot be improved

 Problem name                 CaseStud
 No. of iterations                 583   Objective value     -2.9240560528E+06
 No. of major iterations           116   Linear objective     0.0000000000E+00
 Penalty parameter           0.000E+00   Nonlinear objective -2.9240560528E+06
 No. of calls to funobj          38706   No. of calls to funcon          38706
 Calls with modes 1,2 (known g)    118   Calls with modes 1,2 (known g)    118
 Calls for forward differencing    162   Calls for forward differencing    162
 Calls for central differencing  38232   Calls for central differencing  38232
 No. of superbasics                128   No. of basic nonlinears            34
 No. of degenerate steps             8   Percentage                       1.37
 Max x                     156 1.2E+04   Max pi                    241 2.1E+01
 Max Primal infeas           0 0.0E+00   Max Dual infeas            98 3.7E+00
 Nonlinear constraint violn    1.6E-09
 
 

 Solution printed on file  18
 
 Time for MPS input                             0.00 seconds
 Time for solving problem                    1051.74 seconds
 Time for solution output                       0.01 seconds
 Time for constraint functions               1052.18 seconds
 Time for objective function                    0.00 seconds
