
 ==============================
 S N O P T  7.2-12.3 (Aug 2014)
 ==============================
 
 SNMEMB EXIT 100 -- finished successfully
 SNMEMB INFO 104 -- memory requirements estimated

 ==============================
 S N O P T  7.2-12.3 (Aug 2014)
 ==============================
 
 

 Nonlinear constraints    1091     Linear constraints       0
 Nonlinear variables       162     Linear variables         0
 Jacobian  variables       162     Objective variables    162
 Total constraints        1091     Total variables        162
 

 
 The user has defined       0   out of  176742   constraint gradients.
 The user has defined       0   out of     162   objective  gradients.
 

        Minor   QPmult   nInf   SumInf   rgNorm    QPobjective    nS
          100 -7.1E+00                  6.1E-13  6.0528984E+06    94

 Major Minors     Step   nCon Feasible  Optimal  MeritFunction    nS Penalty
     0    105               1  1.1E-02  6.7E-01 -2.7156738E+06    99           r  Tc

 Major Minors     Step   nCon Feasible  Optimal  MeritFunction    nS Penalty
     0    106               1  1.1E-02  6.7E-01 -2.7156738E+06    99           r   c
     1      1  5.4E-03      2  1.0E-02  6.7E-01  1.1794246E+07    99 3.2E+01 n rl  c

        Minor   QPmult   nInf   SumInf   rgNorm    QPobjective    nS
          100 -1.7E+00                  7.8E-13 -2.9054770E+06   120

 Major Minors     Step   nCon Feasible  Optimal  MeritFunction    nS Penalty
     2    108  5.5E-03      3  1.0E-02  1.2E+00  1.4081194E+07   128 3.7E+01 s  l  c
     3     43  1.0E+00      4  1.7E-03  7.2E-01 -2.7719280E+06   106 7.3E+00       c
     4     57  1.0E+00      5 (1.4E-14) 1.8E+00 -2.8034827E+06   108 7.3E+00       c
     5     38  1.0E+00      6 (8.0E-11) 1.3E+00 -2.8082967E+06   110 7.3E+00       c
     6     29  1.0E+00      7  2.3E-03  1.1E+00 -2.8155000E+06   109 7.3E+00       c
     7     32  1.0E+00      8  2.2E-03  1.0E+00 -2.8285117E+06   106 7.3E+00       c
     8     49  1.0E+00      9  3.8E-04  1.0E+00 -2.8364352E+06   109 7.3E+00       c
     9     35  4.9E-01     10  1.5E-04  7.4E-01 -2.8505646E+06   119 7.3E+00       c

 Major Minors     Step   nCon Feasible  Optimal  MeritFunction    nS Penalty
    10     21  4.9E-01     11  7.6E-05  1.2E+00 -2.8649708E+06   114 7.3E+00       c
    11     17  4.3E-01     12  2.9E-03  9.6E-01 -2.8810540E+06   110 7.3E+00       c
    12     17  4.0E-01     13  1.7E-03  1.2E+00 -2.8942603E+06   121 7.3E+00   R   c
    13     15  4.2E-01     14  1.0E-03  2.2E+00 -2.9043223E+06   127 7.3E+00 s     c
    14     11  1.0E+00     15  4.5E-04  8.0E-01 -2.9235270E+06   122 7.3E+00       c
    15      4  1.0E+00     16  5.0E-06  1.3E+00 -2.9265585E+06   121 7.3E+00       c
    16      8  1.0E+00     17  4.2E-04  1.0E+00 -2.9326084E+06   118 7.3E+00       c
    17      6  1.0E+00     18  7.4E-04  9.9E-01 -2.9329275E+06   119 7.3E+00       c
    18      4  1.0E+00     19  2.6E-06  7.1E-01 -2.9371065E+06   118 7.3E+00       c
    19      4  1.0E+00     20  1.9E-05  9.0E-01 -2.9381566E+06   118 7.3E+00       c

 Major Minors     Step   nCon Feasible  Optimal  MeritFunction    nS Penalty
    20      6  1.0E+00     21  4.4E-04  8.2E-01 -2.9397261E+06   118 7.3E+00       c
    21      3  4.3E-01     22  2.6E-04  3.6E-01 -2.9405586E+06   118 7.3E+00       c
    22      4  4.2E-01     23  2.5E-04  7.0E-01 -2.9409790E+06   117 7.3E+00       c
    23      4  3.7E-01     24  1.7E-04  8.0E-01 -2.9412459E+06   116 7.3E+00   R   c
    24      3  4.5E-01     25  1.7E-04  5.1E-01 -2.9417796E+06   118 7.3E+00 s     c
    25      4  1.0E+00     26 (4.6E-07) 5.6E-01 -2.9420662E+06   115 7.3E+00       c
    26      3  1.0E+00     27  2.3E-05  9.0E-01 -2.9424284E+06   117 7.3E+00       c
    27      4  1.0E+00     28  1.2E-04  7.4E-01 -2.9426608E+06   116 7.3E+00       c
    28      5  1.0E+00     29 (7.5E-16) 4.0E-01 -2.9430368E+06   118 7.3E+00       c
    29      2  1.0E+00     30  4.5E-05  9.3E-01 -2.9431597E+06   117 7.3E+00       c

 Major Minors     Step   nCon Feasible  Optimal  MeritFunction    nS Penalty
    30      5  1.0E+00     31  9.4E-05  2.5E-01 -2.9433705E+06   115 7.3E+00       c
    31      4  1.0E+00     32 (2.6E-16) 3.3E-01 -2.9435051E+06   114 7.3E+00       c
    32      2  1.0E+00     33 (3.4E-16) 4.2E-01 -2.9436685E+06   115 7.3E+00       c
    33      2  4.5E-01     34  8.5E-06  4.9E-01 -2.9437754E+06   116 7.3E+00       c
    34      1  4.1E-01     35  6.3E-05  8.3E-01 -2.9438299E+06   116 7.3E+00   R   c
    35      1  1.0E+00     36  3.3E-05  5.0E-01 -2.9439433E+06   116 7.3E+00 s     c
    36      3  1.0E+00     37  1.8E-06  5.0E-01 -2.9440408E+06   118 7.3E+00       c
    37      3  1.0E+00     38  5.1E-05  7.1E-01 -2.9441459E+06   116 7.3E+00       c
    38      1  1.0E+00     39 (2.8E-15) 6.0E-01 -2.9441854E+06   116 7.3E+00       c
    39      1  1.0E+00     40  6.2E-05  5.4E-01 -2.9442852E+06   116 7.3E+00       c

 Major Minors     Step   nCon Feasible  Optimal  MeritFunction    nS Penalty
    40      1  1.0E+00     41 (2.6E-16) 2.4E-01 -2.9443014E+06   116 7.3E+00       c
    41      2  1.0E+00     42 (1.1E-07) 8.5E-01 -2.9443651E+06   117 7.3E+00       c
    42      1  1.0E+00     43  4.9E-05  4.3E-01 -2.9443815E+06   117 7.3E+00       c
    43      3  1.0E+00     44  2.6E-05  2.4E-01 -2.9444525E+06   117 7.3E+00       c
    44      3  1.0E+00     45 (3.4E-16) 2.3E-01 -2.9444872E+06   117 7.3E+00       c
    45      2  1.0E+00     46 (5.4E-15) 2.3E-01 -2.9445420E+06   117 7.3E+00   R   c
    46      3  1.0E+00     47 (4.8E-15) 5.3E-01 -2.9445805E+06   117 7.3E+00 s     c
    47      2  4.4E-01     48  1.6E-05  7.5E-01 -2.9445938E+06   116 7.3E+00       c
    48      1  1.0E+00     49  5.1E-06  4.1E-01 -2.9446236E+06   116 7.3E+00       c
    49      1  5.0E-01     50  2.5E-06  3.0E-01 -2.9446403E+06   116 7.3E+00       c

 Major Minors     Step   nCon Feasible  Optimal  MeritFunction    nS Penalty
    50      1  4.7E-01     51  4.8E-06  6.6E-01 -2.9446538E+06   116 7.3E+00       c
    51      1  1.0E+00     52  1.1E-05  6.9E-01 -2.9446676E+06   116 7.3E+00       c
    52      1  1.0E+00     53  6.6E-06  4.8E-01 -2.9446883E+06   116 7.3E+00       c
    53      1  1.0E+00     54  2.7E-06  6.4E-01 -2.9447214E+06   116 7.3E+00       c
    54      2  1.0E+00     55  9.0E-06  7.3E-01 -2.9447452E+06   115 7.3E+00       c
    55      1  1.0E+00     56  1.4E-05  5.6E-01 -2.9448270E+06   115 7.3E+00       c
    56      3  1.0E+00     57 (1.0E-14) 6.2E-01 -2.9449063E+06   117 7.3E+00   R   c
    57      2  1.0E+00     58  2.0E-06  4.8E-01 -2.9451171E+06   116 7.3E+00 s     c
    58      1  1.0E+00     59  2.3E-05  3.1E-01 -2.9451801E+06   116 7.3E+00       c
    59      3  1.0E+00     60  2.0E-06  4.6E-01 -2.9452939E+06   118 7.3E+00       c

 Major Minors     Step   nCon Feasible  Optimal  MeritFunction    nS Penalty
    60      3  4.6E-01     61  9.4E-06  3.6E-01 -2.9453600E+06   116 7.3E+00       c
    61      1  1.0E+00     62 (5.6E-07) 6.0E-01 -2.9453638E+06   116 7.3E+00       c
    62      1  1.0E+00     63  6.4E-06  3.0E-01 -2.9454357E+06   116 7.3E+00       c
    63      3  1.0E+00     64  2.8E-06  5.6E-01 -2.9454357E+06   116 7.3E+00       c
    64      4  1.0E+00     65  9.7E-06  2.8E-01 -2.9454685E+06   117 7.3E+00       c
    65      2  4.7E-01     66  5.2E-06  2.9E-01 -2.9454988E+06   116 7.3E+00       c
    66      1  1.5E-01     67  4.4E-06  2.9E-01 -2.9455074E+06   116 7.3E+00       c
    67      1  4.1E-01     68  2.6E-06  3.0E-01 -2.9455139E+06   116 7.3E+00   R   c
    68      1  5.0E-01     69  3.9E-06  4.3E-01 -2.9455350E+06   116 7.3E+00 s     c
    69      2  1.0E+00     70 (2.9E-07) 1.7E-01 -2.9455428E+06   117 7.3E+00       c

 Major Minors     Step   nCon Feasible  Optimal  MeritFunction    nS Penalty
    70      1  1.0E+00     71 (6.9E-08) 1.9E-01 -2.9455585E+06   117 7.3E+00       c
    71      2  4.2E-01     72 (2.0E-16) 2.0E-01 -2.9455617E+06   116 7.3E+00       c
    72      1  1.0E+00     73 (5.4E-07) 4.2E-01 -2.9455655E+06   116 7.3E+00       c
    73      1  1.0E+00     74  3.6E-06  3.2E-01 -2.9455685E+06   116 7.3E+00       c
    74      2  4.2E-01     75  2.1E-06  2.7E-01 -2.9455733E+06   117 7.3E+00       c
    75      2  1.0E+00     76 (7.6E-08) 4.2E-01 -2.9455753E+06   116 7.3E+00       c
    76      1  1.0E+00     77  6.4E-06  3.9E-01 -2.9455802E+06   116 7.3E+00       c
    77      1  1.0E+00     78 (2.5E-16) 4.2E-01 -2.9456041E+06   116 7.3E+00       c
    78      1  1.0E+00     79  4.1E-06  4.3E-01 -2.9456142E+06   116 7.3E+00   R   c
    79      1  1.0E+00     80 (2.1E-08) 2.1E-01 -2.9456285E+06   116 7.3E+00 s     c

 Major Minors     Step   nCon Feasible  Optimal  MeritFunction    nS Penalty
    80      1  1.0E+00     81 (1.1E-07) 2.1E-01 -2.9456393E+06   116 7.3E+00       c
    81      1  1.0E+00     82  3.2E-06  5.5E-01 -2.9456409E+06   116 7.3E+00       c
    82      1  1.0E+00     83 (1.3E-07) 5.7E-01 -2.9456438E+06   116 7.3E+00       c
    83      1  1.0E+00     84  4.1E-06  2.7E-01 -2.9456557E+06   116 7.3E+00       c
    84      1  4.6E-01     85  2.2E-06  2.4E-01 -2.9456609E+06   116 7.3E+00       c
    85      1  4.4E-01     86  1.2E-06  2.1E-01 -2.9456643E+06   116 7.3E+00       c
    86      2  3.8E-01     87 (7.6E-07) 2.2E-01 -2.9456646E+06   117 7.3E+00       c
    87      1  1.0E+00     88 (2.0E-16) 2.9E-01 -2.9456651E+06   117 7.3E+00       c
    88      1  1.0E+00     89 (3.9E-07) 2.2E-01 -2.9456746E+06   117 7.3E+00       c
    89      1  1.0E+00     90 (5.1E-07) 2.1E-01 -2.9456762E+06   117 7.3E+00   R   c

 Major Minors     Step   nCon Feasible  Optimal  MeritFunction    nS Penalty
    90      1  1.0E+00     91 (6.1E-16) 2.3E-01 -2.9456811E+06   117 7.3E+00 s     c
    91      1  1.0E+00     92  1.0E-06  5.9E-01 -2.9456854E+06   117 7.3E+00       c
    92      1  3.9E-01     93 (6.6E-07) 1.9E-01 -2.9456861E+06   117 7.3E+00       c
    93      1  4.3E-01     94 (4.5E-07) 2.0E-01 -2.9456872E+06   117 7.3E+00       c
    94      2  1.6E-01     95 (3.3E-07) 1.9E-01 -2.9456873E+06   118 7.3E+00       c
    95      2  4.7E-02     96 (2.8E-07) 3.8E-01 -2.9456874E+06   117 7.3E+00       c
    96      1  4.8E-02     97 (2.7E-07) 2.0E-01 -2.9456875E+06   117 7.3E+00       c
    97      2  1.3E-02     98 (2.5E-07) 6.2E-01 -2.9456876E+06   118 7.3E+00       c
    97      4              98 (2.5E-07) 1.8E-01 -2.9456876E+06   117           r   c
    98      1  2.9E-02     99 (5.8E-07) 1.6E-01 -2.9456893E+06   117         s     c
    99      1  8.6E-02    100 (6.5E-07) 2.4E-01 -2.9456896E+06   117               c
    99      2             100 (6.5E-07) 1.9E-01 -2.9456896E+06   117           r   c
 
 SNOPTC EXIT  40 -- terminated after numerical difficulties
 SNOPTC INFO  41 -- current point cannot be improved

 Problem name                 CaseStud
 No. of iterations                 760   Objective value     -2.9456902681E+06
 No. of major iterations            99   Linear objective     0.0000000000E+00
 Penalty parameter           0.000E+00   Nonlinear objective -2.9456902681E+06
 No. of calls to funobj          32855   No. of calls to funcon          32855
 Calls with modes 1,2 (known g)    100   Calls with modes 1,2 (known g)    100
 Calls for forward differencing    162   Calls for forward differencing    162
 Calls for central differencing  32400   Calls for central differencing  32400
 No. of superbasics                117   No. of basic nonlinears            45
 No. of degenerate steps            26   Percentage                       3.42
 Max x                     155 1.2E+04   Max pi                    303 2.6E+01
 Max Primal infeas           0 0.0E+00   Max Dual infeas            48 5.1E+00
 Nonlinear constraint violn    5.2E-02
 
 

 Solution printed on file  18
 
 Time for MPS input                             0.00 seconds
 Time for solving problem                     905.59 seconds
 Time for solution output                       0.01 seconds
 Time for constraint functions                906.93 seconds
 Time for objective function                    0.00 seconds
