
 ==============================
 S N O P T  7.2-12.3 (Aug 2014)
 ==============================
 
 SNMEMB EXIT 100 -- finished successfully
 SNMEMB INFO 104 -- memory requirements estimated

 ==============================
 S N O P T  7.2-12.3 (Aug 2014)
 ==============================
 
 

 Nonlinear constraints    1091     Linear constraints       0
 Nonlinear variables       162     Linear variables         0
 Jacobian  variables       162     Objective variables    162
 Total constraints        1091     Total variables        162
 

 
 The user has defined       0   out of  176742   constraint gradients.
 The user has defined       0   out of     162   objective  gradients.
 

        Minor   QPmult   nInf   SumInf   rgNorm    QPobjective    nS
          100  8.1E+00                  2.5E-12  1.0079503E+07    97

 Major Minors     Step   nCon Feasible  Optimal  MeritFunction    nS Penalty
     0    102               1  1.2E-02  7.4E-01 -2.7269477E+06    99           r  Tc

 Major Minors     Step   nCon Feasible  Optimal  MeritFunction    nS Penalty
     0    103               1  1.2E-02  7.4E-01 -2.7269477E+06    99           r   c
     1      1  4.6E-03      2  1.2E-02  7.4E-01  1.8421771E+07    99 3.1E+01 n rl  c

        Minor   QPmult   nInf   SumInf   rgNorm    QPobjective    nS
          100  7.0E+00                  2.7E-13 -2.3549247E+06    92

 Major Minors     Step   nCon Feasible  Optimal  MeritFunction    nS Penalty
     2    130  4.7E-03      4  1.2E-02  8.5E-01  2.1238321E+07   121 3.6E+01 sM l  c
     3     28  1.0E+00      5  3.7E-03  9.3E-01 -2.3205739E+06   136 9.4E+00       c
     4     15  1.0E+00      6 (5.4E-15) 1.2E+00 -2.7984617E+06   135 9.4E+00       c
     5      8  1.0E+00      7 (7.2E-15) 1.2E+00 -2.8251918E+06   132 9.4E+00       c
     6      9  1.0E+00      8 (8.9E-14) 1.0E+00 -2.8480182E+06   132 9.4E+00       c
     7     10  1.0E+00      9 (1.4E-10) 6.5E-01 -2.8607046E+06   125 9.4E+00       c
     8     11  1.0E+00     10 (2.5E-09) 7.9E-01 -2.8723885E+06   123 9.4E+00       c
     9      9  1.0E+00     11 (1.9E-15) 1.0E+00 -2.8784905E+06   124 9.4E+00       c

 Major Minors     Step   nCon Feasible  Optimal  MeritFunction    nS Penalty
    10     10  1.0E+00     12 (6.7E-15) 9.4E-01 -2.8855292E+06   121 9.4E+00       c
    11      2  1.0E+00     13 (3.9E-15) 8.7E-01 -2.8858750E+06   122 9.4E+00       c
    12      8  1.0E+00     14 (8.2E-15) 7.1E-01 -2.8911137E+06   121 9.4E+00   R   c
    13      4  1.0E+00     15 (1.7E-15) 6.7E-01 -2.8924042E+06   122 9.4E+00 s     c
    14      3  1.0E+00     16 (1.2E-15) 7.4E-01 -2.8937673E+06   121 9.4E+00       c
    15      2  1.0E+00     17 (1.7E-14) 7.5E-01 -2.8941832E+06   120 9.4E+00       c
    16      2  1.0E+00     18 (7.4E-15) 5.6E-01 -2.8959612E+06   121 9.4E+00       c
    17      6  1.0E+00     19 (1.4E-15) 8.7E-01 -2.8969648E+06   119 9.4E+00       c
    18      7  1.0E+00     20 (1.2E-15) 7.5E-01 -2.8987483E+06   122 9.4E+00       c
    19      5  1.0E+00     21 (4.6E-15) 3.7E-01 -2.9006370E+06   120 9.4E+00       c

 Major Minors     Step   nCon Feasible  Optimal  MeritFunction    nS Penalty
    20     10  1.0E+00     22 (3.8E-16) 6.6E-01 -2.9019508E+06   121 9.4E+00       c
    21      7  1.0E+00     23 (2.8E-15) 9.5E-01 -2.9037916E+06   122 9.4E+00       c
    22      6  1.0E+00     24 (2.5E-16) 7.4E-01 -2.9059007E+06   122 9.4E+00       c
    23     12  1.0E+00     25 (7.9E-16) 5.6E-01 -2.9074266E+06   121 9.4E+00   R   c
    24      5  1.0E+00     26 (1.7E-15) 5.1E-01 -2.9082873E+06   119 9.4E+00 s     c
    25     10  1.0E+00     27 (1.8E-15) 5.0E-01 -2.9091020E+06   120 9.4E+00       c
    26      3  1.0E+00     28 (5.2E-16) 1.0E+00 -2.9092574E+06   122 9.4E+00       c
    27      4  1.0E+00     29 (2.5E-16) 5.8E-01 -2.9104826E+06   123 9.4E+00       c
    28      3  1.0E+00     30 (3.1E-16) 4.2E-01 -2.9109742E+06   123 9.4E+00       c
    29      7  1.0E+00     31 (3.7E-15) 8.9E-01 -2.9117647E+06   121 9.4E+00       c

 Major Minors     Step   nCon Feasible  Optimal  MeritFunction    nS Penalty
    30      8  1.0E+00     32 (5.7E-15) 5.4E-01 -2.9125324E+06   121 9.4E+00       c
    31      7  1.0E+00     33 (8.3E-16) 4.5E-01 -2.9132520E+06   118 9.4E+00       c
    32      6  1.0E+00     34 (1.4E-15) 4.2E-01 -2.9137230E+06   117 9.4E+00       c
    33      4  1.0E+00     35 (4.5E-16) 3.5E-01 -2.9142530E+06   118 9.4E+00       c
    34      5  1.0E+00     36 (1.2E-09) 5.6E-01 -2.9145844E+06   120 9.4E+00   R   c
    35      4  1.0E+00     37 (2.5E-16) 4.2E-01 -2.9148174E+06   120 9.4E+00 s     c
    36      3  1.0E+00     38 (2.5E-16) 3.2E-01 -2.9151143E+06   119 9.4E+00       c
    37      3  4.6E-01     39 (2.5E-16) 3.9E-01 -2.9152597E+06   120 9.4E+00       c
    38      3  1.0E+00     40 (9.4E-16) 3.9E-01 -2.9153090E+06   119 9.4E+00       c
    39      7  1.0E+00     41 (2.9E-16) 5.6E-01 -2.9154937E+06   120 9.4E+00       c

 Major Minors     Step   nCon Feasible  Optimal  MeritFunction    nS Penalty
    40      5  4.9E-01     42 (2.5E-16) 4.2E-01 -2.9155675E+06   120 9.4E+00       c
    41      3  1.0E+00     43 (2.5E-16) 3.7E-01 -2.9155937E+06   118 9.4E+00       c
    42      2  1.0E+00     44 (3.7E-16) 3.2E-01 -2.9157424E+06   118 9.4E+00       c
    43      5  1.0E+00     45 (5.6E-16) 5.1E-01 -2.9158657E+06   120 9.4E+00       c
    44      5  1.0E+00     46 (2.4E-15) 3.9E-01 -2.9160037E+06   117 9.4E+00       c
    45      7  1.0E+00     47 (4.3E-16) 6.4E-01 -2.9162242E+06   120 9.4E+00   R   c
    46      6  1.0E+00     48 (2.5E-16) 4.2E-01 -2.9166159E+06   119 9.4E+00 s     c
    47      3  1.0E+00     49 (1.6E-15) 5.5E-01 -2.9170794E+06   120 9.4E+00       c
    48      4  1.0E+00     50 (4.5E-16) 1.2E+00 -2.9171880E+06   120 9.4E+00       c
    49      7  1.0E+00     51 (2.5E-16) 6.3E-01 -2.9184016E+06   119 9.4E+00       c

 Major Minors     Step   nCon Feasible  Optimal  MeritFunction    nS Penalty
    50      5  1.0E+00     52 (2.9E-16) 5.1E-01 -2.9190054E+06   119 9.4E+00       c
    51      5  1.0E+00     53 (3.9E-15) 1.1E+00 -2.9190373E+06   118 9.4E+00       c
    52      4  1.0E+00     54 (2.0E-15) 3.6E-01 -2.9198630E+06   118 9.4E+00       c
    53      4  4.9E-01     55 (1.7E-15) 2.8E-01 -2.9200256E+06   119 9.4E+00       c
    54      2  4.8E-01     56 (8.5E-16) 4.8E-01 -2.9200789E+06   119 9.4E+00       c
    55      2  1.0E+00     57 (3.7E-16) 4.0E-01 -2.9202525E+06   119 9.4E+00       c
    56      5  1.0E+00     58 (2.5E-16) 8.4E-01 -2.9203899E+06   120 9.4E+00   R   c
    57      2  1.0E+00     59 (2.5E-16) 5.7E-01 -2.9205855E+06   119 9.4E+00 s     c
    58      5  1.0E+00     60 (2.9E-16) 3.1E-01 -2.9206998E+06   119 9.4E+00       c
    59      4  1.0E+00     61 (2.9E-16) 4.1E-01 -2.9208076E+06   120 9.4E+00       c

 Major Minors     Step   nCon Feasible  Optimal  MeritFunction    nS Penalty
    60      3  1.0E+00     62 (3.6E-16) 4.5E-01 -2.9208605E+06   119 9.4E+00       c
    61      3  1.0E+00     63 (7.4E-16) 4.0E-01 -2.9210398E+06   118 9.4E+00       c
    62      2  1.0E+00     64 (7.2E-16) 4.4E-01 -2.9211253E+06   118 9.4E+00       c
    63      6  1.0E+00     65 (3.8E-16) 3.7E-01 -2.9213899E+06   120 9.4E+00       c
    64      5  1.0E+00     66 (2.5E-16) 4.5E-01 -2.9214533E+06   120 9.4E+00       c
    65      5  1.0E+00     67 (2.5E-16) 3.2E-01 -2.9218046E+06   119 9.4E+00       c
    66      3  3.4E-01     68 (2.5E-16) 4.8E-01 -2.9218796E+06   118 9.4E+00       c
    67      2  1.0E+00     69 (2.5E-16) 3.1E-01 -2.9219345E+06   118 9.4E+00   R   c
    68      2  1.0E+00     70 (2.5E-16) 2.8E-01 -2.9219698E+06   118 9.4E+00 s     c
    69      4  1.0E+00     71 (2.5E-16) 2.9E-01 -2.9220224E+06   119 9.4E+00       c

 Major Minors     Step   nCon Feasible  Optimal  MeritFunction    nS Penalty
    70      3  1.0E+00     72 (2.5E-16) 3.0E-01 -2.9220346E+06   118 9.4E+00       c
    71      2  1.0E+00     73 (2.5E-16) 2.6E-01 -2.9220488E+06   118 9.4E+00       c
    72      2  1.0E+00     74 (2.5E-16) 4.0E-01 -2.9220865E+06   117 9.4E+00       c
    73      2  4.0E-01     75 (2.5E-16) 2.6E-01 -2.9221024E+06   118 9.4E+00       c
    74      3  3.9E-01     76 (2.5E-16) 3.0E-01 -2.9221133E+06   119 9.4E+00       c
    75      3  1.0E+00     77 (2.5E-16) 5.4E-01 -2.9221258E+06   117 9.4E+00       c
    76      2  1.0E+00     78 (2.5E-16) 3.6E-01 -2.9221383E+06   118 9.4E+00       c
    77      2  1.0E+00     79 (2.7E-16) 5.1E-01 -2.9221733E+06   118 9.4E+00       c
    78      2  1.0E+00     80 (2.5E-16) 2.6E-01 -2.9221768E+06   119 9.4E+00   R   c
    79      2  1.0E+00     81 (2.5E-16) 2.9E-01 -2.9222131E+06   118 9.4E+00 s     c

 Major Minors     Step   nCon Feasible  Optimal  MeritFunction    nS Penalty
    80      2  1.0E+00     82 (2.5E-16) 2.9E-01 -2.9222426E+06   118 9.4E+00       c
    81      4  3.6E-01     83 (2.5E-16) 2.9E-01 -2.9222554E+06   118 9.4E+00       c
    82      4  3.2E-01     84 (2.5E-16) 3.0E-01 -2.9222587E+06   118 9.4E+00       c
    83      2  4.7E-01     85 (2.5E-16) 4.4E-01 -2.9222671E+06   119 9.4E+00       c
    84      3  4.1E-01     86 (2.5E-16) 2.8E-01 -2.9222713E+06   118 9.4E+00       c
    85      1  3.8E-01     87 (2.5E-16) 3.2E-01 -2.9222780E+06   118 9.4E+00       c
    86      1  4.5E-01     88 (2.5E-16) 3.5E-01 -2.9222843E+06   118 9.4E+00       c
    87      2  4.0E-01     89 (2.5E-16) 3.0E-01 -2.9222886E+06   118 9.4E+00       c
    88      1  4.5E-01     90 (2.5E-16) 3.1E-01 -2.9222955E+06   118 9.4E+00       c
    89      2  3.9E-01     91 (2.5E-16) 3.1E-01 -2.9222995E+06   118 9.4E+00   R   c

 Major Minors     Step   nCon Feasible  Optimal  MeritFunction    nS Penalty
    90      2  4.4E-01     92 (2.5E-16) 3.6E-01 -2.9223076E+06   118 9.4E+00 s     c
    91      1  1.0E+00     93 (2.9E-16) 2.4E-01 -2.9223097E+06   118 9.4E+00       c
    92      2  4.5E-01     94 (2.5E-16) 2.9E-01 -2.9223111E+06   118 9.4E+00       c
    93      2  4.8E-01     95 (2.5E-16) 2.9E-01 -2.9223131E+06   118 9.4E+00       c
    94      4  4.8E-01     96 (2.5E-16) 2.6E-01 -2.9223163E+06   119 9.4E+00       c
    95      4  2.1E-01     97 (2.5E-16) 2.3E-01 -2.9223175E+06   120 9.4E+00       c
    96      4  1.9E-01     98 (2.5E-16) 2.3E-01 -2.9223181E+06   118 9.4E+00       c
    97      2  1.0E+00     99 (2.5E-16) 3.3E-01 -2.9223234E+06   118 9.4E+00       c
    98      6  4.4E-01    100 (2.5E-16) 5.7E-01 -2.9223272E+06   121 9.4E+00       c
    98     14             100 (2.5E-16) 2.5E-01 -2.9223272E+06   116           r   c
    99      3  5.5E-03    101 (2.6E-16) 3.1E-01 -2.9223334E+06   118         s     c

 Major Minors     Step   nCon Feasible  Optimal  MeritFunction    nS Penalty
   100      2  1.0E+00    102 (2.5E-16) 2.2E-01 -2.9223360E+06   119               c
   101      2  1.0E+00    103 (2.5E-16) 2.1E-01 -2.9223385E+06   120               c
   102      1  1.0E+00    104 (2.5E-16) 2.4E-01 -2.9223430E+06   120               c
   103      1  4.9E-01    105 (2.5E-16) 2.8E-01 -2.9223443E+06   120               c
   104      1  1.6E-01    106 (2.5E-16) 3.4E-01 -2.9223452E+06   120               c
   105      1  1.4E-02    107 (2.5E-16) 3.3E-01 -2.9223452E+06   120               c
   106      1  6.2E-02    108 (2.5E-16) 3.9E-01 -2.9223454E+06   120               c
   106      4             108 (2.5E-16) 2.1E-01 -2.9223454E+06   118           r   c
   107      3  2.9E-02    109 (2.5E-16) 2.5E-01 -2.9223479E+06   120         s     c
   108      2  4.6E-01    110 (2.5E-16) 3.2E-01 -2.9223486E+06   119               c
   109      2  4.3E-01    111 (2.5E-16) 2.4E-01 -2.9223494E+06   120               c

 Major Minors     Step   nCon Feasible  Optimal  MeritFunction    nS Penalty
   110      2  4.5E-01    112 (2.5E-16) 2.7E-01 -2.9223523E+06   119               c
   111      2  4.4E-01    113 (2.5E-16) 2.9E-01 -2.9223528E+06   120               c
   112      2  3.9E-01    114 (2.5E-16) 3.2E-01 -2.9223532E+06   121               c
 
 SNOPTC EXIT  40 -- terminated after numerical difficulties
 SNOPTC INFO  41 -- current point cannot be improved

 Problem name                 CaseStud
 No. of iterations                 718   Objective value     -2.9223531591E+06
 No. of major iterations           112   Linear objective     0.0000000000E+00
 Penalty parameter           0.000E+00   Nonlinear objective -2.9223531591E+06
 No. of calls to funobj          37419   No. of calls to funcon          37419
 Calls with modes 1,2 (known g)    114   Calls with modes 1,2 (known g)    114
 Calls for forward differencing    162   Calls for forward differencing    162
 Calls for central differencing  36936   Calls for central differencing  36936
 No. of superbasics                121   No. of basic nonlinears            43
 No. of degenerate steps            22   Percentage                       3.06
 Max x                     160 1.2E+04   Max pi                    199 1.8E+01
 Max Primal infeas           0 0.0E+00   Max Dual infeas           118 5.9E+00
 Nonlinear constraint violn    2.0E-11
 
 

 Solution printed on file  18
 
 Time for MPS input                             0.00 seconds
 Time for solving problem                    1020.00 seconds
 Time for solution output                       0.01 seconds
 Time for constraint functions               1021.13 seconds
 Time for objective function                    0.00 seconds
