
 ==============================
 S N O P T  7.2-12.3 (Aug 2014)
 ==============================
 
 SNMEMB EXIT 100 -- finished successfully
 SNMEMB INFO 104 -- memory requirements estimated

 ==============================
 S N O P T  7.2-12.3 (Aug 2014)
 ==============================
 
 

 Nonlinear constraints    1091     Linear constraints       0
 Nonlinear variables       162     Linear variables         0
 Jacobian  variables       162     Objective variables    162
 Total constraints        1091     Total variables        162
 

 
 The user has defined       0   out of  176742   constraint gradients.
 The user has defined       0   out of     162   objective  gradients.
 

        Minor   QPmult   nInf   SumInf   rgNorm    QPobjective    nS
          100  5.6E+00                  2.0E-12  3.2215800E+07    97

 Major Minors     Step   nCon Feasible  Optimal  MeritFunction    nS Penalty
     0    102               1  2.8E-02  9.0E-01 -2.7764984E+06    99           r  Tc

 Major Minors     Step   nCon Feasible  Optimal  MeritFunction    nS Penalty
     0    103               1  2.8E-02  9.0E-01 -2.7764984E+06    99           r   c
     1      1  2.7E-03      2  2.8E-02  9.0E-01  5.3438900E+07    99 2.2E+01 n rl  c

        Minor   QPmult   nInf   SumInf   rgNorm    QPobjective    nS
          100                           3.6E-15 -2.8854797E+06   107

 Major Minors     Step   nCon Feasible  Optimal  MeritFunction    nS Penalty
     2    121  2.7E-03      3  2.8E-02  1.5E+00  5.7237451E+07   123 2.3E+01 s  l  c
     3     35  1.0E+00      4 (1.2E-08) 1.2E+00 -2.8066029E+06   113 5.4E+00       c
     4     40  1.0E+00      5 (1.3E-14) 1.6E+00 -2.8214311E+06   114 5.4E+00       c
     5     47  5.0E-01      6 (7.7E-15) 1.3E+00 -2.8404349E+06   113 5.4E+00       c
     6     41  4.4E-01      7  1.2E-02  1.3E+00 -2.8420825E+06   118 5.4E+00       c

        Minor   QPmult   nInf   SumInf   rgNorm    QPobjective    nS
          100                           6.7E-13 -2.8234316E+06    78

 Major Minors     Step   nCon Feasible  Optimal  MeritFunction    nS Penalty
     7    182  1.0E+00      8  1.4E-03  1.0E+00 -2.8427541E+06   111 5.4E+00       c
     8     53  1.0E+00      9 (4.0E-14) 1.7E+00 -2.8437594E+06   109 5.4E+00       c
     9     66  1.0E+00     10 (2.6E-14) 7.0E-01 -2.8463907E+06   105 5.4E+00       c

 Major Minors     Step   nCon Feasible  Optimal  MeritFunction    nS Penalty
    10     52  2.0E-01     11  3.5E-03  1.5E+00 -2.8605509E+06   103 5.4E+00       c
    11     53  4.3E-01     12  2.0E-03  2.5E+00 -2.8623079E+06   108 5.4E+00       c
    12     44  4.3E-01     13  1.3E-03  1.9E+00 -2.8776071E+06   114 5.4E+00   R   c
    13     31  4.7E-01     14  1.2E-03  1.3E+00 -2.8927112E+06   124 5.4E+00 s     c
    14     10  1.0E+00     15  5.5E-05  1.2E+00 -2.9105794E+06   125 5.4E+00       c
    15      9  4.7E-01     16  2.9E-05  1.0E+00 -2.9168691E+06   124 5.4E+00       c
    16     10  1.0E+00     17 (4.2E-15) 1.3E+00 -2.9200304E+06   119 5.4E+00       c
    17     10  1.0E+00     18 (1.7E-14) 1.2E+00 -2.9260526E+06   120 5.4E+00       c
    18     14  1.0E+00     19 (5.9E-15) 8.0E-01 -2.9316135E+06   121 5.4E+00       c
    19      9  1.0E+00     20  8.6E-05  8.8E-01 -2.9345589E+06   117 5.4E+00       c

 Major Minors     Step   nCon Feasible  Optimal  MeritFunction    nS Penalty
    20      7  1.0E+00     21  1.4E-04  7.4E-01 -2.9388488E+06   115 5.4E+00       c
    21      2  1.0E+00     22 (4.2E-15) 8.9E-01 -2.9406947E+06   115 5.4E+00       c
    22     11  1.0E+00     23  2.4E-06  9.9E-01 -2.9421615E+06   114 5.4E+00       c
    23      8  1.0E+00     24  3.9E-06  7.1E-01 -2.9432490E+06   116 5.4E+00   R   c
    24      5  4.3E-01     25  3.7E-06  5.3E-01 -2.9456274E+06   116 5.4E+00 s     c
    25      3  1.0E+00     26 (4.2E-15) 5.4E-01 -2.9464688E+06   115 5.4E+00       c
    26      3  1.0E+00     27 (4.2E-15) 5.3E-01 -2.9468291E+06   115 5.4E+00       c
    27      3  1.0E+00     28 (4.2E-15) 6.4E-01 -2.9475517E+06   117 5.4E+00       c
    28      3  4.6E-01     29 (1.7E-13) 6.1E-01 -2.9479435E+06   117 5.4E+00       c
    29      4  1.0E+00     30 (4.2E-15) 5.5E-01 -2.9481233E+06   114 5.4E+00       c

 Major Minors     Step   nCon Feasible  Optimal  MeritFunction    nS Penalty
    30      2  1.0E+00     31 (2.7E-07) 5.1E-01 -2.9483508E+06   115 5.4E+00       c
    31      2  1.0E+00     32 (4.2E-15) 5.3E-01 -2.9483838E+06   114 5.4E+00       c
    32      2  1.0E+00     33 (4.2E-15) 5.5E-01 -2.9486732E+06   115 5.4E+00       c
    33      3  4.5E-01     34 (4.2E-15) 6.0E-01 -2.9488084E+06   115 5.4E+00       c
    34      3  1.0E+00     35  6.2E-06  6.3E-01 -2.9489743E+06   115 5.4E+00   R   c
    35      4  1.0E+00     36 (4.2E-15) 5.4E-01 -2.9493118E+06   114 5.4E+00 s     c
    36      4  1.0E+00     37 (4.0E-07) 5.0E-01 -2.9496212E+06   115 5.4E+00       c
    37      5  2.9E-01     38 (2.8E-07) 6.1E-01 -2.9497063E+06   115 5.4E+00       c
    38      2  1.0E+00     39 (4.2E-15) 5.9E-01 -2.9497871E+06   114 5.4E+00       c
    39      1  1.0E+00     40  1.4E-06  6.2E-01 -2.9500313E+06   114 5.4E+00       c

 Major Minors     Step   nCon Feasible  Optimal  MeritFunction    nS Penalty
    40      1  1.0E+00     41  1.0E-06  6.5E-01 -2.9501462E+06   114 5.4E+00       c
    41      3  4.4E-01     42 (5.6E-07) 5.8E-01 -2.9501956E+06   114 5.4E+00       c
    42      3  1.0E+00     43 (4.2E-15) 5.5E-01 -2.9502880E+06   116 5.4E+00       c
    43      2  4.9E-01     44 (4.2E-15) 5.7E-01 -2.9503815E+06   115 5.4E+00       c
    44      1  5.0E-01     45 (4.3E-07) 5.0E-01 -2.9504453E+06   115 5.4E+00       c
    45      3  1.0E+00     46 (4.2E-15) 5.7E-01 -2.9504883E+06   116 5.4E+00   R   c
    46      5  1.0E+00     47 (5.6E-08) 5.7E-01 -2.9506766E+06   116 5.4E+00 s     c
    47      4  1.0E+00     48 (4.2E-15) 5.3E-01 -2.9507255E+06   115 5.4E+00       c
    48      2  1.0E+00     49 (4.2E-15) 5.5E-01 -2.9508457E+06   116 5.4E+00       c
    49      2  1.0E+00     50 (4.2E-15) 5.9E-01 -2.9509249E+06   115 5.4E+00       c

 Major Minors     Step   nCon Feasible  Optimal  MeritFunction    nS Penalty
    50      2  1.0E+00     51 (9.8E-15) 6.3E-01 -2.9510367E+06   114 5.4E+00       c
    51      1  1.0E+00     52 (3.6E-14) 5.3E-01 -2.9512246E+06   114 5.4E+00       c
    52      3  1.0E+00     53 (4.2E-15) 3.5E-01 -2.9514797E+06   116 5.4E+00       c
    53      3  1.0E+00     54 (4.2E-15) 4.6E-01 -2.9516595E+06   116 5.4E+00       c
    54      5  1.0E+00     55 (1.4E-14) 4.2E-01 -2.9517495E+06   116 5.4E+00       c
    55      5  1.0E+00     56 (2.1E-08) 4.5E-01 -2.9517907E+06   118 5.4E+00       c
    56      4  4.8E-01     57 (4.2E-07) 6.7E-01 -2.9518487E+06   117 5.4E+00   R   c
    57      2  1.0E+00     58  3.6E-06  1.5E+00 -2.9519639E+06   116 5.4E+00 s     c
    58      2  1.0E+00     59  2.7E-05  2.2E+00 -2.9520009E+06   117 5.4E+00       c
    59      2  1.0E+00     60  8.4E-05  3.9E-01 -2.9520562E+06   116 5.4E+00       c

 Major Minors     Step   nCon Feasible  Optimal  MeritFunction    nS Penalty
    60      2  1.0E+00     61 (4.2E-15) 4.1E-01 -2.9520895E+06   117 5.5E+00       c
    61      1  1.0E+00     62 (4.2E-15) 3.3E+00 -2.9521037E+06   117 5.5E+00       c
    62      2  1.0E+00     63  3.7E-05  5.0E+00 -2.9521155E+06   116 5.5E+00       c
    63      1  1.0E+00     64  8.4E-05  6.1E+00 -2.9521489E+06   116 5.5E+00       c
    64      3  4.1E-01     65  1.1E-04  3.8E+00 -2.9521556E+06   116 5.5E+00       c
    65      2  4.1E-01     66  9.1E-05  3.7E+00 -2.9521677E+06   117 5.5E+00       c
    66      1  1.0E+00     67  4.6E-06  1.2E+00 -2.9521934E+06   117 5.5E+00       c
    67      3  1.0E+00     68  4.7E-06  1.3E+00 -2.9522421E+06   117 5.5E+00   R   c
    68      3  4.9E-01     69  3.9E-06  5.4E-01 -2.9522756E+06   117 5.5E+00 s     c
    69      2  1.0E+00     70 (3.6E-07) 4.4E-01 -2.9522814E+06   116 5.5E+00       c

 Major Minors     Step   nCon Feasible  Optimal  MeritFunction    nS Penalty
    70      3  1.0E+00     71 (7.7E-10) 3.8E-01 -2.9522992E+06   118 5.5E+00       c
    71      2  1.0E+00     72 (4.2E-15) 4.8E-01 -2.9523100E+06   117 5.5E+00       c
    72      2  1.0E+00     73 (1.2E-07) 3.2E-01 -2.9523213E+06   116 5.5E+00       c
    73      1  1.0E+00     74 (7.2E-08) 3.3E-01 -2.9523314E+06   116 5.5E+00       c
    74      2  1.0E+00     75 (5.2E-10) 4.3E-01 -2.9523346E+06   117 5.5E+00       c
    75      2  1.0E+00     76 (1.8E-09) 3.0E-01 -2.9523548E+06   116 5.5E+00       c
    76      2  1.0E+00     77 (6.1E-09) 3.0E-01 -2.9523705E+06   117 5.5E+00       c
    77      3  1.0E+00     78 (3.2E-09) 2.8E-01 -2.9523797E+06   117 5.5E+00       c
    78      2  1.0E+00     79 (4.2E-15) 4.2E-01 -2.9523817E+06   116 5.5E+00   R   c
    79      2  1.0E+00     80 (1.0E-08) 2.9E-01 -2.9524120E+06   117 5.5E+00 s     c

 Major Minors     Step   nCon Feasible  Optimal  MeritFunction    nS Penalty
    80      4  1.0E+00     81 (5.0E-09) 2.2E-01 -2.9524261E+06   116 5.5E+00       c
    81      1  1.0E+00     82 (1.0E-09) 3.6E-01 -2.9524283E+06   116 5.5E+00       c
    82      1  1.0E+00     83 (1.3E-14) 2.6E-01 -2.9524327E+06   116 5.5E+00       c
    83      3  4.7E-01     84 (9.7E-15) 2.2E-01 -2.9524349E+06   116 5.5E+00       c
    84      2  4.6E-01     85 (1.1E-10) 1.8E-01 -2.9524391E+06   117 5.5E+00       c
    85      1  1.0E+00     86 (7.0E-10) 1.7E-01 -2.9524451E+06   117 5.5E+00       c
    86      2  1.0E+00     87 (2.5E-14) 2.2E-01 -2.9524505E+06   116 5.5E+00       c
    87      2  1.0E+00     88 (1.7E-14) 3.1E-01 -2.9524580E+06   115 5.5E+00       c
    88      2  4.4E-01     89 (1.6E-11) 2.3E-01 -2.9524607E+06   116 5.5E+00       c
    89      1  3.7E-01     90 (1.4E-10) 2.0E-01 -2.9524619E+06   116 5.5E+00   R   c

 Major Minors     Step   nCon Feasible  Optimal  MeritFunction    nS Penalty
    90      1  1.0E+00     91 (3.0E-10) 2.2E-01 -2.9524639E+06   116 5.5E+00 s     c
    91      2  1.0E+00     92 (1.1E-10) 1.7E-01 -2.9524713E+06   117 5.5E+00       c
    92      3  1.0E+00     93 (1.7E-10) 2.6E-01 -2.9524727E+06   117 5.5E+00       c
    93      1  1.0E+00     94 (7.9E-11) 2.2E-01 -2.9524758E+06   117 5.5E+00       c
    94      3  4.4E-01     95 (8.5E-11) 1.9E-01 -2.9524771E+06   119 5.5E+00       c
    95      5  4.4E-02     96 (8.5E-11) 3.9E-01 -2.9524772E+06   119 5.5E+00       c
    96      5  6.0E-02     97 (9.2E-11) 1.8E-01 -2.9524773E+06   117 5.5E+00       c
    97      2  4.2E-01     98 (6.6E-11) 1.4E-01 -2.9524777E+06   118 5.5E+00       c
    98      5  1.8E-01     99 (5.6E-11) 7.4E-01 -2.9524782E+06   120 5.5E+00       c
    98     11              99 (5.6E-11) 1.3E-01 -2.9524782E+06   116           r   c
    99      4  1.9E-02    100 (4.2E-15) 2.9E-01 -2.9524785E+06   117         s     c

 Major Minors     Step   nCon Feasible  Optimal  MeritFunction    nS Penalty
   100      4  4.7E-01    101  6.8E-06  2.9E-01 -2.9524792E+06   116               c
   101      3  4.6E-01    102  1.4E-05  1.4E+00 -2.9524797E+06   116               c
   102      1  1.0E+00    103  3.2E-05  1.4E+00 -2.9524843E+06   116               c
   103      2  1.0E+00    104  5.3E-05  2.9E+00 -2.9524922E+06   117               c
   103      4             104  5.3E-05  2.6E-01 -2.9524922E+06   118           r   c
   104      2  4.7E-01    105  7.7E-05  9.6E-01 -2.9524983E+06   117         s     c
   105      1  4.8E-01    106  4.0E-05  1.9E+00 -2.9524460E+06   117 3.1E+00       c
   106      1  1.0E+00    107  5.4E-05  7.5E-01 -2.9524755E+06   117 3.1E+00       c
 
 SNOPTC EXIT  40 -- terminated after numerical difficulties
 SNOPTC INFO  41 -- current point cannot be improved

 Problem name                 CaseStud
 No. of iterations                1176   Objective value     -2.9525083686E+06
 No. of major iterations           106   Linear objective     0.0000000000E+00
 Penalty parameter           3.121E+00   Nonlinear objective -2.9525083686E+06
 No. of calls to funobj          35145   No. of calls to funcon          35145
 Calls with modes 1,2 (known g)    107   Calls with modes 1,2 (known g)    107
 Calls for forward differencing    162   Calls for forward differencing    162
 Calls for central differencing  34668   Calls for central differencing  34668
 No. of superbasics                117   No. of basic nonlinears            45
 No. of degenerate steps            19   Percentage                       1.62
 Max x                     160 1.2E+04   Max pi                    239 1.9E+01
 Max Primal infeas           0 0.0E+00   Max Dual infeas            19 1.5E+01
 Nonlinear constraint violn    4.4E+00
 
 

 Solution printed on file  18
 
 Time for MPS input                             0.00 seconds
 Time for solving problem                     952.28 seconds
 Time for solution output                       0.01 seconds
 Time for constraint functions                953.51 seconds
 Time for objective function                    0.00 seconds
