
 ==============================
 S N O P T  7.2-12.3 (Aug 2014)
 ==============================
 
 SNMEMB EXIT 100 -- finished successfully
 SNMEMB INFO 104 -- memory requirements estimated

 ==============================
 S N O P T  7.2-12.3 (Aug 2014)
 ==============================
 
 

 Nonlinear constraints    1091     Linear constraints       0
 Nonlinear variables       162     Linear variables         0
 Jacobian  variables       162     Objective variables    162
 Total constraints        1091     Total variables        162
 

 
 The user has defined       0   out of  176742   constraint gradients.
 The user has defined       0   out of     162   objective  gradients.
 

        Minor   QPmult   nInf   SumInf   rgNorm    QPobjective    nS
          100 -7.2E+00                  2.3E-12  1.4060973E+07    97

 Major Minors     Step   nCon Feasible  Optimal  MeritFunction    nS Penalty
     0    103               1  1.6E-02  1.0E+00 -2.7265505E+06   100           r  Tc

 Major Minors     Step   nCon Feasible  Optimal  MeritFunction    nS Penalty
     0    104               1  1.6E-02  1.0E+00 -2.7265505E+06   100           r   c
     1      1  4.6E-03      2  1.6E-02  1.0E+00  2.2375293E+07   100 2.7E+01 n rl  c
     2     18  4.6E-03      4  1.6E-02  1.0E+00  2.5239317E+07   117 3.0E+01 n rl  c

        Minor   QPmult   nInf   SumInf   rgNorm    QPobjective    nS
          100                           1.2E-12 -3.2061425E+06    18

 Major Minors     Step   nCon Feasible  Optimal  MeritFunction    nS Penalty
     3    189  1.1E+00      5 (0.0E+00) 9.8E-01 -6.1431495E+06    50 3.0E+01 s     c

        Minor   QPmult   nInf   SumInf   rgNorm    QPobjective    nS
          100                           9.4E-15 -3.2728348E+06    15

 Major Minors     Step   nCon Feasible  Optimal  MeritFunction    nS Penalty
     4    195  7.6E-02      6 (0.0E+00) 9.7E-01 -3.6596331E+06    45 3.8E+02       c
     5     76  5.8E-04      7 (0.0E+00) 9.8E-01 -3.3947865E+06    25 5.8E+02       c

        Minor   QPmult   nInf   SumInf   rgNorm    QPobjective    nS
          100                           3.2E-14 -3.4904726E+06    25

 Major Minors     Step   nCon Feasible  Optimal  MeritFunction    nS Penalty
     6    106  9.8E-05      9 (0.0E+00) 9.8E-01 -3.2166407E+06    28 7.6E+02  m    c
     7     15  4.9E-05     10 (0.0E+00) 9.8E-01 -3.1881344E+06    21 8.3E+02       c

        Minor   QPmult   nInf   SumInf   rgNorm    QPobjective    nS
          100 -2.3E+01                  9.0E+00 -3.4093737E+06     7

 Major Minors     Step   nCon Feasible  Optimal  MeritFunction    nS Penalty
     8    188  1.7E-03     11 (0.0E+00) 9.8E-01 -3.1880282E+06    31 8.3E+02       c

        Minor   QPmult   nInf   SumInf   rgNorm    QPobjective    nS
          100                           1.8E-11 -3.4931012E+06    18

 Major Minors     Step   nCon Feasible  Optimal  MeritFunction    nS Penalty
     9    108  1.4E-04     12 (0.0E+00) 9.8E-01 -3.1309524E+06    22 9.2E+02       c

        Minor   QPmult   nInf   SumInf   rgNorm    QPobjective    nS
          100 -4.3E+03                  3.2E+03 -2.3820672E+06     3
          200                           1.7E-10 -3.2010433E+06    10
          300 -2.8E+00                  2.1E-04 -3.2820551E+06    35

 Major Minors     Step   nCon Feasible  Optimal  MeritFunction    nS Penalty
    10    329  3.9E-03     13 (0.0E+00) 9.7E-01 -3.1309114E+06    46 9.8E+02       c

        Minor   QPmult   nInf   SumInf   rgNorm    QPobjective    nS
          100                           3.9E-06 -3.2256915E+06    22

 Major Minors     Step   nCon Feasible  Optimal  MeritFunction    nS Penalty
    11    165  3.5E-03     14 (0.0E+00) 9.8E-01 -3.1006218E+06    50 1.1E+03       c

        Minor   QPmult   nInf   SumInf   rgNorm    QPobjective    nS
          100                           7.1E-14 -3.1645775E+06    10
          200                           6.9E-12 -3.2462854E+06    36

 Major Minors     Step   nCon Feasible  Optimal  MeritFunction    nS Penalty
    12    212  4.0E-04     15 (0.0E+00) 9.8E-01 -3.0877145E+06    42 1.2E+03       c

        Minor   QPmult   nInf   SumInf   rgNorm    QPobjective    nS
          100                           1.2E-12 -2.6184560E+06    62
          200 -4.5E+00                  4.1E-05 -2.8881024E+06   106

 Major Minors     Step   nCon Feasible  Optimal  MeritFunction    nS Penalty
    13    235  2.2E-04     16 (0.0E+00) 9.7E-01 -3.0756828E+06   121 1.2E+03   R   c
    14     38  2.4E-02     17 (0.0E+00) 1.1E+00 -2.9632066E+06   135 1.9E+03 s     c
    15     16  1.1E-01     18 (0.0E+00) 1.4E+00 -2.9313889E+06   140 2.4E+03       c
    16     15  1.9E-01     19 (0.0E+00) 1.2E+00 -2.8964868E+06   142 2.5E+03       c
    17      9  3.2E-02     20 (0.0E+00) 7.9E-01 -2.8549659E+06   138 3.4E+03       c
    18      5  3.8E-01     21 (0.0E+00) 1.0E+00 -2.8381373E+06   134 4.4E+03       c
    19      5  2.0E-01     22 (0.0E+00) 1.8E+00 -2.8354414E+06   130 4.7E+03       c

 Major Minors     Step   nCon Feasible  Optimal  MeritFunction    nS Penalty
    20      9  6.0E-02     23 (0.0E+00) 9.7E-01 -3.0388214E+06   136 9.6E+01       c
    21      9  8.0E-02     24 (0.0E+00) 1.1E+00 -2.8901020E+06   140 4.8E+02       c
    22      9  1.3E-01     25 (0.0E+00) 1.5E+00 -2.8628246E+06   142 8.4E+02       c
    23      6  4.3E-01     26 (0.0E+00) 1.4E+00 -2.8480940E+06   145 1.3E+03       c
    24      4  4.2E-01     27 (0.0E+00) 1.5E+00 -2.8470499E+06   144 1.7E+03   R   c
    25      3  1.0E+00     28 (1.4E-15) 9.5E-01 -2.8496746E+06   142 1.1E+02 s     c
    26      2  1.0E+00     29 (5.7E-14) 1.5E+00 -2.8513176E+06   143 5.4E+01       c
    27      4  1.0E+00     30 (4.4E-13) 1.5E+00 -2.8537888E+06   144 5.4E+01       c
    28      2  1.0E+00     31 (1.9E-15) 1.0E+00 -2.8555863E+06   143 5.4E+01       c
    29      3  1.0E+00     32 (7.3E-16) 9.2E-01 -2.8574643E+06   141 5.4E+01       c

 Major Minors     Step   nCon Feasible  Optimal  MeritFunction    nS Penalty
    30      4  1.0E+00     33  2.1E-05  9.3E-01 -2.8603340E+06   142 5.4E+01       c
    31      2  1.0E+00     34  4.5E-05  1.0E+00 -2.8617507E+06   141 5.4E+01       c
    32      3  1.0E+00     35 (4.3E-16) 1.9E+00 -2.8644815E+06   139 5.4E+01       c
    33      3  1.0E+00     36 (3.9E-16) 1.3E+00 -2.8667663E+06   137 5.4E+01       c
    34      4  1.0E+00     37 (6.1E-16) 1.1E+00 -2.8690945E+06   136 5.4E+01       c
    35      5  1.0E+00     38 (1.9E-15) 1.4E+00 -2.8709514E+06   138 5.4E+01   R   c
    36      4  1.0E+00     39 (4.3E-16) 1.4E+00 -2.8717735E+06   139 5.4E+01 s     c
    37      3  1.0E+00     40 (4.1E-16) 1.1E+00 -2.8726057E+06   137 5.4E+01       c
    38      4  1.0E+00     41 (9.1E-16) 1.2E+00 -2.8733447E+06   138 5.4E+01       c
    39      8  1.0E+00     42 (3.9E-16) 1.2E+00 -2.8741619E+06   139 5.4E+01       c

 Major Minors     Step   nCon Feasible  Optimal  MeritFunction    nS Penalty
    40      3  1.0E+00     43 (8.5E-15) 1.2E+00 -2.8751592E+06   137 5.4E+01       c
    41      2  1.0E+00     44  3.9E-06  9.8E-01 -2.8767943E+06   136 5.4E+01       c
    42      3  4.8E-01     45  2.0E-06  9.1E-01 -2.8781708E+06   138 5.4E+01       c
    43      3  1.0E+00     46 (2.6E-16) 8.5E-01 -2.8800056E+06   140 5.4E+01       c
    44      1  1.0E+00     47 (1.2E-15) 9.4E-01 -2.8820124E+06   140 5.4E+01       c
    45      1  1.0E+00     48 (3.4E-16) 9.3E-01 -2.8834734E+06   140 5.4E+01       c
    46      2  1.0E+00     49 (5.7E-16) 9.8E-01 -2.8848299E+06   141 5.4E+01   R   c
    47      1  1.0E+00     50 (2.2E-16) 8.8E-01 -2.8861401E+06   141 5.4E+01 s     c
    48      2  1.0E+00     51  4.5E-06  6.9E-01 -2.8868443E+06   140 5.4E+01       c
    49      2  1.0E+00     52  6.0E-06  7.1E-01 -2.8880503E+06   139 5.4E+01       c

 Major Minors     Step   nCon Feasible  Optimal  MeritFunction    nS Penalty
    50      1  1.0E+00     53  9.2E-06  6.5E-01 -2.8885165E+06   139 5.4E+01       c
    51      3  1.0E+00     54 (6.4E-16) 6.3E-01 -2.8898129E+06   141 5.4E+01       c
    52      3  1.0E+00     55 (5.0E-16) 7.4E-01 -2.8909498E+06   139 5.4E+01       c
    53      3  1.0E+00     56 (6.4E-16) 9.6E-01 -2.8924813E+06   137 5.4E+01       c
    54      1  1.0E+00     57  5.3E-06  8.2E-01 -2.8938382E+06   137 5.4E+01       c
    55      2  1.0E+00     58  1.3E-06  7.4E-01 -2.8950650E+06   138 5.4E+01       c
    56      1  1.0E+00     59 (1.4E-15) 7.8E-01 -2.8956897E+06   138 5.4E+01       c
    57      1  1.0E+00     60  3.6E-04  6.7E-01 -2.8964779E+06   138 5.4E+01   R   c
    58      1  1.0E+00     61  2.2E-04  6.6E-01 -2.8971253E+06   138 5.4E+01 s     c
    59      1  1.0E+00     62  5.0E-05  5.0E-01 -2.8973818E+06   138 5.4E+01       c

 Major Minors     Step   nCon Feasible  Optimal  MeritFunction    nS Penalty
    60      2  1.0E+00     63 (3.3E-16) 5.0E-01 -2.8977686E+06   139 5.4E+01       c
    61      1  1.0E+00     64  3.5E-05  5.0E-01 -2.8980996E+06   139 5.4E+01       c
    62      1  1.0E+00     65 (2.4E-16) 5.5E-01 -2.8985345E+06   139 5.4E+01       c
    63      2  1.0E+00     66 (6.6E-16) 8.4E-01 -2.8993323E+06   138 5.4E+01       c
    64      2  1.0E+00     67 (5.9E-16) 6.9E-01 -2.9005786E+06   139 5.4E+01       c
    65      2  4.8E-01     68 (3.5E-16) 7.8E-01 -2.9011545E+06   138 5.4E+01       c
    66      2  1.0E+00     69 (2.3E-16) 6.5E-01 -2.9024958E+06   139 5.4E+01       c
    67      2  1.0E+00     70  4.0E-05  6.6E-01 -2.9030232E+06   138 5.4E+01       c
    68      1  1.0E+00     71  4.6E-05  6.1E-01 -2.9036223E+06   138 5.4E+01   R   c
    69      1  1.0E+00     72 (4.3E-16) 5.9E-01 -2.9039781E+06   138 5.4E+01 s     c

 Major Minors     Step   nCon Feasible  Optimal  MeritFunction    nS Penalty
    70      1  4.9E-01     73 (2.0E-16) 6.5E-01 -2.9041891E+06   138 5.4E+01       c
    71      2  1.0E+00     74  2.7E-05  5.0E-01 -2.9042420E+06   139 5.4E+01       c
    72      1  1.0E+00     75  3.1E-05  5.0E-01 -2.9046530E+06   139 5.4E+01       c
    73      1  1.0E+00     76 (2.4E-16) 5.0E-01 -2.9048478E+06   139 5.4E+01       c
    74      2  1.0E+00     77 (1.9E-16) 6.4E-01 -2.9052410E+06   140 5.4E+01       c
    75      1  1.0E+00     78 (7.5E-16) 5.2E-01 -2.9054379E+06   140 5.4E+01       c
    76      2  1.0E+00     79 (3.2E-16) 5.4E-01 -2.9058802E+06   139 5.4E+01       c
    77      1  1.0E+00     80 (3.5E-16) 5.7E-01 -2.9062464E+06   139 5.4E+01       c
    78      2  1.0E+00     81  2.2E-05  5.2E-01 -2.9067599E+06   140 5.4E+01       c
    79      1  1.0E+00     82  1.0E-04  7.2E-01 -2.9070300E+06   140 5.4E+01   R   c

 Major Minors     Step   nCon Feasible  Optimal  MeritFunction    nS Penalty
    80      2  1.0E+00     83 (4.6E-16) 6.3E-01 -2.9075057E+06   139 5.4E+01 s     c
    81      1  1.0E+00     84 (3.2E-16) 8.2E-01 -2.9076171E+06   139 5.4E+01       c
    82      1  1.0E+00     85 (1.9E-16) 6.2E-01 -2.9078639E+06   139 5.4E+01       c
    83      1  4.7E-01     86  1.2E-05  6.6E-01 -2.9079460E+06   139 5.4E+01       c
    84      1  4.1E-01     87  4.5E-05  5.4E-01 -2.9080114E+06   139 5.4E+01       c
    85      2  1.0E+00     88  4.1E-06  5.1E-01 -2.9081355E+06   138 5.4E+01       c
    86      2  1.0E+00     89  3.3E-06  5.7E-01 -2.9082972E+06   137 5.4E+01       c
    87      3  1.0E+00     90 (2.4E-16) 7.0E-01 -2.9084175E+06   137 5.4E+01       c
    88      2  1.0E+00     91  8.1E-06  8.2E-01 -2.9086111E+06   136 5.4E+01       c
    89      1  1.0E+00     92  6.3E-05  7.0E-01 -2.9086187E+06   136 5.4E+01       c

 Major Minors     Step   nCon Feasible  Optimal  MeritFunction    nS Penalty
    90      1  1.0E+00     93 (2.8E-16) 6.9E-01 -2.9089563E+06   136 5.4E+01   R   c
    91      2  1.0E+00     94 (1.4E-16) 8.3E-01 -2.9090552E+06   137 5.4E+01 s     c
    92      2  1.0E+00     95 (1.5E-16) 6.9E-01 -2.9091793E+06   136 5.4E+01       c
    93      1  4.7E-01     96 (1.1E-16) 5.8E-01 -2.9092565E+06   136 5.4E+01       c
    94      1  1.0E+00     97 (7.9E-17) 6.6E-01 -2.9092801E+06   136 5.4E+01       c
    95      2  1.0E+00     98  3.2E-06  6.1E-01 -2.9093586E+06   135 5.4E+01       c
    96      2  1.0E+00     99 (2.0E-16) 8.3E-01 -2.9094232E+06   136 5.4E+01       c
    97      2  1.0E+00    100 (3.0E-07) 9.7E-01 -2.9095482E+06   137 5.4E+01       c
    98      2  1.0E+00    101 (2.5E-08) 6.6E-01 -2.9095738E+06   136 5.4E+01       c
    99      2  1.0E+00    102  1.1E-06  6.2E-01 -2.9097531E+06   137 5.4E+01       c

 Major Minors     Step   nCon Feasible  Optimal  MeritFunction    nS Penalty
   100      1  1.0E+00    103  9.0E-06  6.9E-01 -2.9098335E+06   137 5.4E+01       c
   101      1  1.0E+00    104  2.5E-05  6.3E-01 -2.9100142E+06   137 5.4E+01   R   c
   102      1  1.0E+00    105 (2.6E-16) 5.7E-01 -2.9101448E+06   137 5.4E+01 s     c
   103      1  1.0E+00    106 (2.0E-16) 6.2E-01 -2.9101970E+06   137 5.4E+01       c
   104      2  1.0E+00    107  2.1E-06  7.2E-01 -2.9102649E+06   136 5.4E+01       c
   105      2  4.7E-01    108 (4.5E-17) 6.7E-01 -2.9103060E+06   137 5.4E+01       c
   106      1  1.0E+00    109  2.6E-06  7.2E-01 -2.9103539E+06   137 5.4E+01       c
   107      1  1.0E+00    110 (1.3E-16) 6.3E-01 -2.9104018E+06   137 5.4E+01       c
   108      2  1.0E+00    111  1.8E-06  6.8E-01 -2.9104805E+06   136 5.4E+01       c
   109      2  1.0E+00    112  2.5E-06  7.1E-01 -2.9105919E+06   135 5.4E+01       c

 Major Minors     Step   nCon Feasible  Optimal  MeritFunction    nS Penalty
   110      1  1.0E+00    113  3.4E-06  6.6E-01 -2.9106960E+06   135 5.4E+01       c
   111      1  1.0E+00    114 (9.1E-17) 6.8E-01 -2.9107963E+06   135 5.4E+01       c
   112      1  1.0E+00    115 (1.8E-16) 7.1E-01 -2.9108766E+06   135 5.4E+01   R   c
   113      1  1.0E+00    116 (1.0E-16) 5.3E-01 -2.9110282E+06   135 5.4E+01 s     c
   114      2  4.2E-01    117 (6.2E-17) 6.1E-01 -2.9110500E+06   136 5.4E+01       c
   115      2  1.0E+00    118 (1.7E-16) 6.7E-01 -2.9110753E+06   135 5.4E+01       c
   116      1  1.0E+00    119  1.1E-05  6.5E-01 -2.9110969E+06   135 5.4E+01       c
   117      2  1.0E+00    120  1.6E-05  7.1E-01 -2.9111413E+06   136 5.4E+01       c
   118      1  1.0E+00    121 (1.1E-17) 5.8E-01 -2.9112086E+06   136 5.4E+01       c
   119      1  1.0E+00    122 (1.4E-16) 6.0E-01 -2.9112383E+06   136 5.4E+01       c

 Major Minors     Step   nCon Feasible  Optimal  MeritFunction    nS Penalty
   120      3  1.0E+00    123 (1.2E-16) 6.8E-01 -2.9113228E+06   134 5.4E+01       c
   121      1  1.0E+00    124 (1.2E-16) 7.0E-01 -2.9113774E+06   134 5.4E+01       c
   122      2  1.0E+00    125 (7.9E-17) 6.5E-01 -2.9114609E+06   135 5.4E+01       c
   123      2  1.0E+00    126 (2.7E-16) 6.5E-01 -2.9114999E+06   134 5.4E+01   R   c
   124      1  1.0E+00    127 (9.1E-17) 7.0E-01 -2.9116001E+06   134 5.4E+01 s     c
   125      1  1.0E+00    128 (9.1E-17) 6.2E-01 -2.9116478E+06   134 5.4E+01       c
   126      1  1.0E+00    129  2.1E-06  5.1E-01 -2.9116869E+06   134 5.4E+01       c
   127      1  1.0E+00    130  1.5E-06  4.8E-01 -2.9117170E+06   134 5.4E+01       c
   128      1  1.0E+00    131 (1.8E-16) 4.5E-01 -2.9117311E+06   134 5.4E+01       c
   129      1  1.0E+00    132  2.8E-06  4.6E-01 -2.9117768E+06   134 5.4E+01       c

 Major Minors     Step   nCon Feasible  Optimal  MeritFunction    nS Penalty
   130      1  1.0E+00    133 (1.1E-16) 4.4E-01 -2.9118175E+06   134 5.4E+01       c
   131      1  1.0E+00    134 (6.8E-17) 3.8E-01 -2.9118810E+06   134 5.4E+01       c
   132      1  1.0E+00    135 (1.7E-16) 4.2E-01 -2.9120068E+06   134 5.4E+01       c
   133      2  1.0E+00    136 (7.9E-17) 4.2E-01 -2.9121711E+06   133 5.4E+01       c
   134      2  1.0E+00    137 (3.6E-16) 4.8E-01 -2.9122745E+06   134 5.4E+01   R   c
   135      2  1.0E+00    138 (1.8E-16) 3.8E-01 -2.9124336E+06   133 5.4E+01 s     c
   136      1  4.6E-01    139 (1.1E-16) 3.4E-01 -2.9125151E+06   133 5.4E+01       c
   137      1  1.0E+00    140 (1.0E-16) 4.9E-01 -2.9126077E+06   133 5.4E+01       c
   138      1  1.0E+00    141  3.6E-06  4.5E-01 -2.9126535E+06   133 5.4E+01       c
   139      2  1.0E+00    142 (6.2E-08) 4.3E-01 -2.9126765E+06   134 5.4E+01       c

 Major Minors     Step   nCon Feasible  Optimal  MeritFunction    nS Penalty
   140      1  1.0E+00    143 (6.8E-17) 3.8E-01 -2.9127622E+06   134 5.4E+01       c
   141      2  4.3E-01    144 (1.3E-16) 4.0E-01 -2.9127900E+06   133 5.4E+01       c
   142      2  1.0E+00    145  1.7E-06  3.1E-01 -2.9128044E+06   134 5.4E+01       c
   143      1  1.0E+00    146  5.1E-06  4.7E-01 -2.9128757E+06   134 5.4E+01       c
   144      1  1.0E+00    147  1.6E-05  4.1E-01 -2.9129966E+06   134 5.4E+01       c
   145      2  1.0E+00    148 (9.6E-17) 5.0E-01 -2.9131359E+06   133 5.4E+01   R   c
   146      1  1.0E+00    149 (3.2E-16) 5.0E-01 -2.9132995E+06   133 5.4E+01 s     c
   147      3  1.0E+00    150 (1.6E-16) 5.2E-01 -2.9134772E+06   133 5.4E+01       c
   148      4  1.0E+00    151 (2.7E-16) 5.0E-01 -2.9140887E+06   134 5.4E+01       c
   149      5  1.0E+00    152 (3.6E-15) 4.9E-01 -2.9144215E+06   136 5.4E+01       c

 Major Minors     Step   nCon Feasible  Optimal  MeritFunction    nS Penalty
   150      6  2.3E-01    153 (3.2E-16) 5.2E-01 -2.9145562E+06   133 5.4E+01       c
   151      2  1.0E+00    154  8.5E-06  6.9E-01 -2.9148354E+06   132 5.4E+01       c
   152      2  1.0E+00    155  2.6E-05  6.0E-01 -2.9149706E+06   133 5.4E+01       c
   153      3  1.0E+00    156 (7.9E-17) 4.5E-01 -2.9150949E+06   133 5.4E+01       c
   154      2  1.0E+00    157 (1.1E-16) 4.7E-01 -2.9151957E+06   132 5.4E+01       c
   155      2  1.3E-01    158 (6.8E-17) 1.1E+00 -2.9152279E+06   131 5.4E+01       c
   156      3  5.2E-02    160 (6.8E-17) 1.1E+00 -2.9152679E+06   133 5.4E+01 n     c
   157      3  1.0E+00    161  4.6E-03  5.7E-01 -2.9156235E+06   132 5.4E+01   R   c
   158      1  1.0E+00    162  1.4E-03  4.4E-01 -2.9159008E+06   132 5.4E+01 s     c
   159      3  2.7E-01    163  1.0E-03  4.3E-01 -2.9152611E+06   134 5.4E+01       c

 Major Minors     Step   nCon Feasible  Optimal  MeritFunction    nS Penalty
   160      3  1.0E+00    164 (9.1E-17) 1.6E+00 -2.9157622E+06   132 5.4E+01       c
   161      2  1.0E+00    165  5.7E-04  4.3E+00 -2.9157776E+06   131 5.4E+01       c
   162      2  1.0E+00    166  3.2E-04  1.3E+00 -2.9159281E+06   132 5.4E+01       c
   163      1  1.0E+00    167  3.2E-06  7.8E-01 -2.9160888E+06   132 5.4E+01       c
   164      1  1.0E+00    168  4.9E-05  4.1E+00 -2.9161461E+06   132 5.4E+01       c
   165      1  1.0E+00    169  3.3E-04  4.5E+00 -2.9162919E+06   132 5.4E+01       c
   166      2  1.0E+00    170  1.7E-05  8.9E-01 -2.9165141E+06   131 5.4E+01       c
   167      1  1.0E+00    171  1.7E-05  9.6E-01 -2.9167765E+06   131 5.4E+01       c
   168      1  1.0E+00    172  2.5E-06  1.1E+00 -2.9170577E+06   131 5.4E+01   R   c
   169      1  1.0E+00    173  1.5E-05  1.7E+00 -2.9172512E+06   131 5.4E+01 s     c

 Major Minors     Step   nCon Feasible  Optimal  MeritFunction    nS Penalty
   170      1  1.0E+00    174  6.8E-05  1.2E+00 -2.9173895E+06   131 5.4E+01       c
   171      1  1.0E+00    175  5.6E-05  4.4E+00 -2.9174838E+06   131 5.4E+01       c
   172      2  1.0E+00    176  1.2E-04  1.3E+00 -2.9175848E+06   132 5.4E+01       c
   173      2  1.0E+00    177  4.6E-05  2.3E+00 -2.9176532E+06   131 5.4E+01       c
   174      2  1.0E+00    178  2.3E-05  1.7E+00 -2.9177383E+06   130 5.4E+01       c
   175      1  1.0E+00    179  7.0E-05  2.3E+00 -2.9178276E+06   130 5.4E+01       c
   176      3  1.0E+00    180  1.6E-05  2.3E+00 -2.9179750E+06   132 5.4E+01       c
   177      3  1.0E+00    181  6.1E-05  5.3E-01 -2.9180918E+06   130 5.4E+01       c
   178      1  1.0E+00    182 (9.1E-17) 2.0E+00 -2.9182430E+06   130 5.4E+01       c
   179      1  1.0E+00    183  2.0E-05  8.6E-01 -2.9183481E+06   130 5.4E+01   R   c

 Major Minors     Step   nCon Feasible  Optimal  MeritFunction    nS Penalty
   180      2  1.0E+00    184  8.8E-06  5.7E-01 -2.9185078E+06   131 5.4E+01 s     c
   181      2  1.0E+00    185 (1.9E-07) 6.1E-01 -2.9185180E+06   130 5.4E+01       c
   182      1  1.0E+00    186  2.7E-06  6.0E-01 -2.9186057E+06   130 5.4E+01       c
   183      2  1.0E+00    187 (1.0E-16) 7.4E-01 -2.9186237E+06   131 5.4E+01       c
   184      2  1.0E+00    188  3.5E-06  6.5E-01 -2.9186598E+06   130 5.4E+01       c
   185      2  1.0E+00    189 (3.0E-07) 8.2E-01 -2.9186690E+06   131 5.4E+01       c
   186      2  1.0E+00    190  3.2E-06  6.3E-01 -2.9187402E+06   130 5.4E+01       c
   187      1  3.6E-01    191  3.6E-06  5.9E-01 -2.9187708E+06   130 5.4E+01       c
   188      2  4.6E-01    192  1.8E-06  6.4E-01 -2.9187827E+06   131 5.4E+01       c
   189      2  4.7E-01    193  7.7E-06  6.7E-01 -2.9188007E+06   130 5.4E+01       c

 Major Minors     Step   nCon Feasible  Optimal  MeritFunction    nS Penalty
   190      1  4.1E-01    194  4.0E-06  6.4E-01 -2.9188165E+06   130 5.4E+01   R   c
   191      1  4.2E-01    195  1.5E-06  6.5E-01 -2.9188321E+06   130 5.4E+01 s     c
   192      2  1.0E+00    196 (9.0E-09) 6.1E-01 -2.9188466E+06   131 5.4E+01       c
   193      1  1.0E+00    197 (1.4E-16) 6.5E-01 -2.9188511E+06   131 5.4E+01       c
   194      2  1.0E+00    198 (9.0E-08) 6.5E-01 -2.9188559E+06   130 5.4E+01       c
   195      1  1.0E+00    199  2.4E-06  6.6E-01 -2.9188583E+06   130 5.4E+01       c
   196      2  1.0E+00    200 (3.3E-07) 6.5E-01 -2.9188688E+06   131 5.4E+01       c
   197      2  1.0E+00    201 (1.7E-16) 6.6E-01 -2.9188728E+06   130 5.4E+01       c
   198      2  1.0E+00    202 (1.3E-09) 6.5E-01 -2.9188838E+06   131 5.4E+01       c
   199      2  1.0E+00    203 (2.4E-09) 6.5E-01 -2.9188883E+06   130 5.4E+01       c

 Major Minors     Step   nCon Feasible  Optimal  MeritFunction    nS Penalty
   200      2  1.0E+00    204 (8.5E-17) 6.6E-01 -2.9188976E+06   131 5.4E+01       c
   201      1  1.0E+00    205 (3.6E-07) 6.7E-01 -2.9189141E+06   131 5.4E+01   R   c
   202      1  1.0E+00    206 (4.5E-17) 6.6E-01 -2.9189223E+06   131 5.4E+01 s     c
   203      2  1.0E+00    207 (1.1E-07) 6.6E-01 -2.9189296E+06   130 5.4E+01       c
   204      2  1.0E+00    208 (1.7E-07) 6.6E-01 -2.9189370E+06   131 5.4E+01       c
   205      1  1.0E+00    209 (1.8E-07) 6.7E-01 -2.9189423E+06   131 5.4E+01       c
   206      1  1.0E+00    210 (1.7E-07) 6.8E-01 -2.9189527E+06   131 5.4E+01       c
   207      1  1.0E+00    211 (1.9E-08) 6.7E-01 -2.9189688E+06   131 5.4E+01       c
   208      1  1.0E+00    212 (4.0E-10) 5.3E-01 -2.9189796E+06   131 5.4E+01       c
   209      1  1.0E+00    213 (7.2E-10) 6.6E-01 -2.9189997E+06   131 5.4E+01       c

 Major Minors     Step   nCon Feasible  Optimal  MeritFunction    nS Penalty
   210      2  1.0E+00    214 (4.6E-08) 6.7E-01 -2.9190160E+06   130 5.4E+01       c
   211      2  1.0E+00    215  1.1E-06  6.0E-01 -2.9190408E+06   129 5.4E+01       c
   212      1  1.0E+00    216  3.9E-06  8.3E-01 -2.9190419E+06   129 5.4E+01   R   c
   213      2  1.0E+00    217 (7.9E-17) 9.5E-01 -2.9191299E+06   130 5.4E+01 s     c
   214      1  3.5E-01    218 (2.1E-07) 8.3E-01 -2.9192385E+06   130 5.4E+01       c
   215      2  1.0E+00    219 (5.6E-09) 9.3E-01 -2.9194151E+06   131 5.4E+01       c
   216      2  3.8E-01    220 (5.1E-09) 9.6E-01 -2.9195502E+06   130 5.4E+01       c
   217      2  1.0E+00    221  1.5E-06  9.1E-01 -2.9196800E+06   131 5.4E+01       c
   218      2  1.0E+00    222  1.1E-06  1.0E+00 -2.9197585E+06   130 5.4E+01       c
   219      1  1.0E+00    223 (4.6E-09) 1.2E+00 -2.9198493E+06   130 5.4E+01       c

 Major Minors     Step   nCon Feasible  Optimal  MeritFunction    nS Penalty
   220      2  1.0E+00    224 (1.4E-09) 9.8E-01 -2.9198922E+06   131 5.4E+01       c
   221      3  1.0E+00    225 (2.2E-16) 1.1E+00 -2.9200053E+06   129 5.4E+01       c
   222      1  4.5E-01    226  7.0E-06  1.2E+00 -2.9200813E+06   129 5.4E+01       c
   223      1  1.0E+00    227 (2.9E-09) 1.0E+00 -2.9201685E+06   129 5.4E+01   R   c
   224      1  1.0E+00    228 (2.3E-09) 1.0E+00 -2.9202732E+06   129 5.4E+01 s     c
   225      1  1.0E+00    229 (4.7E-07) 1.1E+00 -2.9203174E+06   129 5.4E+01       c
   226      3  1.0E+00    230  1.4E-06  1.0E+00 -2.9203681E+06   131 5.4E+01       c
   227      2  1.0E+00    231 (3.0E-08) 1.0E+00 -2.9203900E+06   130 5.4E+01       c
   228      1  1.0E+00    232 (4.5E-17) 1.1E+00 -2.9204233E+06   130 5.4E+01       c
   229      1  1.0E+00    233 (1.0E-09) 1.1E+00 -2.9204440E+06   130 5.4E+01       c

 Major Minors     Step   nCon Feasible  Optimal  MeritFunction    nS Penalty
   230      1  5.0E-01    234 (1.0E-09) 1.1E+00 -2.9204610E+06   130 5.4E+01       c
   231      1  1.0E+00    235  2.9E-06  1.0E+00 -2.9204840E+06   130 5.4E+01       c
   232      1  4.6E-01    236  1.9E-06  1.1E+00 -2.9205004E+06   130 5.4E+01       c
   233      1  1.0E+00    237 (2.2E-16) 1.3E+00 -2.9205093E+06   130 5.4E+01       c
   234      1  1.0E+00    238 (1.2E-10) 1.4E+00 -2.9205430E+06   130 5.4E+01   R   c
   235      1  4.9E-01    239 (5.0E-10) 1.3E+00 -2.9205638E+06   130 5.4E+01 s     c
   236      1  1.0E+00    240 (4.5E-07) 1.2E+00 -2.9205754E+06   130 5.4E+01       c
   237      1  1.0E+00    241 (9.9E-07) 1.2E+00 -2.9205758E+06   130 5.4E+01       c
   238      1  1.0E+00    242 (1.7E-07) 1.3E+00 -2.9205895E+06   130 5.4E+01       c
   239      1  1.0E+00    243 (1.1E-16) 1.4E+00 -2.9205961E+06   130 5.4E+01       c

 Major Minors     Step   nCon Feasible  Optimal  MeritFunction    nS Penalty
   240      1  1.0E+00    244 (3.4E-17) 1.4E+00 -2.9206071E+06   130 5.4E+01       c
   241      1  1.0E+00    245 (3.4E-08) 1.3E+00 -2.9206200E+06   130 5.4E+01       c
   242      1  1.0E+00    246 (4.3E-09) 1.4E+00 -2.9206330E+06   130 5.4E+01       c
   243      1  1.0E+00    247 (6.2E-11) 1.3E+00 -2.9206503E+06   130 5.4E+01       c
   244      1  1.0E+00    248 (7.6E-08) 1.3E+00 -2.9206718E+06   130 5.4E+01       c
   245      1  1.0E+00    249 (6.8E-17) 1.3E+00 -2.9206817E+06   130 5.4E+01   R   c
   246      1  1.0E+00    250 (3.4E-17) 1.4E+00 -2.9207067E+06   130 5.4E+01 s     c
   247      1  1.0E+00    251 (1.1E-16) 1.3E+00 -2.9207112E+06   130 5.4E+01       c
   248      1  1.0E+00    252 (1.0E-07) 1.5E+00 -2.9207364E+06   130 5.4E+01       c
   249      1  1.0E+00    253 (3.9E-07) 1.3E+00 -2.9207402E+06   130 5.4E+01       c

 Major Minors     Step   nCon Feasible  Optimal  MeritFunction    nS Penalty
   250      1  1.0E+00    254 (1.4E-16) 1.4E+00 -2.9207745E+06   130 5.4E+01       c
   251      1  4.1E-01    255 (2.0E-16) 1.4E+00 -2.9207933E+06   130 5.4E+01       c
   252      1  1.0E+00    256 (9.0E-07) 1.4E+00 -2.9208055E+06   130 5.4E+01       c
   253      1  1.0E+00    257  2.2E-06  1.4E+00 -2.9208196E+06   130 5.4E+01       c
   254      1  1.0E+00    258 (3.4E-10) 1.4E+00 -2.9208515E+06   130 5.4E+01       c
   255      1  1.0E+00    259 (3.0E-10) 1.1E+00 -2.9208777E+06   130 5.4E+01       c
   256      1  1.0E+00    260 (9.1E-17) 1.1E+00 -2.9209191E+06   130 5.4E+01   R   c
   257      1  1.0E+00    261 (9.1E-17) 1.1E+00 -2.9209591E+06   130 5.4E+01 s     c
   258      1  1.0E+00    262 (1.7E-16) 1.3E+00 -2.9209942E+06   130 5.4E+01       c
   259      1  1.0E+00    263  3.1E-06  1.2E+00 -2.9210272E+06   130 5.4E+01       c

 Major Minors     Step   nCon Feasible  Optimal  MeritFunction    nS Penalty
   260      1  1.0E+00    264  4.1E-06  1.2E+00 -2.9210489E+06   130 5.4E+01       c
   261      1  1.0E+00    265 (5.4E-07) 9.9E-01 -2.9210903E+06   130 5.4E+01       c
   262      1  1.0E+00    266  1.2E-06  1.0E+00 -2.9211418E+06   130 5.4E+01       c
   263      2  1.0E+00    267 (4.5E-10) 8.4E-01 -2.9211921E+06   131 5.4E+01       c
   264      1  1.0E+00    268 (9.6E-10) 9.2E-01 -2.9212943E+06   131 5.4E+01       c
   265      2  1.0E+00    269 (8.3E-11) 8.1E-01 -2.9214271E+06   130 5.4E+01       c
   266      1  1.0E+00    270 (5.9E-16) 5.8E-01 -2.9215370E+06   130 5.4E+01       c
   267      1  1.0E+00    271 (5.7E-17) 4.5E-01 -2.9216759E+06   130 5.4E+01   R   c
   268      1  1.0E+00    272 (6.9E-11) 5.6E-01 -2.9217809E+06   130 5.4E+01 s     c
   269      1  1.0E+00    273 (1.8E-10) 5.7E-01 -2.9220088E+06   130 5.4E+01       c

 Major Minors     Step   nCon Feasible  Optimal  MeritFunction    nS Penalty
   270      2  1.0E+00    274 (2.5E-16) 4.8E-01 -2.9221848E+06   131 5.4E+01       c
   271      2  1.0E+00    275 (1.5E-09) 4.5E-01 -2.9223452E+06   130 5.4E+01       c
   272      2  1.0E+00    276  6.9E-06  7.3E-01 -2.9224890E+06   131 5.4E+01       c
   273      2  1.0E+00    277 (5.2E-11) 4.0E-01 -2.9226765E+06   130 5.4E+01       c
   274      1  1.0E+00    278  1.4E-06  4.8E-01 -2.9227579E+06   130 5.4E+01       c
   275      1  1.0E+00    279 (1.6E-16) 4.1E-01 -2.9230063E+06   130 5.4E+01       c
   276      1  1.0E+00    280 (4.8E-16) 4.0E-01 -2.9231669E+06   130 5.4E+01       c
   277      1  1.0E+00    281 (5.7E-16) 3.1E-01 -2.9234356E+06   130 5.4E+01       c
   278      1  4.6E-01    282 (1.2E-09) 3.1E-01 -2.9235352E+06   130 5.4E+01   R   c
   279      1  1.0E+00    283 (5.9E-16) 3.8E-01 -2.9236383E+06   130 5.4E+01 s     c

 Major Minors     Step   nCon Feasible  Optimal  MeritFunction    nS Penalty
   280      1  1.0E+00    284 (5.1E-07) 4.0E-01 -2.9236667E+06   130 5.4E+01       c
   281      1  1.0E+00    285  6.6E-06  7.5E-01 -2.9237218E+06   130 5.4E+01       c
   282      1  1.0E+00    286  1.8E-06  3.1E-01 -2.9237913E+06   130 5.4E+01       c
   283      1  1.0E+00    287 (1.6E-16) 3.6E-01 -2.9238016E+06   130 5.4E+01       c
   284      1  1.0E+00    288 (4.2E-09) 3.1E-01 -2.9238737E+06   130 5.4E+01       c
   285      1  1.0E+00    289  1.4E-06  3.2E-01 -2.9238934E+06   130 5.4E+01       c
   286      1  1.0E+00    290  3.3E-06  4.4E-01 -2.9239646E+06   130 5.4E+01       c
   287      1  4.6E-01    291 (5.8E-07) 3.6E-01 -2.9240005E+06   130 5.4E+01       c
   288      1  1.0E+00    292 (7.1E-10) 3.3E-01 -2.9240639E+06   130 5.4E+01       c
   289      2  1.0E+00    293 (1.2E-09) 3.8E-01 -2.9241307E+06   129 5.4E+01   R   c

 Major Minors     Step   nCon Feasible  Optimal  MeritFunction    nS Penalty
   290      1  1.0E+00    294  3.3E-06  2.6E-01 -2.9241811E+06   129 5.4E+01 s     c
   291      1  1.0E+00    295 (8.7E-10) 3.1E-01 -2.9242057E+06   129 5.4E+01       c
   292      1  1.0E+00    296 (1.3E-09) 5.1E-01 -2.9242285E+06   129 5.4E+01       c
   293      2  1.0E+00    297 (1.4E-16) 2.3E-01 -2.9242733E+06   130 5.4E+01       c
   294      2  1.0E+00    298  1.9E-06  3.4E-01 -2.9243045E+06   129 5.4E+01       c
   295      1  1.0E+00    299 (2.5E-07) 3.8E-01 -2.9243231E+06   129 5.4E+01       c
   296      1  1.0E+00    300 (1.1E-09) 5.2E-01 -2.9243576E+06   129 5.4E+01       c
   297      1  1.0E+00    301 (2.6E-07) 2.8E-01 -2.9243977E+06   129 5.4E+01       c
   298      1  1.0E+00    302  1.8E-06  3.5E-01 -2.9244069E+06   129 5.4E+01       c
   299      1  1.0E+00    303 (8.0E-17) 2.7E-01 -2.9244219E+06   129 5.4E+01       c

 Major Minors     Step   nCon Feasible  Optimal  MeritFunction    nS Penalty
   300      1  1.0E+00    304 (4.5E-17) 3.1E-01 -2.9244435E+06   129 5.4E+01   R   c
   301      1  1.0E+00    305 (5.5E-07) 3.9E-01 -2.9244492E+06   129 5.4E+01 s     c
   302      1  1.0E+00    306 (1.4E-16) 2.7E-01 -2.9244762E+06   129 5.4E+01       c
   303      1  4.6E-01    307 (9.4E-17) 3.2E-01 -2.9244844E+06   129 5.4E+01       c
   304      1  1.0E+00    308 (9.1E-17) 2.6E-01 -2.9244896E+06   129 5.4E+01       c
   305      1  4.6E-01    309 (3.1E-10) 2.4E-01 -2.9244950E+06   129 5.4E+01       c
   306      1  4.1E-01    310 (3.6E-08) 3.0E-01 -2.9244993E+06   129 5.4E+01       c
   307      2  4.6E-01    311 (9.1E-08) 4.0E-01 -2.9245046E+06   130 5.4E+01       c
   308      2  1.8E-01    312 (1.2E-07) 4.7E-01 -2.9245063E+06   129 5.4E+01       c
   309      1  4.1E-01    313 (1.8E-07) 3.2E-01 -2.9245082E+06   129 5.4E+01       c

 Major Minors     Step   nCon Feasible  Optimal  MeritFunction    nS Penalty
   310      1  1.8E-01    314 (1.6E-07) 2.8E-01 -2.9245094E+06   129 5.4E+01       c
   311      1  3.7E-01    315 (8.1E-08) 2.6E-01 -2.9245113E+06   129 5.4E+01   R   c
   312      1  1.0E+00    316 (2.8E-10) 3.3E-01 -2.9245198E+06   129 5.4E+01 s     c
   313      2  1.0E+00    317 (6.6E-11) 3.8E-01 -2.9245308E+06   130 5.4E+01       c
   314      2  4.3E-01    318 (3.1E-10) 2.4E-01 -2.9245324E+06   129 5.4E+01       c
   315      1  4.3E-01    319 (2.8E-10) 2.4E-01 -2.9245344E+06   129 5.4E+01       c
   316      2  3.9E-01    320 (5.4E-08) 3.2E-01 -2.9245349E+06   130 5.4E+01       c
   317      2  6.1E-02    321 (7.2E-08) 2.6E-01 -2.9245350E+06   129 5.4E+01       c
   318      2  2.0E-02    322 (8.3E-08) 3.6E-01 -2.9245351E+06   130 5.4E+01       c
   319      6  4.6E-03    323 (8.5E-08) 9.8E-01 -2.9245351E+06   131 5.4E+01       c
   319     11             323 (8.5E-08) 2.2E-01 -2.9245351E+06   129           r   c

 Major Minors     Step   nCon Feasible  Optimal  MeritFunction    nS Penalty
   320      2  8.5E-03    324 (9.8E-08) 5.8E-01 -2.9245388E+06   130         s     c
   321      1  1.0E+00    325 (2.9E-08) 2.2E-01 -2.9245458E+06   130               c
   322      2  4.1E-01    326 (1.2E-07) 2.2E-01 -2.9245479E+06   131               c
   323      3  4.3E-02    327 (6.0E-07) 8.5E-01 -2.9245479E+06   129               c
   324      2  4.7E-02    328 (1.4E-16) 3.0E-01 -2.9245485E+06   130               c
   324      3             328 (1.4E-16) 2.9E-01 -2.9245485E+06   130           r   c
   325      2  1.3E-01    329  5.3E-06  3.0E-01 -2.9245507E+06   129         s     c
   326      1  1.0E+00    330  1.1E-05  1.2E+00 -2.9245524E+06   129               c
   327      2  1.0E+00    331  7.1E-06  1.9E-01 -2.9245567E+06   130 1.9E-01       c
   328      2  5.4E-02    332  7.0E-06  2.4E+00 -2.9245587E+06   129 1.9E-01       c
   329      1  4.0E-01    333  7.1E-06  8.3E-01 -2.9245612E+06   129 1.9E-01       c

 Major Minors     Step   nCon Feasible  Optimal  MeritFunction    nS Penalty
   330      1  1.5E-01    334  7.5E-06  2.5E+00 -2.9245613E+06   129 1.9E-01       c
   331      1  1.9E-01    335  8.9E-06  1.6E+00 -2.9245616E+06   129 1.9E-01       c
   332      4  5.9E-02    336  1.0E-05  9.1E-01 -2.9245617E+06   132 1.9E-01       c
 
 SNOPTC EXIT  40 -- terminated after numerical difficulties
 SNOPTC INFO  41 -- current point cannot be improved

 Problem name                 CaseStud
 No. of iterations                2577   Objective value     -2.9245651618E+06
 No. of major iterations           332   Linear objective     0.0000000000E+00
 Penalty parameter           1.919E-01   Nonlinear objective -2.9245651618E+06
 No. of calls to funobj         109867   No. of calls to funcon         109867
 Calls with modes 1,2 (known g)    336   Calls with modes 1,2 (known g)    336
 Calls for forward differencing    162   Calls for forward differencing    162
 Calls for central differencing 108864   Calls for central differencing 108864
 No. of superbasics                132   No. of basic nonlinears            33
 No. of degenerate steps             3   Percentage                       0.12
 Max x                     162 1.2E+04   Max pi                      8 3.4E+01
 Max Primal infeas           0 0.0E+00   Max Dual infeas            17 3.2E+01
 Nonlinear constraint violn    8.4E-01
 
 

 Solution printed on file  18
 
 Time for MPS input                             0.00 seconds
 Time for solving problem                    2997.27 seconds
 Time for solution output                       0.01 seconds
 Time for constraint functions               2989.89 seconds
 Time for objective function                    0.00 seconds
