
 ==============================
 S N O P T  7.2-12.3 (Aug 2014)
 ==============================
 
 SNMEMB EXIT 100 -- finished successfully
 SNMEMB INFO 104 -- memory requirements estimated

 ==============================
 S N O P T  7.2-12.3 (Aug 2014)
 ==============================
 
 

 Nonlinear constraints    1091     Linear constraints       0
 Nonlinear variables       162     Linear variables         0
 Jacobian  variables       162     Objective variables    162
 Total constraints        1091     Total variables        162
 

 
 The user has defined       0   out of  176742   constraint gradients.
 The user has defined       0   out of     162   objective  gradients.
 

        Minor   QPmult   nInf   SumInf   rgNorm    QPobjective    nS
          100 -7.3E+00                           6.8317093E+07    93

 Major Minors     Step   nCon Feasible  Optimal  MeritFunction    nS Penalty
     0    106               1  3.6E-02  7.1E-01 -2.7401049E+06    99           r  Tc

 Major Minors     Step   nCon Feasible  Optimal  MeritFunction    nS Penalty
     0    107               1  3.6E-02  7.1E-01 -2.7401049E+06    99           r   c
     1      1  2.4E-03      2  3.5E-02  7.1E-01  1.1447956E+08    99 2.8E+01 n rl  c

        Minor   QPmult   nInf   SumInf   rgNorm    QPobjective    nS
          100 -1.7E+00                  2.5E-11 -2.7147784E+06   128

 Major Minors     Step   nCon Feasible  Optimal  MeritFunction    nS Penalty
     2    109  2.4E-03      3  3.5E-02  1.1E+00  1.2272932E+08   137 3.0E+01 s  l  c
     3     30  1.0E+00      4  7.1E-04  1.0E+00 -2.8632921E+06   128 6.1E+00       c
     4     18  4.7E-01      5  3.7E-04  7.6E-01 -2.8214820E+06   131 6.1E+00       c
     5     12  5.0E-01      6  1.9E-04  1.3E+00 -2.8342160E+06   124 6.1E+00       c
     6     15  4.6E-01      7  1.0E-04  9.3E-01 -2.8514628E+06   122 6.1E+00       c
     7     15  4.3E-01      8  5.7E-05  1.7E+00 -2.8619971E+06   127 6.1E+00       c
     8     12  4.4E-01      9  5.4E-04  1.3E+00 -2.8700285E+06   125 6.1E+00       c
     9     15  4.3E-01     10  3.1E-04  9.5E-01 -2.8752939E+06   124 6.1E+00       c

 Major Minors     Step   nCon Feasible  Optimal  MeritFunction    nS Penalty
    10     14  3.2E-01     11  7.8E-05  1.2E+00 -2.8804065E+06   124 6.1E+00       c
    11     11  4.9E-01     12  4.2E-04  9.7E-01 -2.8857657E+06   126 6.1E+00       c
    12     10  3.7E-01     13  5.2E-04  9.7E-01 -2.8895404E+06   129 6.1E+00   R   c
    13      2  1.0E+00     14  2.4E-04  8.3E-01 -2.8897523E+06   130 6.1E+00 s     c
    14      6  1.0E+00     15  2.9E-04  7.5E-01 -2.8973396E+06   129 6.1E+00       c
    15      7  5.0E-01     16  2.2E-04  7.4E-01 -2.8996580E+06   129 6.1E+00       c
    16      4  1.0E+00     17  5.4E-04  1.2E+00 -2.9007039E+06   128 6.1E+00       c
    17      7  1.0E+00     18  2.2E-04  7.2E-01 -2.9032732E+06   126 6.1E+00       c
    18      5  4.4E-01     19  1.2E-04  7.1E-01 -2.9047920E+06   128 6.1E+00       c
    19      4  4.7E-01     20  6.6E-05  6.3E-01 -2.9058928E+06   127 6.1E+00       c

 Major Minors     Step   nCon Feasible  Optimal  MeritFunction    nS Penalty
    20      6  3.2E-01     21  1.4E-04  5.9E-01 -2.9064872E+06   126 6.1E+00       c
    21      7  1.0E+00     22  1.8E-04  9.2E-01 -2.9066470E+06   128 6.1E+00       c
    22      2  1.0E+00     23  2.9E-04  9.7E-01 -2.9075592E+06   127 6.1E+00       c
    23      5  4.9E-01     24  1.5E-04  6.2E-01 -2.9083091E+06   127 6.1E+00   R   c
    24      2  4.5E-01     25  1.8E-04  1.2E+00 -2.9088299E+06   126 6.1E+00 s     c
    25      2  3.9E-01     26  1.1E-04  8.2E-01 -2.9089022E+06   127 6.1E+00       c
    26      2  1.0E+00     27  2.2E-04  1.3E+00 -2.9091897E+06   128 6.1E+00       c
    27      3  1.7E-01     28  1.8E-04  6.5E-01 -2.9091704E+06   130 6.1E+00       c
    28      4  2.3E-01     29  2.5E-04  1.3E+00 -2.9092252E+06   127 6.1E+00       c
    29      3  2.5E-01     30  1.9E-04  5.5E-01 -2.9092720E+06   129 6.1E+00       c

 Major Minors     Step   nCon Feasible  Optimal  MeritFunction    nS Penalty
    30      2  6.3E-02     31  1.9E-04  1.1E+00 -2.9093257E+06   128 6.1E+00       c
    31      1  2.9E-01     32  1.5E-04  1.2E+00 -2.9093646E+06   128 6.1E+00       c
    32      2  4.3E-01     33  1.5E-04  1.1E+00 -2.9094848E+06   127 6.1E+00       c
    33      3  1.0E+00     34  1.1E-05  1.5E+00 -2.9095383E+06   129 6.1E+00       c
    34      1  1.0E+00     35  6.1E-05  1.2E+00 -2.9098808E+06   129 6.1E+00   R   c
    35      3  1.0E+00     36 (1.8E-16) 1.1E+00 -2.9101939E+06   127 6.1E+00 s     c
    36      2  1.0E+00     37  3.6E-05  9.9E-01 -2.9103975E+06   128 6.1E+00       c
    37      4  1.0E+00     38 (1.2E-15) 1.0E+00 -2.9104995E+06   127 6.1E+00       c
    38      4  1.0E+00     39 (2.1E-16) 9.9E-01 -2.9106791E+06   124 6.1E+00       c
    39      3  1.0E+00     40  1.3E-05  1.2E+00 -2.9107366E+06   126 6.1E+00       c

 Major Minors     Step   nCon Feasible  Optimal  MeritFunction    nS Penalty
    40      4  1.0E+00     41 (1.5E-14) 8.9E-01 -2.9110754E+06   127 6.1E+00       c
    41      3  1.0E+00     42  3.9E-05  1.0E+00 -2.9113651E+06   127 6.1E+00       c
    42      2  1.0E+00     43 (5.9E-16) 7.1E-01 -2.9117307E+06   126 6.1E+00       c
    43      3  1.0E+00     44  5.4E-05  1.2E+00 -2.9120890E+06   126 6.1E+00       c
    44      1  1.0E+00     45 (2.5E-15) 9.4E-01 -2.9126277E+06   126 6.1E+00       c
    45      2  1.0E+00     46 (5.9E-15) 1.2E+00 -2.9135137E+06   125 6.1E+00   R   c
    46      1  1.0E+00     47 (5.6E-16) 1.2E+00 -2.9140778E+06   125 6.1E+00 s     c
    47      1  1.0E+00     48  5.6E-05  9.9E-01 -2.9142488E+06   125 6.1E+00       c
    48      3  1.0E+00     49 (4.7E-16) 8.6E-01 -2.9146749E+06   127 6.1E+00       c
    49      4  1.0E+00     50 (1.5E-14) 1.0E+00 -2.9146784E+06   126 6.1E+00       c

 Major Minors     Step   nCon Feasible  Optimal  MeritFunction    nS Penalty
    50      1  1.0E+00     51 (1.0E-14) 1.0E+00 -2.9155639E+06   126 6.1E+00       c
    51      1  1.0E+00     52  3.1E-05  1.2E+00 -2.9161260E+06   126 6.1E+00       c
    52      4  1.0E+00     53 (1.1E-15) 1.1E+00 -2.9165746E+06   127 6.1E+00       c
    53      4  1.0E+00     54  5.4E-05  9.3E-01 -2.9170019E+06   126 6.1E+00       c
    54      1  1.0E+00     55 (8.2E-15) 1.0E+00 -2.9177892E+06   126 6.1E+00       c
    55      2  1.0E+00     56  2.0E-05  1.2E+00 -2.9184609E+06   127 6.1E+00       c
    56      1  1.0E+00     57 (3.5E-16) 1.1E+00 -2.9191296E+06   127 6.1E+00   R   c
    57      2  1.0E+00     58  3.1E-05  1.1E+00 -2.9196442E+06   128 6.1E+00 s     c
    58      3  1.0E+00     59 (3.8E-16) 1.0E+00 -2.9202415E+06   126 6.1E+00       c
    59      1  1.0E+00     60  1.5E-05  1.3E+00 -2.9208714E+06   126 6.1E+00       c

 Major Minors     Step   nCon Feasible  Optimal  MeritFunction    nS Penalty
    60      4  1.0E+00     61  3.6E-06  4.2E-01 -2.9219667E+06   123 6.1E+00       c
    61      2  1.0E+00     62  5.5E-06  1.6E+00 -2.9233188E+06   124 6.1E+00       c
    62      2  4.3E-01     63  1.1E-05  1.3E+00 -2.9241387E+06   123 6.1E+00       c
    63      3  1.0E+00     64  4.5E-05  9.4E-01 -2.9247637E+06   121 6.1E+00       c
    64      2  1.0E+00     65 (4.1E-15) 8.9E-01 -2.9252892E+06   122 6.1E+00       c
    65      2  1.0E+00     66 (2.2E-13) 8.2E-01 -2.9257657E+06   123 6.1E+00       c
    66      2  1.0E+00     67 (2.1E-13) 8.5E-01 -2.9261317E+06   124 6.1E+00       c
    67      4  1.0E+00     68 (1.4E-15) 7.1E-01 -2.9264637E+06   121 6.1E+00   R   c
    68      2  1.0E+00     69 (1.7E-16) 8.0E-01 -2.9266486E+06   122 6.1E+00 s     c
    69      2  1.0E+00     70  7.9E-06  1.1E+00 -2.9267485E+06   123 6.1E+00       c

 Major Minors     Step   nCon Feasible  Optimal  MeritFunction    nS Penalty
    70      2  1.0E+00     71  1.2E-06  1.4E+00 -2.9269040E+06   122 6.1E+00       c
    71      1  4.6E-01     72  1.2E-05  1.7E+00 -2.9269384E+06   122 6.1E+00       c
    72      1  1.0E+00     73  8.8E-06  1.4E+00 -2.9270319E+06   122 6.1E+00       c
    73      1  1.0E+00     74  6.5E-06  6.8E-01 -2.9270985E+06   122 6.1E+00       c
    74      1  1.0E+00     75 (5.8E-14) 1.3E+00 -2.9271839E+06   122 6.1E+00       c
    75      1  1.0E+00     76  1.1E-05  1.8E+00 -2.9272970E+06   122 6.1E+00       c
    76      1  1.0E+00     77  1.4E-05  1.4E+00 -2.9273604E+06   122 6.1E+00       c
    77      2  1.0E+00     78 (4.4E-15) 1.4E+00 -2.9275623E+06   123 6.1E+00       c
    78      1  4.7E-01     79  9.2E-06  1.4E+00 -2.9276468E+06   123 6.1E+00   R   c
    79      2  4.9E-01     80  6.0E-06  3.2E-01 -2.9277115E+06   124 6.1E+00 s     c

 Major Minors     Step   nCon Feasible  Optimal  MeritFunction    nS Penalty
    80      2  1.0E+00     81 (1.1E-16) 4.2E-01 -2.9277536E+06   123 6.1E+00       c
    81      3  1.0E+00     82 (8.5E-17) 7.8E-01 -2.9277592E+06   123 6.1E+00       c
    82      1  1.0E+00     83  1.3E-06  2.5E-01 -2.9278050E+06   123 6.1E+00       c
    83      1  4.6E-01     84  1.3E-06  2.3E-01 -2.9278241E+06   123 6.1E+00       c
    84      3  1.0E+00     85 (1.6E-07) 3.1E-01 -2.9278433E+06   123 6.1E+00       c
    85      1  1.0E+00     86 (1.2E-16) 3.6E-01 -2.9278663E+06   123 6.1E+00       c
    86      2  1.0E+00     87 (1.3E-16) 2.8E-01 -2.9278908E+06   122 6.1E+00       c
    87      1  1.0E+00     88 (1.4E-14) 2.2E-01 -2.9279072E+06   122 6.1E+00       c
    88      2  1.0E+00     89 (1.5E-07) 2.3E-01 -2.9279299E+06   123 6.1E+00       c
    89      2  1.0E+00     90 (2.7E-07) 2.5E-01 -2.9279560E+06   124 6.1E+00   R   c

 Major Minors     Step   nCon Feasible  Optimal  MeritFunction    nS Penalty
    90      2  1.0E+00     91 (1.4E-16) 2.6E-01 -2.9279800E+06   123 6.1E+00 s     c
    91      1  1.0E+00     92 (8.5E-17) 1.8E-01 -2.9279960E+06   123 6.1E+00       c
    92      1  1.0E+00     93 (2.3E-16) 1.9E-01 -2.9280044E+06   123 6.1E+00       c
    93      1  1.0E+00     94 (1.7E-08) 2.5E-01 -2.9280139E+06   123 6.1E+00       c
    94      1  1.0E+00     95 (2.3E-08) 2.8E-01 -2.9280158E+06   123 6.1E+00       c
    95      1  1.0E+00     96 (4.5E-09) 3.3E-01 -2.9280189E+06   123 6.1E+00       c
    96      1  1.0E+00     97 (8.5E-17) 2.5E-01 -2.9280286E+06   123 6.1E+00       c
    97      1  1.0E+00     98 (2.1E-16) 3.1E-01 -2.9280312E+06   123 6.1E+00       c
    98      1  1.0E+00     99 (8.5E-17) 2.3E-01 -2.9280426E+06   123 6.1E+00       c
    99      1  4.6E-01    100 (2.7E-09) 2.2E-01 -2.9280496E+06   123 6.1E+00       c

 Major Minors     Step   nCon Feasible  Optimal  MeritFunction    nS Penalty
   100      1  1.0E+00    101 (1.2E-16) 2.3E-01 -2.9280575E+06   123 6.1E+00   R   c
   101      1  1.0E+00    102 (8.6E-09) 2.0E-01 -2.9280829E+06   123 6.1E+00 s     c
   102      1  1.0E+00    103 (7.8E-09) 2.5E-01 -2.9280920E+06   123 6.1E+00       c
   103      1  1.0E+00    104 (4.1E-09) 1.5E-01 -2.9281053E+06   123 6.1E+00       c
   104      1  1.0E+00    105 (1.8E-16) 2.3E-01 -2.9281114E+06   123 6.1E+00       c
   105      1  1.0E+00    106 (7.7E-16) 1.7E-01 -2.9281245E+06   123 6.1E+00       c
   106      1  1.0E+00    107 (8.5E-17) 1.8E-01 -2.9281256E+06   123 6.1E+00       c
   107      1  1.0E+00    108 (2.2E-09) 2.1E-01 -2.9281344E+06   123 6.1E+00       c
   108      1  4.5E-01    109 (1.0E-09) 2.1E-01 -2.9281400E+06   123 6.1E+00       c
   109      1  4.2E-01    110 (2.0E-09) 1.9E-01 -2.9281437E+06   123 6.1E+00       c

 Major Minors     Step   nCon Feasible  Optimal  MeritFunction    nS Penalty
   110      1  3.6E-01    111 (2.2E-09) 2.3E-01 -2.9281450E+06   123 6.1E+00       c
   111      1  1.0E+00    112 (5.1E-10) 2.5E-01 -2.9281481E+06   123 6.1E+00   R   c
   112      1  1.0E+00    113 (1.4E-16) 2.7E-01 -2.9281535E+06   123 6.1E+00 s     c
   113      1  1.0E+00    114 (1.3E-16) 1.6E-01 -2.9281622E+06   123 6.1E+00       c
   114      1  5.0E-01    115 (2.6E-16) 1.9E-01 -2.9281651E+06   123 6.1E+00       c
   115      1  1.8E-01    116 (2.1E-16) 1.8E-01 -2.9281663E+06   123 6.1E+00       c
   116      1  3.7E-01    117 (3.6E-16) 2.2E-01 -2.9281680E+06   123 6.1E+00       c
   117      1  4.1E-01    118 (4.3E-16) 2.2E-01 -2.9281693E+06   123 6.1E+00       c
   118      1  1.5E-01    119 (2.5E-16) 2.2E-01 -2.9281697E+06   123 6.1E+00       c
   119      1  1.6E-01    120 (3.2E-16) 2.1E-01 -2.9281703E+06   123 6.1E+00       c

 Major Minors     Step   nCon Feasible  Optimal  MeritFunction    nS Penalty
   120      1  8.0E-02    121 (2.7E-16) 4.9E-01 -2.9281707E+06   123 6.1E+00       c
   121      1  5.7E-03    122 (2.7E-16) 2.1E-01 -2.9281707E+06   123 6.1E+00       c
   121      3             122 (2.7E-16) 1.7E-01 -2.9281707E+06   122           r   c
   122      2  2.7E-02    123 (3.4E-16) 2.1E-01 -2.9281716E+06   123         s     c
   123      1  3.9E-01    124 (2.7E-07) 1.9E-01 -2.9281718E+06   123               c
   124      1  2.9E-01    125 (1.8E-16) 1.1E+00 -2.9281729E+06   123               c
   124      2             125 (1.8E-16) 8.1E-01 -2.9281729E+06   123           r   c
   125      1  1.0E+00    126  3.4E-05  9.3E-01 -2.9281861E+06   123         s     c
   126      2  1.0E+00    127  9.2E-06  1.4E+00 -2.9281590E+06   124 9.4E+00       c
   127      2  4.7E-01    128  7.6E-06  5.2E-01 -2.9281733E+06   123 3.1E+00       c
 
 SNOPTC EXIT  40 -- terminated after numerical difficulties
 SNOPTC INFO  41 -- current point cannot be improved

 Problem name                 CaseStud
 No. of iterations                 610   Objective value     -2.9281903001E+06
 No. of major iterations           127   Linear objective     0.0000000000E+00
 Penalty parameter           3.060E+00   Nonlinear objective -2.9281903001E+06
 No. of calls to funobj          41993   No. of calls to funcon          41993
 Calls with modes 1,2 (known g)    128   Calls with modes 1,2 (known g)    128
 Calls for forward differencing    162   Calls for forward differencing    162
 Calls for central differencing  41472   Calls for central differencing  41472
 No. of superbasics                123   No. of basic nonlinears            39
 No. of degenerate steps             4   Percentage                       0.66
 Max x                     162 1.2E+04   Max pi                    152 3.0E+01
 Max Primal infeas           0 0.0E+00   Max Dual infeas            38 1.6E+01
 Nonlinear constraint violn    6.1E-01
 
 

 Solution printed on file  18
 
 Time for MPS input                             0.00 seconds
 Time for solving problem                    1138.58 seconds
 Time for solution output                       0.01 seconds
 Time for constraint functions               1138.75 seconds
 Time for objective function                    0.00 seconds
